Using pre-set license
Built from '2021.3/staging' branch; Version is '2021.3.16f1 (4016570cf34f) revision 4200023'; Using compiler version '192829333'; Build Type 'Release'
OS: 'Windows 10  (10.0.19045) 64bit Professional' Language: 'pt' Physical Memory: 16089 MB
BatchMode: 1, IsHumanControllingUs: 0, StartBugReporterOnCrash: 0, Is64bit: 1, IsPro: 1

COMMAND LINE ARGUMENTS:
C:\Program Files\Unity\Hub\Editor\2021.3.16f1\Editor\Unity.exe
-adb2
-batchMode
-noUpm
-name
AssetImportWorker12
-projectPath
C:/Users/ra00331197/Desktop/TrabalhoVince/MegamanRemix
-logFile
Logs/AssetImportWorker12.log
-srvPort
50303
Successfully changed project path to: C:/Users/ra00331197/Desktop/TrabalhoVince/MegamanRemix
C:/Users/ra00331197/Desktop/TrabalhoVince/MegamanRemix
[UnityMemory] Configuration Parameters - Can be set up in boot.config
    "memorysetup-bucket-allocator-granularity=16"
    "memorysetup-bucket-allocator-bucket-count=8"
    "memorysetup-bucket-allocator-block-size=33554432"
    "memorysetup-bucket-allocator-block-count=8"
    "memorysetup-main-allocator-block-size=16777216"
    "memorysetup-thread-allocator-block-size=16777216"
    "memorysetup-gfx-main-allocator-block-size=16777216"
    "memorysetup-gfx-thread-allocator-block-size=16777216"
    "memorysetup-cache-allocator-block-size=4194304"
    "memorysetup-typetree-allocator-block-size=2097152"
    "memorysetup-profiler-bucket-allocator-granularity=16"
    "memorysetup-profiler-bucket-allocator-bucket-count=8"
    "memorysetup-profiler-bucket-allocator-block-size=33554432"
    "memorysetup-profiler-bucket-allocator-block-count=8"
    "memorysetup-profiler-allocator-block-size=16777216"
    "memorysetup-profiler-editor-allocator-block-size=1048576"
    "memorysetup-temp-allocator-size-main=16777216"
    "memorysetup-job-temp-allocator-block-size=2097152"
    "memorysetup-job-temp-allocator-block-size-background=1048576"
    "memorysetup-job-temp-allocator-reduction-small-platforms=262144"
    "memorysetup-temp-allocator-size-background-worker=32768"
    "memorysetup-temp-allocator-size-job-worker=262144"
    "memorysetup-temp-allocator-size-preload-manager=33554432"
    "memorysetup-temp-allocator-size-nav-mesh-worker=65536"
    "memorysetup-temp-allocator-size-audio-worker=65536"
    "memorysetup-temp-allocator-size-cloud-worker=32768"
    "memorysetup-temp-allocator-size-gi-baking-worker=262144"
    "memorysetup-temp-allocator-size-gfx=262144"
Player connection [30716] Host "[IP] 172.17.11.11 [Port] 0 [Flags] 2 [Guid] 3055287509 [EditorId] 3055287509 [Version] 1048832 [Id] WindowsEditor(7,DSP-BRJ3055CHP) [Debug] 1 [PackageName] WindowsEditor [ProjectName] Editor" joined multi-casting on [225.0.0.222:54997]...

Player connection [30716] Host "[IP] 172.17.11.11 [Port] 0 [Flags] 2 [Guid] 3055287509 [EditorId] 3055287509 [Version] 1048832 [Id] WindowsEditor(7,DSP-BRJ3055CHP) [Debug] 1 [PackageName] WindowsEditor [ProjectName] Editor" joined alternative multi-casting on [225.0.0.222:34997]...

Refreshing native plugins compatible for Editor in 157.46 ms, found 4 plugins.
Preloading 0 native plugins for Editor in 0.00 ms.
Initialize engine version: 2021.3.16f1 (4016570cf34f)
[Subsystems] Discovering subsystems at path C:/Program Files/Unity/Hub/Editor/2021.3.16f1/Editor/Data/Resources/UnitySubsystems
[Subsystems] Discovering subsystems at path C:/Users/ra00331197/Desktop/TrabalhoVince/MegamanRemix/Assets
GfxDevice: creating device client; threaded=0; jobified=0
Direct3D:
    Version:  Direct3D 11.0 [level 11.1]
    Renderer: NVIDIA T400 4GB (ID=0x1ff2)
    Vendor:   NVIDIA
    VRAM:     3970 MB
    Driver:   30.0.15.1165
Initialize mono
Mono path[0] = 'C:/Program Files/Unity/Hub/Editor/2021.3.16f1/Editor/Data/Managed'
Mono path[1] = 'C:/Program Files/Unity/Hub/Editor/2021.3.16f1/Editor/Data/MonoBleedingEdge/lib/mono/unityjit-win32'
Mono config path = 'C:/Program Files/Unity/Hub/Editor/2021.3.16f1/Editor/Data/MonoBleedingEdge/etc'
Using monoOptions --debugger-agent=transport=dt_socket,embedding=1,server=y,suspend=n,address=127.0.0.1:56364
Begin MonoManager ReloadAssembly
Registering precompiled unity dll's ...
Register platform support module: C:/Program Files/Unity/Hub/Editor/2021.3.16f1/Editor/Data/PlaybackEngines/AndroidPlayer/UnityEditor.Android.Extensions.dll
Register platform support module: C:/Program Files/Unity/Hub/Editor/2021.3.16f1/Editor/Data/PlaybackEngines/iOSSupport/UnityEditor.iOS.Extensions.dll
Register platform support module: C:/Program Files/Unity/Hub/Editor/2021.3.16f1/Editor/Data/PlaybackEngines/WindowsStandaloneSupport/UnityEditor.WindowsStandalone.Extensions.dll
Registered in 0.013228 seconds.
Native extension for WindowsStandalone target not found
[usbmuxd] Start listen thread
Native extension for iOS target not found
Native extension for Android target not found
[usbmuxd] Listen thread started
Refreshing native plugins compatible for Editor in 115.11 ms, found 4 plugins.
Preloading 0 native plugins for Editor in 0.00 ms.
Mono: successfully reloaded assembly
- Completed reload, in  0.974 seconds
Domain Reload Profiling:
	ReloadAssembly (975ms)
		BeginReloadAssembly (51ms)
			ExecutionOrderSort (0ms)
			DisableScriptedObjects (0ms)
			BackupInstance (0ms)
			ReleaseScriptingObjects (0ms)
			CreateAndSetChildDomain (1ms)
		EndReloadAssembly (730ms)
			LoadAssemblies (51ms)
			RebuildTransferFunctionScriptingTraits (0ms)
			SetupTypeCache (154ms)
			ReleaseScriptCaches (0ms)
			RebuildScriptCaches (35ms)
			SetupLoadedEditorAssemblies (461ms)
				LogAssemblyErrors (0ms)
				InitializePlatformSupportModulesInManaged (108ms)
				SetLoadedEditorAssemblies (0ms)
				RefreshPlugins (115ms)
				BeforeProcessingInitializeOnLoad (1ms)
				ProcessInitializeOnLoadAttributes (152ms)
				ProcessInitializeOnLoadMethodAttributes (84ms)
				AfterProcessingInitializeOnLoad (0ms)
				EditorAssembliesLoaded (0ms)
			ExecutionOrderSort2 (0ms)
			AwakeInstancesAfterBackupRestoration (0ms)
Platform modules already initialized, skipping
Registering precompiled user dll's ...
Registered in 0.006600 seconds.
Begin MonoManager ReloadAssembly
Symbol file LoadedFromMemory is not a mono symbol file
Native extension for WindowsStandalone target not found
Native extension for iOS target not found
Native extension for Android target not found
Refreshing native plugins compatible for Editor in 76.98 ms, found 4 plugins.
Preloading 0 native plugins for Editor in 0.00 ms.
Mono: successfully reloaded assembly
- Completed reload, in  1.440 seconds
Domain Reload Profiling:
	ReloadAssembly (1441ms)
		BeginReloadAssembly (190ms)
			ExecutionOrderSort (0ms)
			DisableScriptedObjects (6ms)
			BackupInstance (0ms)
			ReleaseScriptingObjects (0ms)
			CreateAndSetChildDomain (125ms)
		EndReloadAssembly (1120ms)
			LoadAssemblies (58ms)
			RebuildTransferFunctionScriptingTraits (0ms)
			SetupTypeCache (229ms)
			ReleaseScriptCaches (0ms)
			RebuildScriptCaches (62ms)
			SetupLoadedEditorAssemblies (685ms)
				LogAssemblyErrors (0ms)
				InitializePlatformSupportModulesInManaged (49ms)
				SetLoadedEditorAssemblies (0ms)
				RefreshPlugins (77ms)
				BeforeProcessingInitializeOnLoad (78ms)
				ProcessInitializeOnLoadAttributes (318ms)
				ProcessInitializeOnLoadMethodAttributes (158ms)
				AfterProcessingInitializeOnLoad (4ms)
				EditorAssembliesLoaded (0ms)
			ExecutionOrderSort2 (0ms)
			AwakeInstancesAfterBackupRestoration (6ms)
Platform modules already initialized, skipping
========================================================================
Worker process is ready to serve import requests
Launched and connected shader compiler UnityShaderCompiler.exe after 0.04 seconds
Refreshing native plugins compatible for Editor in 0.91 ms, found 4 plugins.
Preloading 0 native plugins for Editor in 0.00 ms.
Unloading 2727 Unused Serialized files (Serialized files now loaded: 0)
Unloading 67 unused Assets / (61.1 KB). Loaded Objects now: 3199.
Memory consumption went from 105.4 MB to 105.3 MB.
Total: 4.853700 ms (FindLiveObjects: 0.148600 ms CreateObjectMapping: 0.070500 ms MarkObjects: 4.547900 ms  DeleteObjects: 0.085000 ms)

AssetImportParameters requested are different than current active one (requested -> active):
  custom:video-decoder-ogg-theora: a1e56fd34408186e4bbccfd4996cb3dc -> 
  custom:container-muxer-webm: aa71ff27fc2769a1b78a27578f13a17b -> 
  custom:container-demuxer-webm: 4f35f7cbe854078d1ac9338744f61a02 -> 
  custom:video-encoder-webm-vp8: eb34c28f22e8b96e1ab97ce403110664 -> 
  custom:audio-encoder-webm-vorbis: bf7c407c2cedff20999df2af8eb42d56 -> 
  custom:framework-win-MediaFoundation: 216162199b28c13a410421893ffa2e32 -> 
  custom:container-demuxer-ogg: 62fdf1f143b41e24485cea50d1cbac27 -> 
  custom:video-decoder-webm-vp8: 9c59270c3fd7afecdb556c50c9e8de78 -> 
  custom:audio-decoder-ogg-vorbis: bf7c407c2cedff20999df2af8eb42d56 -> 
========================================================================
Received Import Request.
  Time since last request: 2943.934908 seconds.
  path: Assets/Pixel2DCastleTileset/Sprites/env_objects_55.asset
  artifactKey: Guid(569cb01f76555f1419e41c829c7a1a26) Importer(815301076,1909f56bfc062723c751e8b465ee728b)
Start importing Assets/Pixel2DCastleTileset/Sprites/env_objects_55.asset using Guid(569cb01f76555f1419e41c829c7a1a26) Importer(815301076,1909f56bfc062723c751e8b465ee728b)  -> (artifact id: 'a41214832f840b4015ce315bfb2ec8ea') in 0.087277 seconds 
========================================================================
Received Import Request.
  Time since last request: 0.000024 seconds.
  path: Assets/Pixel2DCastleTileset/Sprites/env_objects_92.asset
  artifactKey: Guid(6223f51f95e30a445b65c39a1c609f70) Importer(815301076,1909f56bfc062723c751e8b465ee728b)
Start importing Assets/Pixel2DCastleTileset/Sprites/env_objects_92.asset using Guid(6223f51f95e30a445b65c39a1c609f70) Importer(815301076,1909f56bfc062723c751e8b465ee728b)  -> (artifact id: '0f1b51fa5e267542f6fe6bbd48bb9289') in 0.014868 seconds 
========================================================================
Received Import Request.
  Time since last request: 0.000039 seconds.
  path: Assets/Pixel2DCastleTileset/Sprites/env_objects_72.asset
  artifactKey: Guid(92b63311a492f8b4fa4bfe9223f07cbb) Importer(815301076,1909f56bfc062723c751e8b465ee728b)
Start importing Assets/Pixel2DCastleTileset/Sprites/env_objects_72.asset using Guid(92b63311a492f8b4fa4bfe9223f07cbb) Importer(815301076,1909f56bfc062723c751e8b465ee728b)  -> (artifact id: '94e597fb36e3bd249c667452e643b785') in 0.025197 seconds 
========================================================================
Received Import Request.
  Time since last request: 0.000027 seconds.
  path: Assets/Pixel2DCastleTileset/Sprites/env_objects_77.asset
  artifactKey: Guid(94d040fbaa497a149906cbc5adab949e) Importer(815301076,1909f56bfc062723c751e8b465ee728b)
Start importing Assets/Pixel2DCastleTileset/Sprites/env_objects_77.asset using Guid(94d040fbaa497a149906cbc5adab949e) Importer(815301076,1909f56bfc062723c751e8b465ee728b)  -> (artifact id: '8436e5bd8e93aa0280332ae880b9bcf6') in 0.018635 seconds 
========================================================================
Received Import Request.
  Time since last request: 0.000027 seconds.
  path: Assets/Pixel2DCastleTileset/Sprites/env_objects_69.asset
  artifactKey: Guid(046eda999ef354e4d8b4dad79fae84d4) Importer(815301076,1909f56bfc062723c751e8b465ee728b)
Start importing Assets/Pixel2DCastleTileset/Sprites/env_objects_69.asset using Guid(046eda999ef354e4d8b4dad79fae84d4) Importer(815301076,1909f56bfc062723c751e8b465ee728b)  -> (artifact id: '5def696911cedc619ae088de6d9f5e87') in 0.020840 seconds 
========================================================================
Received Import Request.
  Time since last request: 0.000015 seconds.
  path: Assets/Pixel2DCastleTileset/Sprites/env_objects_63.asset
  artifactKey: Guid(4d27489ead8d22249bad300d499c4f3b) Importer(815301076,1909f56bfc062723c751e8b465ee728b)
Start importing Assets/Pixel2DCastleTileset/Sprites/env_objects_63.asset using Guid(4d27489ead8d22249bad300d499c4f3b) Importer(815301076,1909f56bfc062723c751e8b465ee728b)  -> (artifact id: '742365aed7b73fd74f89f8d14e18b818') in 0.017314 seconds 
========================================================================
Received Import Request.
  Time since last request: 0.000022 seconds.
  path: Assets/Pixel2DCastleTileset/Sprites/env_objects_75.asset
  artifactKey: Guid(e6925d5ce05a6864da312b69dd4372d7) Importer(815301076,1909f56bfc062723c751e8b465ee728b)
Start importing Assets/Pixel2DCastleTileset/Sprites/env_objects_75.asset using Guid(e6925d5ce05a6864da312b69dd4372d7) Importer(815301076,1909f56bfc062723c751e8b465ee728b)  -> (artifact id: '6528de11eb9adfb398a2aee223b69a3d') in 0.019558 seconds 
========================================================================
Received Import Request.
  Time since last request: 0.000025 seconds.
  path: Assets/Pixel2DCastleTileset/Sprites/env_objects_65.asset
  artifactKey: Guid(c349e316138b5c64a82a43464c2a7b1c) Importer(815301076,1909f56bfc062723c751e8b465ee728b)
Start importing Assets/Pixel2DCastleTileset/Sprites/env_objects_65.asset using Guid(c349e316138b5c64a82a43464c2a7b1c) Importer(815301076,1909f56bfc062723c751e8b465ee728b)  -> (artifact id: '294b11b154cfabd50ade3625a6917c13') in 0.033847 seconds 
========================================================================
Received Import Request.
  Time since last request: 0.812577 seconds.
  path: Assets/Pixel2DCastleTileset/Sprites/env_objects_100.asset
  artifactKey: Guid(9cc4773a1b091864e8b901ee2e0a1e45) Importer(815301076,1909f56bfc062723c751e8b465ee728b)
Start importing Assets/Pixel2DCastleTileset/Sprites/env_objects_100.asset using Guid(9cc4773a1b091864e8b901ee2e0a1e45) Importer(815301076,1909f56bfc062723c751e8b465ee728b)  -> (artifact id: '7b857daa256650c5f9e264c4e1934d28') in 0.033759 seconds 
========================================================================
Received Import Request.
  Time since last request: 0.000022 seconds.
  path: Assets/Pixel2DCastleTileset/Sprites/env_objects_108.asset
  artifactKey: Guid(3029e4945eee2534e99cd81532ce6e3a) Importer(815301076,1909f56bfc062723c751e8b465ee728b)
Start importing Assets/Pixel2DCastleTileset/Sprites/env_objects_108.asset using Guid(3029e4945eee2534e99cd81532ce6e3a) Importer(815301076,1909f56bfc062723c751e8b465ee728b)  -> (artifact id: 'c34ff4f3ba0b085b3b92be496ad4ad4e') in 0.019875 seconds 
========================================================================
Received Import Request.
  Time since last request: 0.000019 seconds.
  path: Assets/Pixel2DCastleTileset/Sprites/env_objects_111.asset
  artifactKey: Guid(30e6181ea36a06c4c9c47d067346ed13) Importer(815301076,1909f56bfc062723c751e8b465ee728b)
Start importing Assets/Pixel2DCastleTileset/Sprites/env_objects_111.asset using Guid(30e6181ea36a06c4c9c47d067346ed13) Importer(815301076,1909f56bfc062723c751e8b465ee728b)  -> (artifact id: 'c20249b0b8f08db0e959cf1e231f1418') in 0.027896 seconds 
========================================================================
Received Import Request.
  Time since last request: 0.000020 seconds.
  path: Assets/Pixel2DCastleTileset/Sprites/env_objects_126.asset
  artifactKey: Guid(6d0a57f123f823a45b87e1eda3b49f95) Importer(815301076,1909f56bfc062723c751e8b465ee728b)
Start importing Assets/Pixel2DCastleTileset/Sprites/env_objects_126.asset using Guid(6d0a57f123f823a45b87e1eda3b49f95) Importer(815301076,1909f56bfc062723c751e8b465ee728b)  -> (artifact id: '6059499f636912d074f31c8bdfe0e3f4') in 0.018020 seconds 
========================================================================
Received Import Request.
  Time since last request: 0.000348 seconds.
  path: Assets/Pixel2DCastleTileset/Sprites/env_objects_125.asset
  artifactKey: Guid(37e2e6a36d30e694bb90bcacad58d153) Importer(815301076,1909f56bfc062723c751e8b465ee728b)
Start importing Assets/Pixel2DCastleTileset/Sprites/env_objects_125.asset using Guid(37e2e6a36d30e694bb90bcacad58d153) Importer(815301076,1909f56bfc062723c751e8b465ee728b)  -> (artifact id: '0e7a237d8da2ae2caa9cd3517afd9d6f') in 0.029402 seconds 
========================================================================
Received Import Request.
  Time since last request: 1.543950 seconds.
  path: Assets/Pixel2DCastleTileset/Sprites/env_objects_130.asset
  artifactKey: Guid(ce55a3803ef9f1d43b81dd078fc530ac) Importer(815301076,1909f56bfc062723c751e8b465ee728b)
Start importing Assets/Pixel2DCastleTileset/Sprites/env_objects_130.asset using Guid(ce55a3803ef9f1d43b81dd078fc530ac) Importer(815301076,1909f56bfc062723c751e8b465ee728b)  -> (artifact id: 'b48d14c3e4d455812fa89bb4aa2baf2f') in 0.027993 seconds 
========================================================================
Received Import Request.
  Time since last request: 0.000019 seconds.
  path: Assets/Pixel2DCastleTileset/Sprites/env_objects_142.asset
  artifactKey: Guid(fab321fea0522a740ac1a15e8cdefe04) Importer(815301076,1909f56bfc062723c751e8b465ee728b)
Start importing Assets/Pixel2DCastleTileset/Sprites/env_objects_142.asset using Guid(fab321fea0522a740ac1a15e8cdefe04) Importer(815301076,1909f56bfc062723c751e8b465ee728b)  -> (artifact id: 'c18a1c9443a649089b70cc9dd310e407') in 0.024723 seconds 
========================================================================
Received Import Request.
  Time since last request: 0.000034 seconds.
  path: Assets/Pixel2DCastleTileset/Sprites/env_objects_151.asset
  artifactKey: Guid(ef1124dff7bf60f47918d2ff694f03c0) Importer(815301076,1909f56bfc062723c751e8b465ee728b)
Start importing Assets/Pixel2DCastleTileset/Sprites/env_objects_151.asset using Guid(ef1124dff7bf60f47918d2ff694f03c0) Importer(815301076,1909f56bfc062723c751e8b465ee728b)  -> (artifact id: '7305a7af8ac9bd8fc88b0f5297be903c') in 0.028832 seconds 
========================================================================
Received Import Request.
  Time since last request: 0.000023 seconds.
  path: Assets/Pixel2DCastleTileset/Sprites/env_objects_157.asset
  artifactKey: Guid(d49d625aa3218e543af96719d874f9fe) Importer(815301076,1909f56bfc062723c751e8b465ee728b)
Start importing Assets/Pixel2DCastleTileset/Sprites/env_objects_157.asset using Guid(d49d625aa3218e543af96719d874f9fe) Importer(815301076,1909f56bfc062723c751e8b465ee728b)  -> (artifact id: '001ca33c6e0c22225e17f27a4b4f9618') in 0.019041 seconds 
========================================================================
Received Import Request.
  Time since last request: 0.000015 seconds.
  path: Assets/Pixel2DCastleTileset/Sprites/env_objects_154.asset
  artifactKey: Guid(3c879e2dd4d0c7240a962532197d723e) Importer(815301076,1909f56bfc062723c751e8b465ee728b)
Start importing Assets/Pixel2DCastleTileset/Sprites/env_objects_154.asset using Guid(3c879e2dd4d0c7240a962532197d723e) Importer(815301076,1909f56bfc062723c751e8b465ee728b)  -> (artifact id: '921ab94b9cd69c0db3beb1eb1a0506d7') in 0.021544 seconds 
========================================================================
Received Import Request.
  Time since last request: 0.000017 seconds.
  path: Assets/Pixel2DCastleTileset/Sprites/env_objects_147.asset
  artifactKey: Guid(1203a44e9a9274d4baf5041055fde5a8) Importer(815301076,1909f56bfc062723c751e8b465ee728b)
Start importing Assets/Pixel2DCastleTileset/Sprites/env_objects_147.asset using Guid(1203a44e9a9274d4baf5041055fde5a8) Importer(815301076,1909f56bfc062723c751e8b465ee728b)  -> (artifact id: '0bcddab1f3e2e7d2c84ab20d1a48fd3c') in 0.022132 seconds 
========================================================================
Received Import Request.
  Time since last request: 0.297804 seconds.
  path: Assets/Pixel2DCastleTileset/Sprites/env_objects_160.asset
  artifactKey: Guid(46ddf99b4dfb51947b5db242e80aef7a) Importer(815301076,1909f56bfc062723c751e8b465ee728b)
Start importing Assets/Pixel2DCastleTileset/Sprites/env_objects_160.asset using Guid(46ddf99b4dfb51947b5db242e80aef7a) Importer(815301076,1909f56bfc062723c751e8b465ee728b)  -> (artifact id: '3d54a5d3fe6f7f84e020566172288611') in 0.037919 seconds 
========================================================================
Received Import Request.
  Time since last request: 0.000016 seconds.
  path: Assets/Pixel2DCastleTileset/Sprites/env_objects_178.asset
  artifactKey: Guid(26124dbe393009d4e8bad0afc59d96cb) Importer(815301076,1909f56bfc062723c751e8b465ee728b)
Start importing Assets/Pixel2DCastleTileset/Sprites/env_objects_178.asset using Guid(26124dbe393009d4e8bad0afc59d96cb) Importer(815301076,1909f56bfc062723c751e8b465ee728b)  -> (artifact id: '620906d4bb2f91ace52e9dfbf7d0a2dc') in 0.031568 seconds 
========================================================================
Received Import Request.
  Time since last request: 0.006984 seconds.
  path: Assets/Pixel2DCastleTileset/Sprites/env_objects_165.asset
  artifactKey: Guid(bc5af76a04c75894f8c4231d9562de02) Importer(815301076,1909f56bfc062723c751e8b465ee728b)
Start importing Assets/Pixel2DCastleTileset/Sprites/env_objects_165.asset using Guid(bc5af76a04c75894f8c4231d9562de02) Importer(815301076,1909f56bfc062723c751e8b465ee728b)  -> (artifact id: 'bfc39b22a3fca3673d57aa5908d5193f') in 0.027291 seconds 
========================================================================
Received Import Request.
  Time since last request: 0.000017 seconds.
  path: Assets/Pixel2DCastleTileset/Sprites/env_objects_172.asset
  artifactKey: Guid(e564d89da41d7fa4aab3e680cd649ee3) Importer(815301076,1909f56bfc062723c751e8b465ee728b)
Start importing Assets/Pixel2DCastleTileset/Sprites/env_objects_172.asset using Guid(e564d89da41d7fa4aab3e680cd649ee3) Importer(815301076,1909f56bfc062723c751e8b465ee728b)  -> (artifact id: 'f90433ffcb1668faa22dd6b36ddb1d83') in 0.018311 seconds 
========================================================================
Received Import Request.
  Time since last request: 0.000013 seconds.
  path: Assets/Pixel2DCastleTileset/Sprites/env_objects_169.asset
  artifactKey: Guid(8489e642998250c43a125b705378c96e) Importer(815301076,1909f56bfc062723c751e8b465ee728b)
Start importing Assets/Pixel2DCastleTileset/Sprites/env_objects_169.asset using Guid(8489e642998250c43a125b705378c96e) Importer(815301076,1909f56bfc062723c751e8b465ee728b)  -> (artifact id: '91a641e767ef82005ff5121641ec9334') in 0.018373 seconds 
========================================================================
Received Import Request.
  Time since last request: 0.353617 seconds.
  path: Assets/Pixel2DCastleTileset/Sprites/env_objects_190.asset
  artifactKey: Guid(0143430a860e647449fdfad118d08471) Importer(815301076,1909f56bfc062723c751e8b465ee728b)
Start importing Assets/Pixel2DCastleTileset/Sprites/env_objects_190.asset using Guid(0143430a860e647449fdfad118d08471) Importer(815301076,1909f56bfc062723c751e8b465ee728b)  -> (artifact id: '1b02284da16ff752f34af01275f7d3fd') in 0.029902 seconds 
========================================================================
Received Import Request.
  Time since last request: 0.000027 seconds.
  path: Assets/Pixel2DCastleTileset/Sprites/env_objects_199.asset
  artifactKey: Guid(cbcb1d27d930c2046832cd5d54996464) Importer(815301076,1909f56bfc062723c751e8b465ee728b)
Start importing Assets/Pixel2DCastleTileset/Sprites/env_objects_199.asset using Guid(cbcb1d27d930c2046832cd5d54996464) Importer(815301076,1909f56bfc062723c751e8b465ee728b)  -> (artifact id: 'bc1679752cc5ff8499cdc8b6a174c156') in 0.035183 seconds 
========================================================================
Received Import Request.
  Time since last request: 0.287686 seconds.
  path: Assets/Pixel2DCastleTileset/Sprites/env_objects_205.asset
  artifactKey: Guid(8403142d5f0af70498babceea29bf2eb) Importer(815301076,1909f56bfc062723c751e8b465ee728b)
Start importing Assets/Pixel2DCastleTileset/Sprites/env_objects_205.asset using Guid(8403142d5f0af70498babceea29bf2eb) Importer(815301076,1909f56bfc062723c751e8b465ee728b)  -> (artifact id: 'ac965f5b86851254451051ee7fe944b6') in 0.025846 seconds 
========================================================================
Received Import Request.
  Time since last request: 0.000023 seconds.
  path: Assets/Pixel2DCastleTileset/Sprites/env_objects_227.asset
  artifactKey: Guid(e6c655366670f324cadd83dbd9ee87ea) Importer(815301076,1909f56bfc062723c751e8b465ee728b)
Start importing Assets/Pixel2DCastleTileset/Sprites/env_objects_227.asset using Guid(e6c655366670f324cadd83dbd9ee87ea) Importer(815301076,1909f56bfc062723c751e8b465ee728b)  -> (artifact id: '0b80e417b8ee9328c9130db199633404') in 0.026502 seconds 
========================================================================
Received Import Request.
  Time since last request: 0.000025 seconds.
  path: Assets/Pixel2DCastleTileset/Sprites/env_objects_235.asset
  artifactKey: Guid(355b46ef0682aae4294d44cedd58e5f9) Importer(815301076,1909f56bfc062723c751e8b465ee728b)
Start importing Assets/Pixel2DCastleTileset/Sprites/env_objects_235.asset using Guid(355b46ef0682aae4294d44cedd58e5f9) Importer(815301076,1909f56bfc062723c751e8b465ee728b)  -> (artifact id: '791b4b0cb820b81604c59631b2f3230a') in 0.026117 seconds 
========================================================================
Received Import Request.
  Time since last request: 0.000022 seconds.
  path: Assets/Pixel2DCastleTileset/Sprites/env_objects_228.asset
  artifactKey: Guid(89b1fd754aa83b946a121e2b2b0e46a4) Importer(815301076,1909f56bfc062723c751e8b465ee728b)
Start importing Assets/Pixel2DCastleTileset/Sprites/env_objects_228.asset using Guid(89b1fd754aa83b946a121e2b2b0e46a4) Importer(815301076,1909f56bfc062723c751e8b465ee728b)  -> (artifact id: 'ab3f166df6308567d29fea0e3608e7f8') in 0.029498 seconds 
========================================================================
Received Import Request.
  Time since last request: 0.000025 seconds.
  path: Assets/Pixel2DCastleTileset/Sprites/env_objects_259.asset
  artifactKey: Guid(aad440331129f9e4b8dba5b9fc36d9e9) Importer(815301076,1909f56bfc062723c751e8b465ee728b)
Start importing Assets/Pixel2DCastleTileset/Sprites/env_objects_259.asset using Guid(aad440331129f9e4b8dba5b9fc36d9e9) Importer(815301076,1909f56bfc062723c751e8b465ee728b)  -> (artifact id: 'cad78616c85fac011d0cd948e048c2c7') in 0.029056 seconds 
========================================================================
Received Import Request.
  Time since last request: 0.000025 seconds.
  path: Assets/Pixel2DCastleTileset/Sprites/env_objects_290.asset
  artifactKey: Guid(3c6cb070aa761db4390298586eea3d90) Importer(815301076,1909f56bfc062723c751e8b465ee728b)
Start importing Assets/Pixel2DCastleTileset/Sprites/env_objects_290.asset using Guid(3c6cb070aa761db4390298586eea3d90) Importer(815301076,1909f56bfc062723c751e8b465ee728b)  -> (artifact id: 'cc4cf53ad6cd2845d61ae85aac84b54c') in 0.025627 seconds 
========================================================================
Received Import Request.
  Time since last request: 0.000023 seconds.
  path: Assets/Pixel2DCastleTileset/Sprites/env_objects_274.asset
  artifactKey: Guid(459539e316e9e5a48a668128c21468e0) Importer(815301076,1909f56bfc062723c751e8b465ee728b)
Start importing Assets/Pixel2DCastleTileset/Sprites/env_objects_274.asset using Guid(459539e316e9e5a48a668128c21468e0) Importer(815301076,1909f56bfc062723c751e8b465ee728b)  -> (artifact id: '341531ca49e723000484b06d99484984') in 0.024938 seconds 
========================================================================
Received Import Request.
  Time since last request: 0.000029 seconds.
  path: Assets/Pixel2DCastleTileset/Sprites/env_objects_221.asset
  artifactKey: Guid(f4fb9813f6006de47ae8cb6463f38db6) Importer(815301076,1909f56bfc062723c751e8b465ee728b)
Start importing Assets/Pixel2DCastleTileset/Sprites/env_objects_221.asset using Guid(f4fb9813f6006de47ae8cb6463f38db6) Importer(815301076,1909f56bfc062723c751e8b465ee728b)  -> (artifact id: 'fc9338eab89dc361c706430da415c65e') in 0.018192 seconds 
========================================================================
Received Import Request.
  Time since last request: 0.000025 seconds.
  path: Assets/Pixel2DCastleTileset/Sprites/env_objects_243.asset
  artifactKey: Guid(99f593ec00683464388d96b76e6959d4) Importer(815301076,1909f56bfc062723c751e8b465ee728b)
Start importing Assets/Pixel2DCastleTileset/Sprites/env_objects_243.asset using Guid(99f593ec00683464388d96b76e6959d4) Importer(815301076,1909f56bfc062723c751e8b465ee728b)  -> (artifact id: 'a03c51905b8599ebb6f524cba910b96f') in 0.015600 seconds 
========================================================================
Received Import Request.
  Time since last request: 0.000021 seconds.
  path: Assets/Pixel2DCastleTileset/Sprites/env_objects_288.asset
  artifactKey: Guid(baaa4db2195346246a91922859326fe1) Importer(815301076,1909f56bfc062723c751e8b465ee728b)
Start importing Assets/Pixel2DCastleTileset/Sprites/env_objects_288.asset using Guid(baaa4db2195346246a91922859326fe1) Importer(815301076,1909f56bfc062723c751e8b465ee728b)  -> (artifact id: '48fa0498e79ff1d67bb6507ec7fd4c81') in 0.015102 seconds 
========================================================================
Received Import Request.
  Time since last request: 0.000015 seconds.
  path: Assets/Pixel2DCastleTileset/Sprites/env_objects_292.asset
  artifactKey: Guid(68b112575c63667498363192b23f5fad) Importer(815301076,1909f56bfc062723c751e8b465ee728b)
Start importing Assets/Pixel2DCastleTileset/Sprites/env_objects_292.asset using Guid(68b112575c63667498363192b23f5fad) Importer(815301076,1909f56bfc062723c751e8b465ee728b)  -> (artifact id: '55276b192ac6cddf6ad4002cc8840169') in 0.023211 seconds 
========================================================================
Received Import Request.
  Time since last request: 0.001474 seconds.
  path: Assets/Pixel2DCastleTileset/Sprites/env_objects_286.asset
  artifactKey: Guid(4b06fcdf8ec95dc44bed9c060d9f11e6) Importer(815301076,1909f56bfc062723c751e8b465ee728b)
Start importing Assets/Pixel2DCastleTileset/Sprites/env_objects_286.asset using Guid(4b06fcdf8ec95dc44bed9c060d9f11e6) Importer(815301076,1909f56bfc062723c751e8b465ee728b)  -> (artifact id: '073966b608a689c8a1ca8cedb892fd3b') in 0.023455 seconds 
========================================================================
Received Import Request.
  Time since last request: 0.000019 seconds.
  path: Assets/Pixel2DCastleTileset/Sprites/env_objects_226.asset
  artifactKey: Guid(0a8d217aa5fe610499567a4e1fcda9fe) Importer(815301076,1909f56bfc062723c751e8b465ee728b)
Start importing Assets/Pixel2DCastleTileset/Sprites/env_objects_226.asset using Guid(0a8d217aa5fe610499567a4e1fcda9fe) Importer(815301076,1909f56bfc062723c751e8b465ee728b)  -> (artifact id: 'f3cfdb483a8a7dfa475246bd43adbe24') in 0.028719 seconds 
========================================================================
Received Import Request.
  Time since last request: 0.000019 seconds.
  path: Assets/Pixel2DCastleTileset/Sprites/env_objects_272.asset
  artifactKey: Guid(fe9dd89b54c88cf489a4c3d2f1aea3a9) Importer(815301076,1909f56bfc062723c751e8b465ee728b)
Start importing Assets/Pixel2DCastleTileset/Sprites/env_objects_272.asset using Guid(fe9dd89b54c88cf489a4c3d2f1aea3a9) Importer(815301076,1909f56bfc062723c751e8b465ee728b)  -> (artifact id: '5eb3f9e0904fff010f3178ecedebfc8c') in 0.023514 seconds 
========================================================================
Received Import Request.
  Time since last request: 0.000027 seconds.
  path: Assets/Pixel2DCastleTileset/Sprites/env_objects_285.asset
  artifactKey: Guid(275b8a30e8c6e304393519fc0a76b8d3) Importer(815301076,1909f56bfc062723c751e8b465ee728b)
Start importing Assets/Pixel2DCastleTileset/Sprites/env_objects_285.asset using Guid(275b8a30e8c6e304393519fc0a76b8d3) Importer(815301076,1909f56bfc062723c751e8b465ee728b)  -> (artifact id: '0f37e2c2ef82cbcf144309a49ffa5563') in 0.016344 seconds 
========================================================================
Received Import Request.
  Time since last request: 0.272272 seconds.
  path: Assets/Pixel2DCastleTileset/Sprites/env_objects_295.asset
  artifactKey: Guid(450cf7d23071b8c4581edb34ba96c18b) Importer(815301076,1909f56bfc062723c751e8b465ee728b)
Start importing Assets/Pixel2DCastleTileset/Sprites/env_objects_295.asset using Guid(450cf7d23071b8c4581edb34ba96c18b) Importer(815301076,1909f56bfc062723c751e8b465ee728b)  -> (artifact id: '374c94ffb9a87d962e419d60a28a3188') in 0.028038 seconds 
========================================================================
Received Import Request.
  Time since last request: 0.000018 seconds.
  path: Assets/Pixel2DCastleTileset/Sprites/env_objects_316.asset
  artifactKey: Guid(5ced58c6e212abb48bd9efd49cb14c18) Importer(815301076,1909f56bfc062723c751e8b465ee728b)
Start importing Assets/Pixel2DCastleTileset/Sprites/env_objects_316.asset using Guid(5ced58c6e212abb48bd9efd49cb14c18) Importer(815301076,1909f56bfc062723c751e8b465ee728b)  -> (artifact id: '73d6a9c1c76d415769229d4e6d5c6401') in 0.024663 seconds 
========================================================================
Received Import Request.
  Time since last request: 0.000021 seconds.
  path: Assets/Pixel2DCastleTileset/Sprites/env_objects_320.asset
  artifactKey: Guid(f291bac79de295f4b94c5ef647fdcf01) Importer(815301076,1909f56bfc062723c751e8b465ee728b)
Start importing Assets/Pixel2DCastleTileset/Sprites/env_objects_320.asset using Guid(f291bac79de295f4b94c5ef647fdcf01) Importer(815301076,1909f56bfc062723c751e8b465ee728b)  -> (artifact id: 'a48df6ade7f74d129cee49e941830617') in 0.017616 seconds 
========================================================================
Received Import Request.
  Time since last request: 0.000027 seconds.
  path: Assets/Pixel2DCastleTileset/Sprites/env_objects_332.asset
  artifactKey: Guid(f3b3b1e11fbc7ef40bb39802b9f5dee1) Importer(815301076,1909f56bfc062723c751e8b465ee728b)
Start importing Assets/Pixel2DCastleTileset/Sprites/env_objects_332.asset using Guid(f3b3b1e11fbc7ef40bb39802b9f5dee1) Importer(815301076,1909f56bfc062723c751e8b465ee728b)  -> (artifact id: '3fef3a09abc29b0d28cadd4cd093194f') in 0.027553 seconds 
========================================================================
Received Import Request.
  Time since last request: 0.000014 seconds.
  path: Assets/Pixel2DCastleTileset/Sprites/env_objects_352.asset
  artifactKey: Guid(1d50fb11ad157b64293e432623e407b8) Importer(815301076,1909f56bfc062723c751e8b465ee728b)
Start importing Assets/Pixel2DCastleTileset/Sprites/env_objects_352.asset using Guid(1d50fb11ad157b64293e432623e407b8) Importer(815301076,1909f56bfc062723c751e8b465ee728b)  -> (artifact id: '43999638d729d52b5408364c37cbac76') in 0.023477 seconds 
========================================================================
Received Import Request.
  Time since last request: 0.000017 seconds.
  path: Assets/Pixel2DCastleTileset/Sprites/env_objects_366.asset
  artifactKey: Guid(dfce5f67218c02e4283a58ad0c22c5f7) Importer(815301076,1909f56bfc062723c751e8b465ee728b)
Start importing Assets/Pixel2DCastleTileset/Sprites/env_objects_366.asset using Guid(dfce5f67218c02e4283a58ad0c22c5f7) Importer(815301076,1909f56bfc062723c751e8b465ee728b)  -> (artifact id: '0ecab26c80fffed69fdfb10fee140670') in 0.018143 seconds 
========================================================================
Received Import Request.
  Time since last request: 0.000031 seconds.
  path: Assets/Pixel2DCastleTileset/Sprites/env_objects_354.asset
  artifactKey: Guid(6955375b380580749973cf05355dcfeb) Importer(815301076,1909f56bfc062723c751e8b465ee728b)
Start importing Assets/Pixel2DCastleTileset/Sprites/env_objects_354.asset using Guid(6955375b380580749973cf05355dcfeb) Importer(815301076,1909f56bfc062723c751e8b465ee728b)  -> (artifact id: 'e3d444f70efdf2e56fa831d30187ccdd') in 0.019235 seconds 
========================================================================
Received Import Request.
  Time since last request: 0.000025 seconds.
  path: Assets/Pixel2DCastleTileset/Sprites/env_objects_377.asset
  artifactKey: Guid(1a40c4970f2634541a9c698f0238217d) Importer(815301076,1909f56bfc062723c751e8b465ee728b)
Start importing Assets/Pixel2DCastleTileset/Sprites/env_objects_377.asset using Guid(1a40c4970f2634541a9c698f0238217d) Importer(815301076,1909f56bfc062723c751e8b465ee728b)  -> (artifact id: '8a4bf532cf5f27415295b8ddd87fe3a2') in 0.019699 seconds 
========================================================================
Received Import Request.
  Time since last request: 0.000020 seconds.
  path: Assets/Pixel2DCastleTileset/Sprites/env_objects_380.asset
  artifactKey: Guid(4a0196f533ce9e245b9139698209bdb6) Importer(815301076,1909f56bfc062723c751e8b465ee728b)
Start importing Assets/Pixel2DCastleTileset/Sprites/env_objects_380.asset using Guid(4a0196f533ce9e245b9139698209bdb6) Importer(815301076,1909f56bfc062723c751e8b465ee728b)  -> (artifact id: '53e093fc0c06dd5978d538817b782857') in 0.017837 seconds 
========================================================================
Received Import Request.
  Time since last request: 0.000340 seconds.
  path: Assets/Pixel2DCastleTileset/Sprites/env_objects_311.asset
  artifactKey: Guid(152060947fedcee42858f4efe404596d) Importer(815301076,1909f56bfc062723c751e8b465ee728b)
Start importing Assets/Pixel2DCastleTileset/Sprites/env_objects_311.asset using Guid(152060947fedcee42858f4efe404596d) Importer(815301076,1909f56bfc062723c751e8b465ee728b)  -> (artifact id: 'e7942407ab8d518d831e69a146e2a64c') in 0.031965 seconds 
========================================================================
Received Import Request.
  Time since last request: 0.000015 seconds.
  path: Assets/Pixel2DCastleTileset/Sprites/env_objects_336.asset
  artifactKey: Guid(8d4f9a75aaf376341af558ec8ab0622d) Importer(815301076,1909f56bfc062723c751e8b465ee728b)
Start importing Assets/Pixel2DCastleTileset/Sprites/env_objects_336.asset using Guid(8d4f9a75aaf376341af558ec8ab0622d) Importer(815301076,1909f56bfc062723c751e8b465ee728b)  -> (artifact id: '76d8090325a42db7de224102447f413e') in 0.025497 seconds 
========================================================================
Received Import Request.
  Time since last request: 0.000014 seconds.
  path: Assets/Pixel2DCastleTileset/Sprites/env_objects_363.asset
  artifactKey: Guid(88a7bdd93085eee4982c0db08fad0fd3) Importer(815301076,1909f56bfc062723c751e8b465ee728b)
Start importing Assets/Pixel2DCastleTileset/Sprites/env_objects_363.asset using Guid(88a7bdd93085eee4982c0db08fad0fd3) Importer(815301076,1909f56bfc062723c751e8b465ee728b)  -> (artifact id: 'b6ac162670b63818ba9ee9b37641f30f') in 0.020493 seconds 
========================================================================
Received Import Request.
  Time since last request: 0.000029 seconds.
  path: Assets/Pixel2DCastleTileset/Sprites/env_objects_367.asset
  artifactKey: Guid(466accfe86bcee5448d071c5c7bee04c) Importer(815301076,1909f56bfc062723c751e8b465ee728b)
Start importing Assets/Pixel2DCastleTileset/Sprites/env_objects_367.asset using Guid(466accfe86bcee5448d071c5c7bee04c) Importer(815301076,1909f56bfc062723c751e8b465ee728b)  -> (artifact id: '047885f8babc9b7cff221512304401b4') in 0.027909 seconds 
========================================================================
Received Import Request.
  Time since last request: 0.000021 seconds.
  path: Assets/Pixel2DCastleTileset/Sprites/env_objects_331.asset
  artifactKey: Guid(d0a891da88c2053448870973454bd5da) Importer(815301076,1909f56bfc062723c751e8b465ee728b)
Start importing Assets/Pixel2DCastleTileset/Sprites/env_objects_331.asset using Guid(d0a891da88c2053448870973454bd5da) Importer(815301076,1909f56bfc062723c751e8b465ee728b)  -> (artifact id: '24b7dfadd6e111156a977ba11b16396a') in 0.016377 seconds 
========================================================================
Received Import Request.
  Time since last request: 0.000048 seconds.
  path: Assets/Pixel2DCastleTileset/Sprites/env_objects_304.asset
  artifactKey: Guid(da18490e89b20f74788d456d0ad25e7d) Importer(815301076,1909f56bfc062723c751e8b465ee728b)
Start importing Assets/Pixel2DCastleTileset/Sprites/env_objects_304.asset using Guid(da18490e89b20f74788d456d0ad25e7d) Importer(815301076,1909f56bfc062723c751e8b465ee728b)  -> (artifact id: '449b03ca6e900bede35c19024be3bfad') in 0.039590 seconds 
========================================================================
Received Import Request.
  Time since last request: 0.260425 seconds.
  path: Assets/Pixel2DCastleTileset/Sprites/env_objects_385.asset
  artifactKey: Guid(a82f5639ec30fcb408d03db164d1df2b) Importer(815301076,1909f56bfc062723c751e8b465ee728b)
Start importing Assets/Pixel2DCastleTileset/Sprites/env_objects_385.asset using Guid(a82f5639ec30fcb408d03db164d1df2b) Importer(815301076,1909f56bfc062723c751e8b465ee728b)  -> (artifact id: 'f946843b69fe311f60a48995587ade8b') in 0.021226 seconds 
========================================================================
Received Import Request.
  Time since last request: 0.000019 seconds.
  path: Assets/Pixel2DCastleTileset/Sprites/env_objects_398.asset
  artifactKey: Guid(d62bb25a561be3e4ba8f09d8fa8d422c) Importer(815301076,1909f56bfc062723c751e8b465ee728b)
Start importing Assets/Pixel2DCastleTileset/Sprites/env_objects_398.asset using Guid(d62bb25a561be3e4ba8f09d8fa8d422c) Importer(815301076,1909f56bfc062723c751e8b465ee728b)  -> (artifact id: '0247de8f510f2c7a7a4324415d988c1e') in 0.027957 seconds 
========================================================================
Received Import Request.
  Time since last request: 0.004674 seconds.
  path: Assets/Pixel2DCastleTileset/Sprites/env_objects_400.asset
  artifactKey: Guid(40ffba6033edd5044979956d6137072e) Importer(815301076,1909f56bfc062723c751e8b465ee728b)
Start importing Assets/Pixel2DCastleTileset/Sprites/env_objects_400.asset using Guid(40ffba6033edd5044979956d6137072e) Importer(815301076,1909f56bfc062723c751e8b465ee728b)  -> (artifact id: '070bc98cafc0ae7fd35da1aecd0c6635') in 0.022649 seconds 
========================================================================
Received Import Request.
  Time since last request: 0.000032 seconds.
  path: Assets/Pixel2DCastleTileset/Sprites/env_objects_408.asset
  artifactKey: Guid(8b00b57d96596e048958c04d1fc5b172) Importer(815301076,1909f56bfc062723c751e8b465ee728b)
Start importing Assets/Pixel2DCastleTileset/Sprites/env_objects_408.asset using Guid(8b00b57d96596e048958c04d1fc5b172) Importer(815301076,1909f56bfc062723c751e8b465ee728b)  -> (artifact id: '4b9fbd9212c9b00b9d1b95dcd221a2be') in 0.027503 seconds 
========================================================================
Received Import Request.
  Time since last request: 0.000021 seconds.
  path: Assets/Pixel2DCastleTileset/Sprites/env_objects_436.asset
  artifactKey: Guid(efed5b49aadb3d8449ff1af3ce0e0ada) Importer(815301076,1909f56bfc062723c751e8b465ee728b)
Start importing Assets/Pixel2DCastleTileset/Sprites/env_objects_436.asset using Guid(efed5b49aadb3d8449ff1af3ce0e0ada) Importer(815301076,1909f56bfc062723c751e8b465ee728b)  -> (artifact id: '7ea438a36aee31dce73552bfb8f6cb06') in 0.029264 seconds 
========================================================================
Received Import Request.
  Time since last request: 0.010979 seconds.
  path: Assets/Pixel2DCastleTileset/Sprites/env_objects_420.asset
  artifactKey: Guid(a47044c3cf59be5459f1b53cc96f0770) Importer(815301076,1909f56bfc062723c751e8b465ee728b)
Start importing Assets/Pixel2DCastleTileset/Sprites/env_objects_420.asset using Guid(a47044c3cf59be5459f1b53cc96f0770) Importer(815301076,1909f56bfc062723c751e8b465ee728b)  -> (artifact id: '42df11abf87c5d61dc2ff6ced51ac5e0') in 0.032565 seconds 
========================================================================
Received Import Request.
  Time since last request: 0.000017 seconds.
  path: Assets/Pixel2DCastleTileset/Sprites/env_objects_473.asset
  artifactKey: Guid(24aa87c156038e144b738caf811b5f37) Importer(815301076,1909f56bfc062723c751e8b465ee728b)
Start importing Assets/Pixel2DCastleTileset/Sprites/env_objects_473.asset using Guid(24aa87c156038e144b738caf811b5f37) Importer(815301076,1909f56bfc062723c751e8b465ee728b)  -> (artifact id: 'fa3f63912f937e18cd8d29b57fb3c722') in 0.016128 seconds 
========================================================================
Received Import Request.
  Time since last request: 0.000018 seconds.
  path: Assets/Pixel2DCastleTileset/Sprites/env_objects_449.asset
  artifactKey: Guid(5e1ba18f9454c794aa7ade0f54f836a0) Importer(815301076,1909f56bfc062723c751e8b465ee728b)
Start importing Assets/Pixel2DCastleTileset/Sprites/env_objects_449.asset using Guid(5e1ba18f9454c794aa7ade0f54f836a0) Importer(815301076,1909f56bfc062723c751e8b465ee728b)  -> (artifact id: '2846f73e6dae091a5c33d939ad44c568') in 0.019281 seconds 
========================================================================
Received Import Request.
  Time since last request: 0.000021 seconds.
  path: Assets/Pixel2DCastleTileset/Sprites/env_objects_437.asset
  artifactKey: Guid(3e52c620b5ba2eb49b0cf4f3583c95fa) Importer(815301076,1909f56bfc062723c751e8b465ee728b)
Start importing Assets/Pixel2DCastleTileset/Sprites/env_objects_437.asset using Guid(3e52c620b5ba2eb49b0cf4f3583c95fa) Importer(815301076,1909f56bfc062723c751e8b465ee728b)  -> (artifact id: 'f2c9f9f9bb0aca8483e4fd291dfde33c') in 0.026772 seconds 
========================================================================
Received Import Request.
  Time since last request: 0.000019 seconds.
  path: Assets/Pixel2DCastleTileset/Sprites/env_objects_488.asset
  artifactKey: Guid(30889b01d3d4a474aaea795270d8f3a6) Importer(815301076,1909f56bfc062723c751e8b465ee728b)
Start importing Assets/Pixel2DCastleTileset/Sprites/env_objects_488.asset using Guid(30889b01d3d4a474aaea795270d8f3a6) Importer(815301076,1909f56bfc062723c751e8b465ee728b)  -> (artifact id: '00d083cba0db7e8227a786fd5d05775a') in 0.017575 seconds 
========================================================================
Received Import Request.
  Time since last request: 0.000021 seconds.
  path: Assets/Pixel2DCastleTileset/Sprites/env_objects_480.asset
  artifactKey: Guid(cdc42fe81687a5a4e95a724e354f1a47) Importer(815301076,1909f56bfc062723c751e8b465ee728b)
Start importing Assets/Pixel2DCastleTileset/Sprites/env_objects_480.asset using Guid(cdc42fe81687a5a4e95a724e354f1a47) Importer(815301076,1909f56bfc062723c751e8b465ee728b)  -> (artifact id: '9850013a1b647117500d856d9f9e6df6') in 0.026565 seconds 
========================================================================
Received Import Request.
  Time since last request: 0.000029 seconds.
  path: Assets/Pixel2DCastleTileset/Sprites/env_objects_477.asset
  artifactKey: Guid(228c7609f2cd77d4f8c3bfd81d24483c) Importer(815301076,1909f56bfc062723c751e8b465ee728b)
Start importing Assets/Pixel2DCastleTileset/Sprites/env_objects_477.asset using Guid(228c7609f2cd77d4f8c3bfd81d24483c) Importer(815301076,1909f56bfc062723c751e8b465ee728b)  -> (artifact id: 'b6c184d33b85e2a63a1f93fc8ee6aca4') in 0.025036 seconds 
========================================================================
Received Import Request.
  Time since last request: 0.000030 seconds.
  path: Assets/Pixel2DCastleTileset/Sprites/env_objects_465.asset
  artifactKey: Guid(f4bb4d43f1b884644bdd10c7b8acaab5) Importer(815301076,1909f56bfc062723c751e8b465ee728b)
Start importing Assets/Pixel2DCastleTileset/Sprites/env_objects_465.asset using Guid(f4bb4d43f1b884644bdd10c7b8acaab5) Importer(815301076,1909f56bfc062723c751e8b465ee728b)  -> (artifact id: '285d99b62ef4e6ce1169da3a97ff9a8b') in 0.022476 seconds 
========================================================================
Received Import Request.
  Time since last request: 0.000021 seconds.
  path: Assets/Pixel2DCastleTileset/Sprites/env_objects_481.asset
  artifactKey: Guid(afba1463a1a8259439067761194a79c5) Importer(815301076,1909f56bfc062723c751e8b465ee728b)
Start importing Assets/Pixel2DCastleTileset/Sprites/env_objects_481.asset using Guid(afba1463a1a8259439067761194a79c5) Importer(815301076,1909f56bfc062723c751e8b465ee728b)  -> (artifact id: 'e4a74e4236805fce97280a50def2838b') in 0.033312 seconds 
========================================================================
Received Import Request.
  Time since last request: 0.000025 seconds.
  path: Assets/Pixel2DCastleTileset/Sprites/env_objects_426.asset
  artifactKey: Guid(d095cee18b9782741b281b0004395950) Importer(815301076,1909f56bfc062723c751e8b465ee728b)
Start importing Assets/Pixel2DCastleTileset/Sprites/env_objects_426.asset using Guid(d095cee18b9782741b281b0004395950) Importer(815301076,1909f56bfc062723c751e8b465ee728b)  -> (artifact id: '931bcb754ef519ad0557e60ac49f6a76') in 0.016343 seconds 
========================================================================
Received Import Request.
  Time since last request: 0.000036 seconds.
  path: Assets/Pixel2DCastleTileset/Sprites/env_objects_486.asset
  artifactKey: Guid(487cbb9357f2f17408a0ec0da68f35d6) Importer(815301076,1909f56bfc062723c751e8b465ee728b)
Start importing Assets/Pixel2DCastleTileset/Sprites/env_objects_486.asset using Guid(487cbb9357f2f17408a0ec0da68f35d6) Importer(815301076,1909f56bfc062723c751e8b465ee728b)  -> (artifact id: '8c01a4f235b563f9bb5d5d3b252fb427') in 0.015820 seconds 
========================================================================
Received Import Request.
  Time since last request: 0.000017 seconds.
  path: Assets/Pixel2DCastleTileset/Sprites/env_objects_470.asset
  artifactKey: Guid(c5b3eb506d8c5a94bbbfae1a87885df4) Importer(815301076,1909f56bfc062723c751e8b465ee728b)
Start importing Assets/Pixel2DCastleTileset/Sprites/env_objects_470.asset using Guid(c5b3eb506d8c5a94bbbfae1a87885df4) Importer(815301076,1909f56bfc062723c751e8b465ee728b)  -> (artifact id: 'd48ff0937711b9bf4215206619be48a7') in 0.024141 seconds 
========================================================================
Received Import Request.
  Time since last request: 2.998645 seconds.
  path: Assets/Pixel2DCastleTileset/Sprites/Sliced/anim_light2.png
  artifactKey: Guid(eec02ced1b9f270429fe711bab10618c) Importer(815301076,1909f56bfc062723c751e8b465ee728b)
Start importing Assets/Pixel2DCastleTileset/Sprites/Sliced/anim_light2.png using Guid(eec02ced1b9f270429fe711bab10618c) Importer(815301076,1909f56bfc062723c751e8b465ee728b)  -> (artifact id: '3b04b98f0a8a8af21f6c66a12371f7e5') in 0.125581 seconds 
========================================================================
Received Import Request.
  Time since last request: 0.000024 seconds.
  path: Assets/Pixel2DCastleTileset/Sprites/Sliced/wood_env.png
  artifactKey: Guid(9f1888ec7aff5a94a887e3106cbddd1d) Importer(815301076,1909f56bfc062723c751e8b465ee728b)
Start importing Assets/Pixel2DCastleTileset/Sprites/Sliced/wood_env.png using Guid(9f1888ec7aff5a94a887e3106cbddd1d) Importer(815301076,1909f56bfc062723c751e8b465ee728b)  -> (artifact id: 'ea4e05f16c1d68c68cbe365f262517f9') in 0.524051 seconds 
========================================================================
Received Import Request.
  Time since last request: 0.000034 seconds.
  path: Assets/Pixel2DCastleTileset/Sprites/Sliced/walls_side_top.png
  artifactKey: Guid(c8ec4d8b444a24f4ba2889543ef0f232) Importer(815301076,1909f56bfc062723c751e8b465ee728b)
Start importing Assets/Pixel2DCastleTileset/Sprites/Sliced/walls_side_top.png using Guid(c8ec4d8b444a24f4ba2889543ef0f232) Importer(815301076,1909f56bfc062723c751e8b465ee728b)  -> (artifact id: '6c73a40b901ceeb618578edeac3a2a0d') in 0.629680 seconds 
========================================================================
Received Import Request.
  Time since last request: 42.990442 seconds.
  path: Assets/Pixel2DCastleTileset/Sprites/env_objects_490.asset
  artifactKey: Guid(58b36756d56ec8e4683192511ffc8df0) Importer(815301076,1909f56bfc062723c751e8b465ee728b)
Start importing Assets/Pixel2DCastleTileset/Sprites/env_objects_490.asset using Guid(58b36756d56ec8e4683192511ffc8df0) Importer(815301076,1909f56bfc062723c751e8b465ee728b)  -> (artifact id: 'd979f6c1f2e66da81d71c57367a63c36') in 0.024314 seconds 
========================================================================
Received Import Request.
  Time since last request: 0.000021 seconds.
  path: Assets/Pixel2DCastleTileset/Sprites/env_objects_499.asset
  artifactKey: Guid(2c53cd98ddd8bfc40bc5fb524e7d4d8c) Importer(815301076,1909f56bfc062723c751e8b465ee728b)
Start importing Assets/Pixel2DCastleTileset/Sprites/env_objects_499.asset using Guid(2c53cd98ddd8bfc40bc5fb524e7d4d8c) Importer(815301076,1909f56bfc062723c751e8b465ee728b)  -> (artifact id: 'aa48b18c81e419ba7be88053c3468dfd') in 0.025595 seconds 
========================================================================
Received Import Request.
  Time since last request: 0.000026 seconds.
  path: Assets/Pixel2DCastleTileset/Sprites/env_objects_525.asset
  artifactKey: Guid(3380eb14092698b4ca5c4f22ef7122f9) Importer(815301076,1909f56bfc062723c751e8b465ee728b)
Start importing Assets/Pixel2DCastleTileset/Sprites/env_objects_525.asset using Guid(3380eb14092698b4ca5c4f22ef7122f9) Importer(815301076,1909f56bfc062723c751e8b465ee728b)  -> (artifact id: '165c57ff867e63ea415d3e0081b27a2c') in 0.023794 seconds 
========================================================================
Received Import Request.
  Time since last request: 0.000039 seconds.
  path: Assets/Pixel2DCastleTileset/Sprites/env_objects_502.asset
  artifactKey: Guid(aa7fdcbea8f4ef744a7314cea7f48ce8) Importer(815301076,1909f56bfc062723c751e8b465ee728b)
Start importing Assets/Pixel2DCastleTileset/Sprites/env_objects_502.asset using Guid(aa7fdcbea8f4ef744a7314cea7f48ce8) Importer(815301076,1909f56bfc062723c751e8b465ee728b)  -> (artifact id: 'd3f316c68ae8c567193f93b9a3a32662') in 0.021573 seconds 
========================================================================
Received Import Request.
  Time since last request: 0.000029 seconds.
  path: Assets/Pixel2DCastleTileset/Sprites/env_objects_534.asset
  artifactKey: Guid(724d9d9ca06b21e4294c198492d7337a) Importer(815301076,1909f56bfc062723c751e8b465ee728b)
Start importing Assets/Pixel2DCastleTileset/Sprites/env_objects_534.asset using Guid(724d9d9ca06b21e4294c198492d7337a) Importer(815301076,1909f56bfc062723c751e8b465ee728b)  -> (artifact id: 'f421ac393d5ae5bc217e89a0c0600db2') in 0.017354 seconds 
========================================================================
Received Import Request.
  Time since last request: 0.000020 seconds.
  path: Assets/Pixel2DCastleTileset/Sprites/environment_11.asset
  artifactKey: Guid(0eedb8063035a1042a176ed95e65410a) Importer(815301076,1909f56bfc062723c751e8b465ee728b)
Start importing Assets/Pixel2DCastleTileset/Sprites/environment_11.asset using Guid(0eedb8063035a1042a176ed95e65410a) Importer(815301076,1909f56bfc062723c751e8b465ee728b)  -> (artifact id: '656cb4de884625e58a4d12f75cea2421') in 0.027816 seconds 
========================================================================
Received Import Request.
  Time since last request: 0.000027 seconds.
  path: Assets/Pixel2DCastleTileset/Sprites/env_objects_536.asset
  artifactKey: Guid(11289cf9a8eb5424c8fe877737ea79a0) Importer(815301076,1909f56bfc062723c751e8b465ee728b)
Start importing Assets/Pixel2DCastleTileset/Sprites/env_objects_536.asset using Guid(11289cf9a8eb5424c8fe877737ea79a0) Importer(815301076,1909f56bfc062723c751e8b465ee728b)  -> (artifact id: '638eeabec3045f6de661c5e80aca7295') in 0.035944 seconds 
========================================================================
Received Import Request.
  Time since last request: 0.000021 seconds.
  path: Assets/Pixel2DCastleTileset/Sprites/env_objects_518.asset
  artifactKey: Guid(7e88a2f211cc26348a50d4d917c74ad9) Importer(815301076,1909f56bfc062723c751e8b465ee728b)
Start importing Assets/Pixel2DCastleTileset/Sprites/env_objects_518.asset using Guid(7e88a2f211cc26348a50d4d917c74ad9) Importer(815301076,1909f56bfc062723c751e8b465ee728b)  -> (artifact id: '30c0ec6339e2bfbc52ccbb04046a446f') in 0.017355 seconds 
========================================================================
Received Import Request.
  Time since last request: 0.000018 seconds.
  path: Assets/Pixel2DCastleTileset/Sprites/env_objects_530.asset
  artifactKey: Guid(d63f23c513a8ce343ab806f0f81aac5c) Importer(815301076,1909f56bfc062723c751e8b465ee728b)
Start importing Assets/Pixel2DCastleTileset/Sprites/env_objects_530.asset using Guid(d63f23c513a8ce343ab806f0f81aac5c) Importer(815301076,1909f56bfc062723c751e8b465ee728b)  -> (artifact id: 'e5f9f1060601050b197d85332a5cfa72') in 0.026862 seconds 
========================================================================
Received Import Request.
  Time since last request: 0.000017 seconds.
  path: Assets/Pixel2DCastleTileset/Sprites/env_objects_537.asset
  artifactKey: Guid(9bad1722b895184499a01467d2594632) Importer(815301076,1909f56bfc062723c751e8b465ee728b)
Start importing Assets/Pixel2DCastleTileset/Sprites/env_objects_537.asset using Guid(9bad1722b895184499a01467d2594632) Importer(815301076,1909f56bfc062723c751e8b465ee728b)  -> (artifact id: '1e97f1d564a9852882b2d2aa7a764241') in 0.031364 seconds 
========================================================================
Received Import Request.
  Time since last request: 0.000030 seconds.
  path: Assets/Pixel2DCastleTileset/Sprites/environment_4.asset
  artifactKey: Guid(e62da6d57af74284ea94c40ea1bcbdc3) Importer(815301076,1909f56bfc062723c751e8b465ee728b)
Start importing Assets/Pixel2DCastleTileset/Sprites/environment_4.asset using Guid(e62da6d57af74284ea94c40ea1bcbdc3) Importer(815301076,1909f56bfc062723c751e8b465ee728b)  -> (artifact id: '15a497c4f732468f66cd1542bdb5b66c') in 0.022733 seconds 
========================================================================
Received Import Request.
  Time since last request: 0.000029 seconds.
  path: Assets/Pixel2DCastleTileset/Sprites/env_objects_527.asset
  artifactKey: Guid(c42bce75d2f47dc40b682c15e86ebe71) Importer(815301076,1909f56bfc062723c751e8b465ee728b)
Start importing Assets/Pixel2DCastleTileset/Sprites/env_objects_527.asset using Guid(c42bce75d2f47dc40b682c15e86ebe71) Importer(815301076,1909f56bfc062723c751e8b465ee728b)  -> (artifact id: 'e3adba1535ba9b30c12fea59a431c74d') in 0.022437 seconds 
========================================================================
Received Import Request.
  Time since last request: 0.000020 seconds.
  path: Assets/Pixel2DCastleTileset/Sprites/environment_0.asset
  artifactKey: Guid(9fd8e4d0a0b1732449d4ab0c4472bea0) Importer(815301076,1909f56bfc062723c751e8b465ee728b)
Start importing Assets/Pixel2DCastleTileset/Sprites/environment_0.asset using Guid(9fd8e4d0a0b1732449d4ab0c4472bea0) Importer(815301076,1909f56bfc062723c751e8b465ee728b)  -> (artifact id: '52e275d04562b451a6e8d550531c5920') in 0.022675 seconds 
========================================================================
Received Import Request.
  Time since last request: 0.000023 seconds.
  path: Assets/Pixel2DCastleTileset/Sprites/environment_6.asset
  artifactKey: Guid(65a92e2a6ec349f46901a5ac47226b58) Importer(815301076,1909f56bfc062723c751e8b465ee728b)
Start importing Assets/Pixel2DCastleTileset/Sprites/environment_6.asset using Guid(65a92e2a6ec349f46901a5ac47226b58) Importer(815301076,1909f56bfc062723c751e8b465ee728b)  -> (artifact id: '11eb233ec5468dfd459bee7ad000cd25') in 0.037833 seconds 
========================================================================
Received Import Request.
  Time since last request: 0.000019 seconds.
  path: Assets/Pixel2DCastleTileset/Sprites/environment_10.asset
  artifactKey: Guid(d4157010bbb97564a8087984d88373a0) Importer(815301076,1909f56bfc062723c751e8b465ee728b)
Start importing Assets/Pixel2DCastleTileset/Sprites/environment_10.asset using Guid(d4157010bbb97564a8087984d88373a0) Importer(815301076,1909f56bfc062723c751e8b465ee728b)  -> (artifact id: '96ae5b1e4fc8192f5be6e465f70757f7') in 0.018884 seconds 
========================================================================
Received Import Request.
  Time since last request: 0.503240 seconds.
  path: Assets/Pixel2DCastleTileset/Sprites/environment_20.asset
  artifactKey: Guid(7d84598eded9b7645ae08d81e7ca8c4a) Importer(815301076,1909f56bfc062723c751e8b465ee728b)
Start importing Assets/Pixel2DCastleTileset/Sprites/environment_20.asset using Guid(7d84598eded9b7645ae08d81e7ca8c4a) Importer(815301076,1909f56bfc062723c751e8b465ee728b)  -> (artifact id: '6cd0173c8de1a528dfc5d041369b598f') in 0.024726 seconds 
========================================================================
Received Import Request.
  Time since last request: 0.000017 seconds.
  path: Assets/Pixel2DCastleTileset/Sprites/environment_28.asset
  artifactKey: Guid(c34cde75aa781864baef682e6fb0438d) Importer(815301076,1909f56bfc062723c751e8b465ee728b)
Start importing Assets/Pixel2DCastleTileset/Sprites/environment_28.asset using Guid(c34cde75aa781864baef682e6fb0438d) Importer(815301076,1909f56bfc062723c751e8b465ee728b)  -> (artifact id: '4c381be12e527d1d8f19dee7e5180a73') in 0.036035 seconds 
========================================================================
Received Import Request.
  Time since last request: 0.000019 seconds.
  path: Assets/Pixel2DCastleTileset/Sprites/environment_27.asset
  artifactKey: Guid(eef3ca69098654a458bc40a95cd7f24a) Importer(815301076,1909f56bfc062723c751e8b465ee728b)
Start importing Assets/Pixel2DCastleTileset/Sprites/environment_27.asset using Guid(eef3ca69098654a458bc40a95cd7f24a) Importer(815301076,1909f56bfc062723c751e8b465ee728b)  -> (artifact id: '9c896d0a181962297dde0469ef98254d') in 0.015375 seconds 
Editor requested this worker to shutdown with reason: Scaling down because of idle timeout
AssetImportWorker is now disconnected from the server
Process exiting
Exiting without the bug reporter. Application will terminate with return code 0