Using pre-set license
Built from '2022.3/staging' branch; Version is '2022.3.6f1 (b9e6e7e9fa2d) revision 12183271'; Using compiler version '192829333'; Build Type 'Release'
OS: 'Windows 10  (10.0.19045) 64bit Professional' Language: 'pt' Physical Memory: 16295 MB
BatchMode: 1, IsHumanControllingUs: 0, StartBugReporterOnCrash: 0, Is64bit: 1, IsPro: 1

COMMAND LINE ARGUMENTS:
C:\Program Files\Unity\Hub\Editor\2022.3.6f1\Editor\Unity.exe
-adb2
-batchMode
-noUpm
-name
AssetImportWorker13
-projectPath
C:/Users/Jorge Santos/Desktop/MEGAMAN/MegamanRemix
-logFile
Logs/AssetImportWorker13.log
-srvPort
55435
Successfully changed project path to: C:/Users/Jorge Santos/Desktop/MEGAMAN/MegamanRemix
C:/Users/Jorge Santos/Desktop/MEGAMAN/MegamanRemix
[UnityMemory] Configuration Parameters - Can be set up in boot.config
    "memorysetup-bucket-allocator-granularity=16"
    "memorysetup-bucket-allocator-bucket-count=8"
    "memorysetup-bucket-allocator-block-size=33554432"
    "memorysetup-bucket-allocator-block-count=8"
    "memorysetup-main-allocator-block-size=16777216"
    "memorysetup-thread-allocator-block-size=16777216"
    "memorysetup-gfx-main-allocator-block-size=16777216"
    "memorysetup-gfx-thread-allocator-block-size=16777216"
    "memorysetup-cache-allocator-block-size=4194304"
    "memorysetup-typetree-allocator-block-size=2097152"
    "memorysetup-profiler-bucket-allocator-granularity=16"
    "memorysetup-profiler-bucket-allocator-bucket-count=8"
    "memorysetup-profiler-bucket-allocator-block-size=33554432"
    "memorysetup-profiler-bucket-allocator-block-count=8"
    "memorysetup-profiler-allocator-block-size=16777216"
    "memorysetup-profiler-editor-allocator-block-size=1048576"
    "memorysetup-temp-allocator-size-main=16777216"
    "memorysetup-job-temp-allocator-block-size=2097152"
    "memorysetup-job-temp-allocator-block-size-background=1048576"
    "memorysetup-job-temp-allocator-reduction-small-platforms=262144"
    "memorysetup-allocator-temp-initial-block-size-main=262144"
    "memorysetup-allocator-temp-initial-block-size-worker=262144"
    "memorysetup-temp-allocator-size-background-worker=32768"
    "memorysetup-temp-allocator-size-job-worker=262144"
    "memorysetup-temp-allocator-size-preload-manager=33554432"
    "memorysetup-temp-allocator-size-nav-mesh-worker=65536"
    "memorysetup-temp-allocator-size-audio-worker=65536"
    "memorysetup-temp-allocator-size-cloud-worker=32768"
    "memorysetup-temp-allocator-size-gi-baking-worker=262144"
    "memorysetup-temp-allocator-size-gfx=262144"
Player connection [46920] Host "[IP] 192.168.15.114 [Port] 0 [Flags] 2 [Guid] 3415680985 [EditorId] 3415680985 [Version] 1048832 [Id] WindowsEditor(7,DESKTOP-7BIHLFE) [Debug] 1 [PackageName] WindowsEditor [ProjectName] Editor" joined multi-casting on [225.0.0.222:54997]...

Player connection [46920] Host "[IP] 192.168.15.114 [Port] 0 [Flags] 2 [Guid] 3415680985 [EditorId] 3415680985 [Version] 1048832 [Id] WindowsEditor(7,DESKTOP-7BIHLFE) [Debug] 1 [PackageName] WindowsEditor [ProjectName] Editor" joined alternative multi-casting on [225.0.0.222:34997]...

Refreshing native plugins compatible for Editor in 29.13 ms, found 4 plugins.
Preloading 0 native plugins for Editor in 0.00 ms.
Initialize engine version: 2022.3.6f1 (b9e6e7e9fa2d)
[Subsystems] Discovering subsystems at path C:/Program Files/Unity/Hub/Editor/2022.3.6f1/Editor/Data/Resources/UnitySubsystems
[Subsystems] Discovering subsystems at path C:/Users/Jorge Santos/Desktop/MEGAMAN/MegamanRemix/Assets
GfxDevice: creating device client; threaded=0; jobified=0
Direct3D:
    Version:  Direct3D 11.0 [level 11.1]
    Renderer: NVIDIA GeForce GTX 1650 (ID=0x1f82)
    Vendor:   NVIDIA
    VRAM:     3949 MB
    Driver:   31.0.15.3623
Initialize mono
Mono path[0] = 'C:/Program Files/Unity/Hub/Editor/2022.3.6f1/Editor/Data/Managed'
Mono path[1] = 'C:/Program Files/Unity/Hub/Editor/2022.3.6f1/Editor/Data/MonoBleedingEdge/lib/mono/unityjit-win32'
Mono config path = 'C:/Program Files/Unity/Hub/Editor/2022.3.6f1/Editor/Data/MonoBleedingEdge/etc'
Using monoOptions --debugger-agent=transport=dt_socket,embedding=1,server=y,suspend=n,address=127.0.0.1:56988
Begin MonoManager ReloadAssembly
Registering precompiled unity dll's ...
Register platform support module: C:/Program Files/Unity/Hub/Editor/2022.3.6f1/Editor/Data/PlaybackEngines/WebGLSupport/UnityEditor.WebGL.Extensions.dll
Register platform support module: C:/Program Files/Unity/Hub/Editor/2022.3.6f1/Editor/Data/PlaybackEngines/WindowsStandaloneSupport/UnityEditor.WindowsStandalone.Extensions.dll
Registered in 0.017877 seconds.
- Loaded All Assemblies, in  0.372 seconds
Native extension for WindowsStandalone target not found
Native extension for WebGL target not found
Mono: successfully reloaded assembly
- Finished resetting the current domain, in  0.254 seconds
Domain Reload Profiling: 623ms
	BeginReloadAssembly (97ms)
		ExecutionOrderSort (0ms)
		DisableScriptedObjects (0ms)
		BackupInstance (0ms)
		ReleaseScriptingObjects (0ms)
		CreateAndSetChildDomain (1ms)
	RebuildCommonClasses (38ms)
	RebuildNativeTypeToScriptingClass (11ms)
	initialDomainReloadingComplete (79ms)
	LoadAllAssembliesAndSetupDomain (144ms)
		LoadAssemblies (92ms)
		RebuildTransferFunctionScriptingTraits (0ms)
		AnalyzeDomain (135ms)
			TypeCache.Refresh (134ms)
				TypeCache.ScanAssembly (124ms)
			ScanForSourceGeneratedMonoScriptInfo (0ms)
			ResolveRequiredComponents (0ms)
	FinalizeReload (254ms)
		ReleaseScriptCaches (0ms)
		RebuildScriptCaches (0ms)
		SetupLoadedEditorAssemblies (202ms)
			LogAssemblyErrors (0ms)
			InitializePlatformSupportModulesInManaged (10ms)
			SetLoadedEditorAssemblies (4ms)
			RefreshPlugins (0ms)
			BeforeProcessingInitializeOnLoad (2ms)
			ProcessInitializeOnLoadAttributes (135ms)
			ProcessInitializeOnLoadMethodAttributes (50ms)
			AfterProcessingInitializeOnLoad (0ms)
			EditorAssembliesLoaded (0ms)
		ExecutionOrderSort2 (0ms)
		AwakeInstancesAfterBackupRestoration (0ms)
========================================================================
Worker process is ready to serve import requests
Begin MonoManager ReloadAssembly
Symbol file LoadedFromMemory is not a mono symbol file
- Loaded All Assemblies, in  0.742 seconds
Refreshing native plugins compatible for Editor in 14.76 ms, found 4 plugins.
Native extension for WindowsStandalone target not found
Native extension for WebGL target not found
Mono: successfully reloaded assembly
- Finished resetting the current domain, in  0.556 seconds
Domain Reload Profiling: 1293ms
	BeginReloadAssembly (154ms)
		ExecutionOrderSort (0ms)
		DisableScriptedObjects (7ms)
		BackupInstance (0ms)
		ReleaseScriptingObjects (0ms)
		CreateAndSetChildDomain (26ms)
	RebuildCommonClasses (42ms)
	RebuildNativeTypeToScriptingClass (14ms)
	initialDomainReloadingComplete (57ms)
	LoadAllAssembliesAndSetupDomain (470ms)
		LoadAssemblies (310ms)
		RebuildTransferFunctionScriptingTraits (0ms)
		AnalyzeDomain (233ms)
			TypeCache.Refresh (216ms)
				TypeCache.ScanAssembly (200ms)
			ScanForSourceGeneratedMonoScriptInfo (15ms)
			ResolveRequiredComponents (2ms)
	FinalizeReload (556ms)
		ReleaseScriptCaches (0ms)
		RebuildScriptCaches (0ms)
		SetupLoadedEditorAssemblies (417ms)
			LogAssemblyErrors (0ms)
			InitializePlatformSupportModulesInManaged (8ms)
			SetLoadedEditorAssemblies (3ms)
			RefreshPlugins (0ms)
			BeforeProcessingInitializeOnLoad (62ms)
			ProcessInitializeOnLoadAttributes (205ms)
			ProcessInitializeOnLoadMethodAttributes (128ms)
			AfterProcessingInitializeOnLoad (11ms)
			EditorAssembliesLoaded (0ms)
		ExecutionOrderSort2 (0ms)
		AwakeInstancesAfterBackupRestoration (6ms)
Launched and connected shader compiler UnityShaderCompiler.exe after 0.06 seconds
Refreshing native plugins compatible for Editor in 14.90 ms, found 4 plugins.
Preloading 0 native plugins for Editor in 0.00 ms.
Unloading 2423 Unused Serialized files (Serialized files now loaded: 0)
Unloading 77 unused Assets / (79.7 KB). Loaded Objects now: 2870.
Memory consumption went from 106.0 MB to 105.9 MB.
Total: 7.678900 ms (FindLiveObjects: 0.274700 ms CreateObjectMapping: 0.061900 ms MarkObjects: 7.184100 ms  DeleteObjects: 0.156400 ms)

AssetImportParameters requested are different than current active one (requested -> active):
  custom:video-decoder-webm-vp8: 9c59270c3fd7afecdb556c50c9e8de78 -> 
  custom:SearchIndexIgnoredProperties: e643bd26f0fe6173181afceb89e7c659 -> 
  custom:container-demuxer-ogg: 62fdf1f143b41e24485cea50d1cbac27 -> 
  custom:AudioImporter_EditorPlatform: d09bf68614088b80899f8185d706f6e7 -> 
  custom:video-decoder-ogg-theora: a1e56fd34408186e4bbccfd4996cb3dc -> 
  custom:framework-win-MediaFoundation: 216162199b28c13a410421893ffa2e32 -> 
  custom:video-encoder-webm-vp8: eb34c28f22e8b96e1ab97ce403110664 -> 
  custom:audio-decoder-ogg-vorbis: bf7c407c2cedff20999df2af8eb42d56 -> 
  custom:CustomObjectIndexerAttribute: 756ad292c208cfabdd7b50bc23989ffe -> 
  custom:container-demuxer-webm: 4f35f7cbe854078d1ac9338744f61a02 -> 
  custom:audio-encoder-webm-vorbis: bf7c407c2cedff20999df2af8eb42d56 -> 
  custom:container-muxer-webm: aa71ff27fc2769a1b78a27578f13a17b -> 
========================================================================
Received Import Request.
  Time since last request: 977145.294530 seconds.
  path: Assets/Pack 01 (Pixel Art)/tiles/Pack 01 - Space PRO pack_7.asset
  artifactKey: Guid(f91f5b7c58d3c2b49867e472ba66b547) Importer(815301076,1909f56bfc062723c751e8b465ee728b)
Start importing Assets/Pack 01 (Pixel Art)/tiles/Pack 01 - Space PRO pack_7.asset using Guid(f91f5b7c58d3c2b49867e472ba66b547) Importer(815301076,1909f56bfc062723c751e8b465ee728b)  -> (artifact id: '1f857fea09d7b2ec54630076586abffe') in 0.034932 seconds
Number of updated asset objects reloaded before import = 0
Number of asset objects unloaded after import = 1
========================================================================
Received Prepare
Begin MonoManager ReloadAssembly
Symbol file LoadedFromMemory is not a mono symbol file
- Loaded All Assemblies, in  0.659 seconds
Refreshing native plugins compatible for Editor in 12.93 ms, found 4 plugins.
Native extension for WindowsStandalone target not found
Native extension for WebGL target not found
Mono: successfully reloaded assembly
- Finished resetting the current domain, in  0.783 seconds
Domain Reload Profiling: 1437ms
	BeginReloadAssembly (156ms)
		ExecutionOrderSort (0ms)
		DisableScriptedObjects (6ms)
		BackupInstance (0ms)
		ReleaseScriptingObjects (0ms)
		CreateAndSetChildDomain (37ms)
	RebuildCommonClasses (31ms)
	RebuildNativeTypeToScriptingClass (11ms)
	initialDomainReloadingComplete (32ms)
	LoadAllAssembliesAndSetupDomain (423ms)
		LoadAssemblies (286ms)
		RebuildTransferFunctionScriptingTraits (0ms)
		AnalyzeDomain (209ms)
			TypeCache.Refresh (206ms)
				TypeCache.ScanAssembly (194ms)
			ScanForSourceGeneratedMonoScriptInfo (0ms)
			ResolveRequiredComponents (2ms)
	FinalizeReload (783ms)
		ReleaseScriptCaches (0ms)
		RebuildScriptCaches (0ms)
		SetupLoadedEditorAssemblies (419ms)
			LogAssemblyErrors (0ms)
			InitializePlatformSupportModulesInManaged (9ms)
			SetLoadedEditorAssemblies (4ms)
			RefreshPlugins (0ms)
			BeforeProcessingInitializeOnLoad (63ms)
			ProcessInitializeOnLoadAttributes (188ms)
			ProcessInitializeOnLoadMethodAttributes (145ms)
			AfterProcessingInitializeOnLoad (9ms)
			EditorAssembliesLoaded (0ms)
		ExecutionOrderSort2 (0ms)
		AwakeInstancesAfterBackupRestoration (6ms)
Refreshing native plugins compatible for Editor in 18.05 ms, found 4 plugins.
Preloading 0 native plugins for Editor in 0.00 ms.
Unloading 2415 Unused Serialized files (Serialized files now loaded: 0)
Unloading 66 unused Assets / (51.8 KB). Loaded Objects now: 2875.
Memory consumption went from 104.4 MB to 104.4 MB.
Total: 7.487100 ms (FindLiveObjects: 0.316500 ms CreateObjectMapping: 0.068700 ms MarkObjects: 6.991600 ms  DeleteObjects: 0.109100 ms)

Prepare: number of updated asset objects reloaded= 0
AssetImportParameters requested are different than current active one (requested -> active):
  custom:video-decoder-webm-vp8: 9c59270c3fd7afecdb556c50c9e8de78 -> 
  custom:SearchIndexIgnoredProperties: e643bd26f0fe6173181afceb89e7c659 -> 
  custom:container-demuxer-ogg: 62fdf1f143b41e24485cea50d1cbac27 -> 
  custom:AudioImporter_EditorPlatform: d09bf68614088b80899f8185d706f6e7 -> 
  custom:video-decoder-ogg-theora: a1e56fd34408186e4bbccfd4996cb3dc -> 
  custom:framework-win-MediaFoundation: 216162199b28c13a410421893ffa2e32 -> 
  custom:video-encoder-webm-vp8: eb34c28f22e8b96e1ab97ce403110664 -> 
  custom:audio-decoder-ogg-vorbis: bf7c407c2cedff20999df2af8eb42d56 -> 
  custom:CustomObjectIndexerAttribute: 756ad292c208cfabdd7b50bc23989ffe -> 
  custom:container-demuxer-webm: 4f35f7cbe854078d1ac9338744f61a02 -> 
  custom:audio-encoder-webm-vorbis: bf7c407c2cedff20999df2af8eb42d56 -> 
  custom:container-muxer-webm: aa71ff27fc2769a1b78a27578f13a17b -> 
========================================================================
Received Prepare
Begin MonoManager ReloadAssembly
Symbol file LoadedFromMemory is not a mono symbol file
- Loaded All Assemblies, in  0.641 seconds
Refreshing native plugins compatible for Editor in 12.41 ms, found 4 plugins.
Native extension for WindowsStandalone target not found
Native extension for WebGL target not found
Mono: successfully reloaded assembly
- Finished resetting the current domain, in  0.790 seconds
Domain Reload Profiling: 1423ms
	BeginReloadAssembly (138ms)
		ExecutionOrderSort (0ms)
		DisableScriptedObjects (5ms)
		BackupInstance (0ms)
		ReleaseScriptingObjects (0ms)
		CreateAndSetChildDomain (32ms)
	RebuildCommonClasses (32ms)
	RebuildNativeTypeToScriptingClass (11ms)
	initialDomainReloadingComplete (36ms)
	LoadAllAssembliesAndSetupDomain (415ms)
		LoadAssemblies (276ms)
		RebuildTransferFunctionScriptingTraits (0ms)
		AnalyzeDomain (196ms)
			TypeCache.Refresh (193ms)
				TypeCache.ScanAssembly (182ms)
			ScanForSourceGeneratedMonoScriptInfo (0ms)
			ResolveRequiredComponents (2ms)
	FinalizeReload (790ms)
		ReleaseScriptCaches (0ms)
		RebuildScriptCaches (0ms)
		SetupLoadedEditorAssemblies (411ms)
			LogAssemblyErrors (0ms)
			InitializePlatformSupportModulesInManaged (8ms)
			SetLoadedEditorAssemblies (3ms)
			RefreshPlugins (0ms)
			BeforeProcessingInitializeOnLoad (65ms)
			ProcessInitializeOnLoadAttributes (186ms)
			ProcessInitializeOnLoadMethodAttributes (141ms)
			AfterProcessingInitializeOnLoad (9ms)
			EditorAssembliesLoaded (0ms)
		ExecutionOrderSort2 (0ms)
		AwakeInstancesAfterBackupRestoration (7ms)
Refreshing native plugins compatible for Editor in 19.52 ms, found 4 plugins.
Preloading 0 native plugins for Editor in 0.00 ms.
Unloading 2416 Unused Serialized files (Serialized files now loaded: 0)
Unloading 66 unused Assets / (51.9 KB). Loaded Objects now: 2878.
Memory consumption went from 104.7 MB to 104.6 MB.
Total: 8.249800 ms (FindLiveObjects: 0.265100 ms CreateObjectMapping: 0.079600 ms MarkObjects: 7.791300 ms  DeleteObjects: 0.112500 ms)

Prepare: number of updated asset objects reloaded= 0
AssetImportParameters requested are different than current active one (requested -> active):
  custom:video-decoder-webm-vp8: 9c59270c3fd7afecdb556c50c9e8de78 -> 
  custom:SearchIndexIgnoredProperties: e643bd26f0fe6173181afceb89e7c659 -> 
  custom:container-demuxer-ogg: 62fdf1f143b41e24485cea50d1cbac27 -> 
  custom:AudioImporter_EditorPlatform: d09bf68614088b80899f8185d706f6e7 -> 
  custom:video-decoder-ogg-theora: a1e56fd34408186e4bbccfd4996cb3dc -> 
  custom:framework-win-MediaFoundation: 216162199b28c13a410421893ffa2e32 -> 
  custom:video-encoder-webm-vp8: eb34c28f22e8b96e1ab97ce403110664 -> 
  custom:audio-decoder-ogg-vorbis: bf7c407c2cedff20999df2af8eb42d56 -> 
  custom:CustomObjectIndexerAttribute: 756ad292c208cfabdd7b50bc23989ffe -> 
  custom:container-demuxer-webm: 4f35f7cbe854078d1ac9338744f61a02 -> 
  custom:audio-encoder-webm-vorbis: bf7c407c2cedff20999df2af8eb42d56 -> 
  custom:container-muxer-webm: aa71ff27fc2769a1b78a27578f13a17b -> 
========================================================================
Received Prepare
Begin MonoManager ReloadAssembly
Symbol file LoadedFromMemory is not a mono symbol file
- Loaded All Assemblies, in  0.633 seconds
Refreshing native plugins compatible for Editor in 12.58 ms, found 4 plugins.
Native extension for WindowsStandalone target not found
Native extension for WebGL target not found
Mono: successfully reloaded assembly
- Finished resetting the current domain, in  0.779 seconds
Domain Reload Profiling: 1408ms
	BeginReloadAssembly (136ms)
		ExecutionOrderSort (0ms)
		DisableScriptedObjects (5ms)
		BackupInstance (0ms)
		ReleaseScriptingObjects (0ms)
		CreateAndSetChildDomain (33ms)
	RebuildCommonClasses (34ms)
	RebuildNativeTypeToScriptingClass (12ms)
	initialDomainReloadingComplete (33ms)
	LoadAllAssembliesAndSetupDomain (413ms)
		LoadAssemblies (272ms)
		RebuildTransferFunctionScriptingTraits (0ms)
		AnalyzeDomain (198ms)
			TypeCache.Refresh (196ms)
				TypeCache.ScanAssembly (185ms)
			ScanForSourceGeneratedMonoScriptInfo (0ms)
			ResolveRequiredComponents (2ms)
	FinalizeReload (780ms)
		ReleaseScriptCaches (0ms)
		RebuildScriptCaches (0ms)
		SetupLoadedEditorAssemblies (421ms)
			LogAssemblyErrors (0ms)
			InitializePlatformSupportModulesInManaged (8ms)
			SetLoadedEditorAssemblies (3ms)
			RefreshPlugins (0ms)
			BeforeProcessingInitializeOnLoad (65ms)
			ProcessInitializeOnLoadAttributes (196ms)
			ProcessInitializeOnLoadMethodAttributes (137ms)
			AfterProcessingInitializeOnLoad (12ms)
			EditorAssembliesLoaded (0ms)
		ExecutionOrderSort2 (0ms)
		AwakeInstancesAfterBackupRestoration (6ms)
Refreshing native plugins compatible for Editor in 20.25 ms, found 4 plugins.
Preloading 0 native plugins for Editor in 0.00 ms.
Unloading 2416 Unused Serialized files (Serialized files now loaded: 0)
Unloading 66 unused Assets / (51.9 KB). Loaded Objects now: 2881.
Memory consumption went from 104.7 MB to 104.6 MB.
Total: 7.498000 ms (FindLiveObjects: 0.245400 ms CreateObjectMapping: 0.069800 ms MarkObjects: 7.064200 ms  DeleteObjects: 0.117500 ms)

Prepare: number of updated asset objects reloaded= 0
AssetImportParameters requested are different than current active one (requested -> active):
  custom:video-decoder-webm-vp8: 9c59270c3fd7afecdb556c50c9e8de78 -> 
  custom:SearchIndexIgnoredProperties: e643bd26f0fe6173181afceb89e7c659 -> 
  custom:container-demuxer-ogg: 62fdf1f143b41e24485cea50d1cbac27 -> 
  custom:AudioImporter_EditorPlatform: d09bf68614088b80899f8185d706f6e7 -> 
  custom:video-decoder-ogg-theora: a1e56fd34408186e4bbccfd4996cb3dc -> 
  custom:framework-win-MediaFoundation: 216162199b28c13a410421893ffa2e32 -> 
  custom:video-encoder-webm-vp8: eb34c28f22e8b96e1ab97ce403110664 -> 
  custom:audio-decoder-ogg-vorbis: bf7c407c2cedff20999df2af8eb42d56 -> 
  custom:CustomObjectIndexerAttribute: 756ad292c208cfabdd7b50bc23989ffe -> 
  custom:container-demuxer-webm: 4f35f7cbe854078d1ac9338744f61a02 -> 
  custom:audio-encoder-webm-vorbis: bf7c407c2cedff20999df2af8eb42d56 -> 
  custom:container-muxer-webm: aa71ff27fc2769a1b78a27578f13a17b -> 
========================================================================
Received Import Request.
  Time since last request: 540.941568 seconds.
  path: Assets/Pixel2DCastleTileset/Sprites/walls_side_top_18.asset
  artifactKey: Guid(58fff9385438e7e44898270d4ea50318) Importer(815301076,1909f56bfc062723c751e8b465ee728b)
Start importing Assets/Pixel2DCastleTileset/Sprites/walls_side_top_18.asset using Guid(58fff9385438e7e44898270d4ea50318) Importer(815301076,1909f56bfc062723c751e8b465ee728b)  -> (artifact id: 'fba10b3dc10a423a7f5128856d13a1de') in 0.084358 seconds
Number of updated asset objects reloaded before import = 0
Number of asset objects unloaded after import = 3
========================================================================
Received Import Request.
  Time since last request: 0.007721 seconds.
  path: Assets/Pixel2DCastleTileset/Sprites/walls_side_top_26.asset
  artifactKey: Guid(0b7c81b00dc8bfc41a3a1a6338672cc0) Importer(815301076,1909f56bfc062723c751e8b465ee728b)
Start importing Assets/Pixel2DCastleTileset/Sprites/walls_side_top_26.asset using Guid(0b7c81b00dc8bfc41a3a1a6338672cc0) Importer(815301076,1909f56bfc062723c751e8b465ee728b)  -> (artifact id: 'b77c976b5b88b1412e139967b460cc1a') in 0.013770 seconds
Number of updated asset objects reloaded before import = 0
Number of asset objects unloaded after import = 3
========================================================================
Received Import Request.
  Time since last request: 0.000022 seconds.
  path: Assets/Pixel2DCastleTileset/Sprites/walls_side_top_21.asset
  artifactKey: Guid(ae9913de783ee3d4d9680e4ccdbd9b7c) Importer(815301076,1909f56bfc062723c751e8b465ee728b)
Start importing Assets/Pixel2DCastleTileset/Sprites/walls_side_top_21.asset using Guid(ae9913de783ee3d4d9680e4ccdbd9b7c) Importer(815301076,1909f56bfc062723c751e8b465ee728b)  -> (artifact id: 'f7c3b06cca350b1ffcbbbe9e2a8e45e6') in 0.007164 seconds
Number of updated asset objects reloaded before import = 0
Number of asset objects unloaded after import = 3
========================================================================
Received Import Request.
  Time since last request: 0.000019 seconds.
  path: Assets/Pixel2DCastleTileset/Sprites/walls_side_top_22.asset
  artifactKey: Guid(534b80c35e894f0489f1cd552737666a) Importer(815301076,1909f56bfc062723c751e8b465ee728b)
Start importing Assets/Pixel2DCastleTileset/Sprites/walls_side_top_22.asset using Guid(534b80c35e894f0489f1cd552737666a) Importer(815301076,1909f56bfc062723c751e8b465ee728b)  -> (artifact id: '14652f5242ebf550f642030728f4d91b') in 0.009081 seconds
Number of updated asset objects reloaded before import = 0
Number of asset objects unloaded after import = 3
========================================================================
Received Import Request.
  Time since last request: 0.000020 seconds.
  path: Assets/Pixel2DCastleTileset/Sprites/walls_side_top_25.asset
  artifactKey: Guid(01608ba477875a34cb32f4bb5b98316b) Importer(815301076,1909f56bfc062723c751e8b465ee728b)
Start importing Assets/Pixel2DCastleTileset/Sprites/walls_side_top_25.asset using Guid(01608ba477875a34cb32f4bb5b98316b) Importer(815301076,1909f56bfc062723c751e8b465ee728b)  -> (artifact id: 'fbe4e615f06515edc8f5da8ae0654c7d') in 0.009155 seconds
Number of updated asset objects reloaded before import = 0
Number of asset objects unloaded after import = 3
========================================================================
Received Import Request.
  Time since last request: 0.000023 seconds.
  path: Assets/Pixel2DCastleTileset/Sprites/walls_side_top_20.asset
  artifactKey: Guid(addb408710ac0f74ba87ac778abe7344) Importer(815301076,1909f56bfc062723c751e8b465ee728b)
Start importing Assets/Pixel2DCastleTileset/Sprites/walls_side_top_20.asset using Guid(addb408710ac0f74ba87ac778abe7344) Importer(815301076,1909f56bfc062723c751e8b465ee728b)  -> (artifact id: '7e611f74452ed758dd61d4dcd01d669b') in 0.007849 seconds
Number of updated asset objects reloaded before import = 0
Number of asset objects unloaded after import = 3
========================================================================
Received Import Request.
  Time since last request: 0.000019 seconds.
  path: Assets/Pixel2DCastleTileset/Sprites/walls_side_top_27.asset
  artifactKey: Guid(02f4494adb568bf41b0f62e9969f850f) Importer(815301076,1909f56bfc062723c751e8b465ee728b)
Start importing Assets/Pixel2DCastleTileset/Sprites/walls_side_top_27.asset using Guid(02f4494adb568bf41b0f62e9969f850f) Importer(815301076,1909f56bfc062723c751e8b465ee728b)  -> (artifact id: '5c9b22146bdc60ddacab71054c9c913c') in 0.005841 seconds
Number of updated asset objects reloaded before import = 0
Number of asset objects unloaded after import = 3
========================================================================
Received Import Request.
  Time since last request: 0.032914 seconds.
  path: Assets/Pixel2DCastleTileset/Sprites/walls_side_top_32.asset
  artifactKey: Guid(07826329ae877b940a78b4aa6851a696) Importer(815301076,1909f56bfc062723c751e8b465ee728b)
Start importing Assets/Pixel2DCastleTileset/Sprites/walls_side_top_32.asset using Guid(07826329ae877b940a78b4aa6851a696) Importer(815301076,1909f56bfc062723c751e8b465ee728b)  -> (artifact id: '92591a54e8d728ad541013f0c0bd3ef0') in 0.006507 seconds
Number of updated asset objects reloaded before import = 0
Number of asset objects unloaded after import = 3
========================================================================
Received Import Request.
  Time since last request: 0.000013 seconds.
  path: Assets/Pixel2DCastleTileset/Sprites/walls_side_top_37.asset
  artifactKey: Guid(cfbcb5e78d32b8b46b6af980348c52cf) Importer(815301076,1909f56bfc062723c751e8b465ee728b)
Start importing Assets/Pixel2DCastleTileset/Sprites/walls_side_top_37.asset using Guid(cfbcb5e78d32b8b46b6af980348c52cf) Importer(815301076,1909f56bfc062723c751e8b465ee728b)  -> (artifact id: '75e2f289371b95ab032cf5794de55c9a') in 0.006248 seconds
Number of updated asset objects reloaded before import = 0
Number of asset objects unloaded after import = 3
========================================================================
Received Import Request.
  Time since last request: 0.000020 seconds.
  path: Assets/Pixel2DCastleTileset/Sprites/walls_side_top_44.asset
  artifactKey: Guid(f7f49da7cad539144b02d064333d17bc) Importer(815301076,1909f56bfc062723c751e8b465ee728b)
Start importing Assets/Pixel2DCastleTileset/Sprites/walls_side_top_44.asset using Guid(f7f49da7cad539144b02d064333d17bc) Importer(815301076,1909f56bfc062723c751e8b465ee728b)  -> (artifact id: '6134ba072b26081b6439c448ec91bb20') in 0.007139 seconds
Number of updated asset objects reloaded before import = 0
Number of asset objects unloaded after import = 3
========================================================================
Received Import Request.
  Time since last request: 0.000017 seconds.
  path: Assets/Pixel2DCastleTileset/Sprites/walls_side_top_49.asset
  artifactKey: Guid(8ed9e577cbb0a7843a559ec4007576c8) Importer(815301076,1909f56bfc062723c751e8b465ee728b)
Start importing Assets/Pixel2DCastleTileset/Sprites/walls_side_top_49.asset using Guid(8ed9e577cbb0a7843a559ec4007576c8) Importer(815301076,1909f56bfc062723c751e8b465ee728b)  -> (artifact id: 'd536a73966c6a05dd0fe839376128957') in 0.006618 seconds
Number of updated asset objects reloaded before import = 0
Number of asset objects unloaded after import = 3
========================================================================
Received Import Request.
  Time since last request: 0.000015 seconds.
  path: Assets/Pixel2DCastleTileset/Sprites/walls_side_top_50.asset
  artifactKey: Guid(9d80875b235cd5544b7f97e0a9ff0640) Importer(815301076,1909f56bfc062723c751e8b465ee728b)
Start importing Assets/Pixel2DCastleTileset/Sprites/walls_side_top_50.asset using Guid(9d80875b235cd5544b7f97e0a9ff0640) Importer(815301076,1909f56bfc062723c751e8b465ee728b)  -> (artifact id: '708d03ebc7ddeb964d3b5195fce18461') in 0.009597 seconds
Number of updated asset objects reloaded before import = 0
Number of asset objects unloaded after import = 3
========================================================================
Received Import Request.
  Time since last request: 0.000018 seconds.
  path: Assets/Pixel2DCastleTileset/Sprites/walls_side_top_62.asset
  artifactKey: Guid(36055e224a9cb2a4a8d8c3e9ffe81853) Importer(815301076,1909f56bfc062723c751e8b465ee728b)
Start importing Assets/Pixel2DCastleTileset/Sprites/walls_side_top_62.asset using Guid(36055e224a9cb2a4a8d8c3e9ffe81853) Importer(815301076,1909f56bfc062723c751e8b465ee728b)  -> (artifact id: '7e74709f5219f2ec5515cab2499dbbec') in 0.006767 seconds
Number of updated asset objects reloaded before import = 0
Number of asset objects unloaded after import = 3
========================================================================
Received Import Request.
  Time since last request: 0.000022 seconds.
  path: Assets/Pixel2DCastleTileset/Sprites/walls_side_top_72.asset
  artifactKey: Guid(3bc489dc59a836845a4704043906854a) Importer(815301076,1909f56bfc062723c751e8b465ee728b)
Start importing Assets/Pixel2DCastleTileset/Sprites/walls_side_top_72.asset using Guid(3bc489dc59a836845a4704043906854a) Importer(815301076,1909f56bfc062723c751e8b465ee728b)  -> (artifact id: '1271c4495b70431288603d35b35e97dd') in 0.009587 seconds
Number of updated asset objects reloaded before import = 0
Number of asset objects unloaded after import = 3
========================================================================
Received Import Request.
  Time since last request: 0.000014 seconds.
  path: Assets/Pixel2DCastleTileset/Sprites/walls_side_top_60.asset
  artifactKey: Guid(738ad926442173342992320b7bdd4c89) Importer(815301076,1909f56bfc062723c751e8b465ee728b)
Start importing Assets/Pixel2DCastleTileset/Sprites/walls_side_top_60.asset using Guid(738ad926442173342992320b7bdd4c89) Importer(815301076,1909f56bfc062723c751e8b465ee728b)  -> (artifact id: '4e35f89c7259d80f6011bc427539462c') in 0.006344 seconds
Number of updated asset objects reloaded before import = 0
Number of asset objects unloaded after import = 3
========================================================================
Received Import Request.
  Time since last request: 0.000018 seconds.
  path: Assets/Pixel2DCastleTileset/Sprites/walls_side_top_74.asset
  artifactKey: Guid(a6883627c7804d14288b5427a2900b3c) Importer(815301076,1909f56bfc062723c751e8b465ee728b)
Start importing Assets/Pixel2DCastleTileset/Sprites/walls_side_top_74.asset using Guid(a6883627c7804d14288b5427a2900b3c) Importer(815301076,1909f56bfc062723c751e8b465ee728b)  -> (artifact id: '9b549b99ca0fa34844a7b40c9778240f') in 0.007414 seconds
Number of updated asset objects reloaded before import = 0
Number of asset objects unloaded after import = 3
========================================================================
Received Import Request.
  Time since last request: 0.000017 seconds.
  path: Assets/Pixel2DCastleTileset/Sprites/walls_side_top_94.asset
  artifactKey: Guid(922101849f526544da52822f3038cf7a) Importer(815301076,1909f56bfc062723c751e8b465ee728b)
Start importing Assets/Pixel2DCastleTileset/Sprites/walls_side_top_94.asset using Guid(922101849f526544da52822f3038cf7a) Importer(815301076,1909f56bfc062723c751e8b465ee728b)  -> (artifact id: 'fbeb5b37f1f5edaaf320bec5c6777711') in 0.007475 seconds
Number of updated asset objects reloaded before import = 0
Number of asset objects unloaded after import = 3
========================================================================
Received Import Request.
  Time since last request: 0.000015 seconds.
  path: Assets/Pixel2DCastleTileset/Sprites/walls_side_top_75.asset
  artifactKey: Guid(66cea2ab0fc8de74d866dba63ff73507) Importer(815301076,1909f56bfc062723c751e8b465ee728b)
Start importing Assets/Pixel2DCastleTileset/Sprites/walls_side_top_75.asset using Guid(66cea2ab0fc8de74d866dba63ff73507) Importer(815301076,1909f56bfc062723c751e8b465ee728b)  -> (artifact id: 'e6e8ef0248ae004ecba36dd5305f438e') in 0.007144 seconds
Number of updated asset objects reloaded before import = 0
Number of asset objects unloaded after import = 3
========================================================================
Received Import Request.
  Time since last request: 0.000018 seconds.
  path: Assets/Pixel2DCastleTileset/Sprites/walls_side_top_97.asset
  artifactKey: Guid(adeeea75d65c287418f88e2f8122066d) Importer(815301076,1909f56bfc062723c751e8b465ee728b)
Start importing Assets/Pixel2DCastleTileset/Sprites/walls_side_top_97.asset using Guid(adeeea75d65c287418f88e2f8122066d) Importer(815301076,1909f56bfc062723c751e8b465ee728b)  -> (artifact id: '11c9a743844a0e472f2a77df6b5a4848') in 0.006966 seconds
Number of updated asset objects reloaded before import = 0
Number of asset objects unloaded after import = 3
========================================================================
Received Import Request.
  Time since last request: 0.000023 seconds.
  path: Assets/Pixel2DCastleTileset/Sprites/walls_side_top_76.asset
  artifactKey: Guid(d130201b0dcbe8746be8220651df74ff) Importer(815301076,1909f56bfc062723c751e8b465ee728b)
Start importing Assets/Pixel2DCastleTileset/Sprites/walls_side_top_76.asset using Guid(d130201b0dcbe8746be8220651df74ff) Importer(815301076,1909f56bfc062723c751e8b465ee728b)  -> (artifact id: 'bb62c0ea8e245d56fc41ccebc34eb006') in 0.009701 seconds
Number of updated asset objects reloaded before import = 0
Number of asset objects unloaded after import = 3
========================================================================
Received Import Request.
  Time since last request: 0.000022 seconds.
  path: Assets/Pixel2DCastleTileset/Sprites/walls_side_top_36.asset
  artifactKey: Guid(7d5b41aa719ec31449318ede9e3850dc) Importer(815301076,1909f56bfc062723c751e8b465ee728b)
Start importing Assets/Pixel2DCastleTileset/Sprites/walls_side_top_36.asset using Guid(7d5b41aa719ec31449318ede9e3850dc) Importer(815301076,1909f56bfc062723c751e8b465ee728b)  -> (artifact id: '79146e7e2cb91518ae2078bd3b0a0b16') in 0.006697 seconds
Number of updated asset objects reloaded before import = 0
Number of asset objects unloaded after import = 3
========================================================================
Received Import Request.
  Time since last request: 0.000026 seconds.
  path: Assets/Pixel2DCastleTileset/Sprites/walls_side_top_88.asset
  artifactKey: Guid(6b0d029e932bc50439b53e0c134894b6) Importer(815301076,1909f56bfc062723c751e8b465ee728b)
Start importing Assets/Pixel2DCastleTileset/Sprites/walls_side_top_88.asset using Guid(6b0d029e932bc50439b53e0c134894b6) Importer(815301076,1909f56bfc062723c751e8b465ee728b)  -> (artifact id: '54392727ec880d86f3caf5e53c6c8025') in 0.010919 seconds
Number of updated asset objects reloaded before import = 0
Number of asset objects unloaded after import = 3
========================================================================
Received Import Request.
  Time since last request: 0.000030 seconds.
  path: Assets/Pixel2DCastleTileset/Sprites/walls_side_top_79.asset
  artifactKey: Guid(0683b6ee593839043bb6621cc1adff1d) Importer(815301076,1909f56bfc062723c751e8b465ee728b)
Start importing Assets/Pixel2DCastleTileset/Sprites/walls_side_top_79.asset using Guid(0683b6ee593839043bb6621cc1adff1d) Importer(815301076,1909f56bfc062723c751e8b465ee728b)  -> (artifact id: 'cf131acdbc7f791ab24b6520a9155430') in 0.006357 seconds
Number of updated asset objects reloaded before import = 0
Number of asset objects unloaded after import = 3
========================================================================
Received Import Request.
  Time since last request: 0.000021 seconds.
  path: Assets/Pixel2DCastleTileset/Sprites/walls_side_top_70.asset
  artifactKey: Guid(1dbf31ea4519f604e889fc998d716c0d) Importer(815301076,1909f56bfc062723c751e8b465ee728b)
Start importing Assets/Pixel2DCastleTileset/Sprites/walls_side_top_70.asset using Guid(1dbf31ea4519f604e889fc998d716c0d) Importer(815301076,1909f56bfc062723c751e8b465ee728b)  -> (artifact id: '7e3ac1e48092b8c8b46e613cc231bbda') in 0.005382 seconds
Number of updated asset objects reloaded before import = 0
Number of asset objects unloaded after import = 3
========================================================================
Received Import Request.
  Time since last request: 0.000014 seconds.
  path: Assets/Pixel2DCastleTileset/Sprites/walls_side_top_58.asset
  artifactKey: Guid(be738b040f2f9d24088fa964fc6fa55e) Importer(815301076,1909f56bfc062723c751e8b465ee728b)
Start importing Assets/Pixel2DCastleTileset/Sprites/walls_side_top_58.asset using Guid(be738b040f2f9d24088fa964fc6fa55e) Importer(815301076,1909f56bfc062723c751e8b465ee728b)  -> (artifact id: 'fab2a84540ab6d2f8eabf22ce649ed2b') in 0.007286 seconds
Number of updated asset objects reloaded before import = 0
Number of asset objects unloaded after import = 3
========================================================================
Received Import Request.
  Time since last request: 0.000014 seconds.
  path: Assets/Pixel2DCastleTileset/Sprites/walls_side_top_64.asset
  artifactKey: Guid(514e2bf251eb77948a16197eacc655b6) Importer(815301076,1909f56bfc062723c751e8b465ee728b)
Start importing Assets/Pixel2DCastleTileset/Sprites/walls_side_top_64.asset using Guid(514e2bf251eb77948a16197eacc655b6) Importer(815301076,1909f56bfc062723c751e8b465ee728b)  -> (artifact id: '89b1f4ca07f05179092320073fd846bf') in 0.006820 seconds
Number of updated asset objects reloaded before import = 0
Number of asset objects unloaded after import = 3
========================================================================
Received Import Request.
  Time since last request: 0.000011 seconds.
  path: Assets/Pixel2DCastleTileset/Sprites/walls_side_top_89.asset
  artifactKey: Guid(c35aadc4294f8d240bac40c90d679775) Importer(815301076,1909f56bfc062723c751e8b465ee728b)
Start importing Assets/Pixel2DCastleTileset/Sprites/walls_side_top_89.asset using Guid(c35aadc4294f8d240bac40c90d679775) Importer(815301076,1909f56bfc062723c751e8b465ee728b)  -> (artifact id: 'f9afad5dab8b70af6588f657414ebd63') in 0.005575 seconds
Number of updated asset objects reloaded before import = 0
Number of asset objects unloaded after import = 3
========================================================================
Received Import Request.
  Time since last request: 0.000016 seconds.
  path: Assets/Pixel2DCastleTileset/Sprites/walls_side_top_47.asset
  artifactKey: Guid(5388f543541f92242bbf06f34a0ae1b4) Importer(815301076,1909f56bfc062723c751e8b465ee728b)
Start importing Assets/Pixel2DCastleTileset/Sprites/walls_side_top_47.asset using Guid(5388f543541f92242bbf06f34a0ae1b4) Importer(815301076,1909f56bfc062723c751e8b465ee728b)  -> (artifact id: 'f870f6be5cef93f7f8d69fd72d994566') in 0.006223 seconds
Number of updated asset objects reloaded before import = 0
Number of asset objects unloaded after import = 3
========================================================================
Received Import Request.
  Time since last request: 0.000019 seconds.
  path: Assets/Pixel2DCastleTileset/Sprites/walls_side_top_86.asset
  artifactKey: Guid(3cf41687529fa95428538180ac2fd0de) Importer(815301076,1909f56bfc062723c751e8b465ee728b)
Start importing Assets/Pixel2DCastleTileset/Sprites/walls_side_top_86.asset using Guid(3cf41687529fa95428538180ac2fd0de) Importer(815301076,1909f56bfc062723c751e8b465ee728b)  -> (artifact id: '970515aff54af77c850fd294aff504ca') in 0.008073 seconds
Number of updated asset objects reloaded before import = 0
Number of asset objects unloaded after import = 3
========================================================================
Received Import Request.
  Time since last request: 0.000021 seconds.
  path: Assets/Pixel2DCastleTileset/Sprites/walls_side_top_40.asset
  artifactKey: Guid(8a21782c1e9fad643b7a2cf937b9a141) Importer(815301076,1909f56bfc062723c751e8b465ee728b)
Start importing Assets/Pixel2DCastleTileset/Sprites/walls_side_top_40.asset using Guid(8a21782c1e9fad643b7a2cf937b9a141) Importer(815301076,1909f56bfc062723c751e8b465ee728b)  -> (artifact id: '74f67851d70d15ed19c47f1a5a390fa9') in 0.006669 seconds
Number of updated asset objects reloaded before import = 0
Number of asset objects unloaded after import = 3
========================================================================
Received Import Request.
  Time since last request: 0.000013 seconds.
  path: Assets/Pixel2DCastleTileset/Sprites/walls_side_top_73.asset
  artifactKey: Guid(18fadff01bebad143ac13430441b755d) Importer(815301076,1909f56bfc062723c751e8b465ee728b)
Start importing Assets/Pixel2DCastleTileset/Sprites/walls_side_top_73.asset using Guid(18fadff01bebad143ac13430441b755d) Importer(815301076,1909f56bfc062723c751e8b465ee728b)  -> (artifact id: '1a986c5b0011dcf842854c4bebe8487d') in 0.008913 seconds
Number of updated asset objects reloaded before import = 0
Number of asset objects unloaded after import = 3
========================================================================
Received Import Request.
  Time since last request: 0.000018 seconds.
  path: Assets/Pixel2DCastleTileset/Sprites/walls_side_top_82.asset
  artifactKey: Guid(2f99bb4a97792f843887a436dcbeae59) Importer(815301076,1909f56bfc062723c751e8b465ee728b)
Start importing Assets/Pixel2DCastleTileset/Sprites/walls_side_top_82.asset using Guid(2f99bb4a97792f843887a436dcbeae59) Importer(815301076,1909f56bfc062723c751e8b465ee728b)  -> (artifact id: 'd1ead8fcf26cc60964871215b4dbc466') in 0.005902 seconds
Number of updated asset objects reloaded before import = 0
Number of asset objects unloaded after import = 3
========================================================================
Received Import Request.
  Time since last request: 0.000021 seconds.
  path: Assets/Pixel2DCastleTileset/Sprites/walls_side_top_34.asset
  artifactKey: Guid(4fe6e9b0e5a7eca45a1a632b7fc3b003) Importer(815301076,1909f56bfc062723c751e8b465ee728b)
Start importing Assets/Pixel2DCastleTileset/Sprites/walls_side_top_34.asset using Guid(4fe6e9b0e5a7eca45a1a632b7fc3b003) Importer(815301076,1909f56bfc062723c751e8b465ee728b)  -> (artifact id: '9e08a1ce3b522dc9e8b967685dda3a72') in 0.006033 seconds
Number of updated asset objects reloaded before import = 0
Number of asset objects unloaded after import = 3
========================================================================
Received Import Request.
  Time since last request: 0.000016 seconds.
  path: Assets/Pixel2DCastleTileset/Sprites/walls_side_top_81.asset
  artifactKey: Guid(3568b9a0d92310e43aa43014a95e11cc) Importer(815301076,1909f56bfc062723c751e8b465ee728b)
Start importing Assets/Pixel2DCastleTileset/Sprites/walls_side_top_81.asset using Guid(3568b9a0d92310e43aa43014a95e11cc) Importer(815301076,1909f56bfc062723c751e8b465ee728b)  -> (artifact id: '27d9ab374290b6d4689c9b6610603d4a') in 0.007323 seconds
Number of updated asset objects reloaded before import = 0
Number of asset objects unloaded after import = 3
========================================================================
Received Import Request.
  Time since last request: 0.000016 seconds.
  path: Assets/Pixel2DCastleTileset/Sprites/walls_side_top_66.asset
  artifactKey: Guid(9f636ff4fb647d14d98d567d19b0a036) Importer(815301076,1909f56bfc062723c751e8b465ee728b)
Start importing Assets/Pixel2DCastleTileset/Sprites/walls_side_top_66.asset using Guid(9f636ff4fb647d14d98d567d19b0a036) Importer(815301076,1909f56bfc062723c751e8b465ee728b)  -> (artifact id: 'eb0b5f8491ca6cd605acb5a8cf0a97e2') in 0.006062 seconds
Number of updated asset objects reloaded before import = 0
Number of asset objects unloaded after import = 3
========================================================================
Received Import Request.
  Time since last request: 0.000015 seconds.
  path: Assets/Pixel2DCastleTileset/Sprites/walls_side_top_99.asset
  artifactKey: Guid(1cf1b113444b857499e7bce67782e233) Importer(815301076,1909f56bfc062723c751e8b465ee728b)
Start importing Assets/Pixel2DCastleTileset/Sprites/walls_side_top_99.asset using Guid(1cf1b113444b857499e7bce67782e233) Importer(815301076,1909f56bfc062723c751e8b465ee728b)  -> (artifact id: '5397c15c29dc31b09b3386b5a67fdcd9') in 0.006175 seconds
Number of updated asset objects reloaded before import = 0
Number of asset objects unloaded after import = 3
========================================================================
Received Import Request.
  Time since last request: 0.000017 seconds.
  path: Assets/Pixel2DCastleTileset/Sprites/walls_side_top_98.asset
  artifactKey: Guid(437c3763478a98040aad07483174a1d4) Importer(815301076,1909f56bfc062723c751e8b465ee728b)
Start importing Assets/Pixel2DCastleTileset/Sprites/walls_side_top_98.asset using Guid(437c3763478a98040aad07483174a1d4) Importer(815301076,1909f56bfc062723c751e8b465ee728b)  -> (artifact id: 'db3e7cb773b3a3b3913690b363a584f4') in 0.006589 seconds
Number of updated asset objects reloaded before import = 0
Number of asset objects unloaded after import = 3
========================================================================
Received Import Request.
  Time since last request: 0.000017 seconds.
  path: Assets/Pixel2DCastleTileset/Sprites/walls_side_top_83.asset
  artifactKey: Guid(c6072b1879be14a408f7008159f9cc24) Importer(815301076,1909f56bfc062723c751e8b465ee728b)
Start importing Assets/Pixel2DCastleTileset/Sprites/walls_side_top_83.asset using Guid(c6072b1879be14a408f7008159f9cc24) Importer(815301076,1909f56bfc062723c751e8b465ee728b)  -> (artifact id: 'ad1c9ee62307494a6b9338f9d03208aa') in 0.006849 seconds
Number of updated asset objects reloaded before import = 0
Number of asset objects unloaded after import = 3
========================================================================
Received Import Request.
  Time since last request: 0.000020 seconds.
  path: Assets/Pixel2DCastleTileset/Sprites/walls_side_top_85.asset
  artifactKey: Guid(59a2b72e7094b0f40b712f47de1cee39) Importer(815301076,1909f56bfc062723c751e8b465ee728b)
Start importing Assets/Pixel2DCastleTileset/Sprites/walls_side_top_85.asset using Guid(59a2b72e7094b0f40b712f47de1cee39) Importer(815301076,1909f56bfc062723c751e8b465ee728b)  -> (artifact id: 'a422aef60f9c24104a2a6fc597b7e7fd') in 0.005741 seconds
Number of updated asset objects reloaded before import = 0
Number of asset objects unloaded after import = 3
========================================================================
Received Import Request.
  Time since last request: 0.000015 seconds.
  path: Assets/Pixel2DCastleTileset/Sprites/walls_side_top_93.asset
  artifactKey: Guid(a85e1f3faf9dcd04998e783fa4996040) Importer(815301076,1909f56bfc062723c751e8b465ee728b)
Start importing Assets/Pixel2DCastleTileset/Sprites/walls_side_top_93.asset using Guid(a85e1f3faf9dcd04998e783fa4996040) Importer(815301076,1909f56bfc062723c751e8b465ee728b)  -> (artifact id: 'e6ef452cfcd6782cbb0673cca9f7eea8') in 0.006041 seconds
Number of updated asset objects reloaded before import = 0
Number of asset objects unloaded after import = 3
========================================================================
Received Import Request.
  Time since last request: 0.000086 seconds.
  path: Assets/Pixel2DCastleTileset/Sprites/walls_side_top_61.asset
  artifactKey: Guid(dd44926995e6a3d4192ccbfab50f3178) Importer(815301076,1909f56bfc062723c751e8b465ee728b)
Start importing Assets/Pixel2DCastleTileset/Sprites/walls_side_top_61.asset using Guid(dd44926995e6a3d4192ccbfab50f3178) Importer(815301076,1909f56bfc062723c751e8b465ee728b)  -> (artifact id: '46c56299379b724f4a40f7aed650177e') in 0.007170 seconds
Number of updated asset objects reloaded before import = 0
Number of asset objects unloaded after import = 3
Editor requested this worker to shutdown with reason: Scaling down because of idle timeout
TcpMessagingSession - receive error: operation aborted. errorcode: 995, details: A operação de E/S foi anulada devido a uma saída de thread ou a uma requisição de aplicativo.
AssetImportWorker is now disconnected from the server
Process exiting
Exiting without the bug reporter. Application will terminate with return code 0