Using pre-set license
Built from '2022.3/staging' branch; Version is '2022.3.6f1 (b9e6e7e9fa2d) revision 12183271'; Using compiler version '192829333'; Build Type 'Release'
OS: 'Windows 10  (10.0.19045) 64bit Professional' Language: 'pt' Physical Memory: 16295 MB
BatchMode: 1, IsHumanControllingUs: 0, StartBugReporterOnCrash: 0, Is64bit: 1, IsPro: 1

COMMAND LINE ARGUMENTS:
C:\Program Files\Unity\Hub\Editor\2022.3.6f1\Editor\Unity.exe
-adb2
-batchMode
-noUpm
-name
AssetImportWorker19
-projectPath
C:/Users/Jorge Santos/Desktop/MEGAMAN/MegamanRemix
-logFile
Logs/AssetImportWorker19.log
-srvPort
55435
Successfully changed project path to: C:/Users/Jorge Santos/Desktop/MEGAMAN/MegamanRemix
C:/Users/Jorge Santos/Desktop/MEGAMAN/MegamanRemix
[UnityMemory] Configuration Parameters - Can be set up in boot.config
    "memorysetup-bucket-allocator-granularity=16"
    "memorysetup-bucket-allocator-bucket-count=8"
    "memorysetup-bucket-allocator-block-size=33554432"
    "memorysetup-bucket-allocator-block-count=8"
    "memorysetup-main-allocator-block-size=16777216"
    "memorysetup-thread-allocator-block-size=16777216"
    "memorysetup-gfx-main-allocator-block-size=16777216"
    "memorysetup-gfx-thread-allocator-block-size=16777216"
    "memorysetup-cache-allocator-block-size=4194304"
    "memorysetup-typetree-allocator-block-size=2097152"
    "memorysetup-profiler-bucket-allocator-granularity=16"
    "memorysetup-profiler-bucket-allocator-bucket-count=8"
    "memorysetup-profiler-bucket-allocator-block-size=33554432"
    "memorysetup-profiler-bucket-allocator-block-count=8"
    "memorysetup-profiler-allocator-block-size=16777216"
    "memorysetup-profiler-editor-allocator-block-size=1048576"
    "memorysetup-temp-allocator-size-main=16777216"
    "memorysetup-job-temp-allocator-block-size=2097152"
    "memorysetup-job-temp-allocator-block-size-background=1048576"
    "memorysetup-job-temp-allocator-reduction-small-platforms=262144"
    "memorysetup-allocator-temp-initial-block-size-main=262144"
    "memorysetup-allocator-temp-initial-block-size-worker=262144"
    "memorysetup-temp-allocator-size-background-worker=32768"
    "memorysetup-temp-allocator-size-job-worker=262144"
    "memorysetup-temp-allocator-size-preload-manager=33554432"
    "memorysetup-temp-allocator-size-nav-mesh-worker=65536"
    "memorysetup-temp-allocator-size-audio-worker=65536"
    "memorysetup-temp-allocator-size-cloud-worker=32768"
    "memorysetup-temp-allocator-size-gi-baking-worker=262144"
    "memorysetup-temp-allocator-size-gfx=262144"
Player connection [48152] Host "[IP] 192.168.15.114 [Port] 0 [Flags] 2 [Guid] 4182795854 [EditorId] 4182795854 [Version] 1048832 [Id] WindowsEditor(7,DESKTOP-7BIHLFE) [Debug] 1 [PackageName] WindowsEditor [ProjectName] Editor" joined multi-casting on [225.0.0.222:54997]...

Player connection [48152] Host "[IP] 192.168.15.114 [Port] 0 [Flags] 2 [Guid] 4182795854 [EditorId] 4182795854 [Version] 1048832 [Id] WindowsEditor(7,DESKTOP-7BIHLFE) [Debug] 1 [PackageName] WindowsEditor [ProjectName] Editor" joined alternative multi-casting on [225.0.0.222:34997]...

Refreshing native plugins compatible for Editor in 31.09 ms, found 4 plugins.
Preloading 0 native plugins for Editor in 0.00 ms.
Initialize engine version: 2022.3.6f1 (b9e6e7e9fa2d)
[Subsystems] Discovering subsystems at path C:/Program Files/Unity/Hub/Editor/2022.3.6f1/Editor/Data/Resources/UnitySubsystems
[Subsystems] Discovering subsystems at path C:/Users/Jorge Santos/Desktop/MEGAMAN/MegamanRemix/Assets
GfxDevice: creating device client; threaded=0; jobified=0
Direct3D:
    Version:  Direct3D 11.0 [level 11.1]
    Renderer: NVIDIA GeForce GTX 1650 (ID=0x1f82)
    Vendor:   NVIDIA
    VRAM:     3949 MB
    Driver:   31.0.15.3623
Initialize mono
Mono path[0] = 'C:/Program Files/Unity/Hub/Editor/2022.3.6f1/Editor/Data/Managed'
Mono path[1] = 'C:/Program Files/Unity/Hub/Editor/2022.3.6f1/Editor/Data/MonoBleedingEdge/lib/mono/unityjit-win32'
Mono config path = 'C:/Program Files/Unity/Hub/Editor/2022.3.6f1/Editor/Data/MonoBleedingEdge/etc'
Using monoOptions --debugger-agent=transport=dt_socket,embedding=1,server=y,suspend=n,address=127.0.0.1:56228
Begin MonoManager ReloadAssembly
Registering precompiled unity dll's ...
Register platform support module: C:/Program Files/Unity/Hub/Editor/2022.3.6f1/Editor/Data/PlaybackEngines/WebGLSupport/UnityEditor.WebGL.Extensions.dll
Register platform support module: C:/Program Files/Unity/Hub/Editor/2022.3.6f1/Editor/Data/PlaybackEngines/WindowsStandaloneSupport/UnityEditor.WindowsStandalone.Extensions.dll
Registered in 0.017151 seconds.
- Loaded All Assemblies, in  0.408 seconds
Native extension for WindowsStandalone target not found
Native extension for WebGL target not found
Mono: successfully reloaded assembly
- Finished resetting the current domain, in  0.269 seconds
Domain Reload Profiling: 673ms
	BeginReloadAssembly (104ms)
		ExecutionOrderSort (0ms)
		DisableScriptedObjects (0ms)
		BackupInstance (0ms)
		ReleaseScriptingObjects (0ms)
		CreateAndSetChildDomain (1ms)
	RebuildCommonClasses (35ms)
	RebuildNativeTypeToScriptingClass (16ms)
	initialDomainReloadingComplete (91ms)
	LoadAllAssembliesAndSetupDomain (158ms)
		LoadAssemblies (101ms)
		RebuildTransferFunctionScriptingTraits (0ms)
		AnalyzeDomain (147ms)
			TypeCache.Refresh (146ms)
				TypeCache.ScanAssembly (135ms)
			ScanForSourceGeneratedMonoScriptInfo (0ms)
			ResolveRequiredComponents (0ms)
	FinalizeReload (269ms)
		ReleaseScriptCaches (0ms)
		RebuildScriptCaches (0ms)
		SetupLoadedEditorAssemblies (216ms)
			LogAssemblyErrors (0ms)
			InitializePlatformSupportModulesInManaged (11ms)
			SetLoadedEditorAssemblies (4ms)
			RefreshPlugins (0ms)
			BeforeProcessingInitializeOnLoad (2ms)
			ProcessInitializeOnLoadAttributes (142ms)
			ProcessInitializeOnLoadMethodAttributes (57ms)
			AfterProcessingInitializeOnLoad (0ms)
			EditorAssembliesLoaded (0ms)
		ExecutionOrderSort2 (0ms)
		AwakeInstancesAfterBackupRestoration (0ms)
========================================================================
Worker process is ready to serve import requests
Begin MonoManager ReloadAssembly
Symbol file LoadedFromMemory is not a mono symbol file
- Loaded All Assemblies, in  0.729 seconds
Refreshing native plugins compatible for Editor in 13.18 ms, found 4 plugins.
Native extension for WindowsStandalone target not found
Native extension for WebGL target not found
Mono: successfully reloaded assembly
- Finished resetting the current domain, in  0.533 seconds
Domain Reload Profiling: 1256ms
	BeginReloadAssembly (128ms)
		ExecutionOrderSort (0ms)
		DisableScriptedObjects (5ms)
		BackupInstance (0ms)
		ReleaseScriptingObjects (0ms)
		CreateAndSetChildDomain (21ms)
	RebuildCommonClasses (31ms)
	RebuildNativeTypeToScriptingClass (10ms)
	initialDomainReloadingComplete (46ms)
	LoadAllAssembliesAndSetupDomain (506ms)
		LoadAssemblies (316ms)
		RebuildTransferFunctionScriptingTraits (0ms)
		AnalyzeDomain (245ms)
			TypeCache.Refresh (228ms)
				TypeCache.ScanAssembly (211ms)
			ScanForSourceGeneratedMonoScriptInfo (15ms)
			ResolveRequiredComponents (2ms)
	FinalizeReload (533ms)
		ReleaseScriptCaches (0ms)
		RebuildScriptCaches (0ms)
		SetupLoadedEditorAssemblies (409ms)
			LogAssemblyErrors (0ms)
			InitializePlatformSupportModulesInManaged (8ms)
			SetLoadedEditorAssemblies (4ms)
			RefreshPlugins (0ms)
			BeforeProcessingInitializeOnLoad (61ms)
			ProcessInitializeOnLoadAttributes (201ms)
			ProcessInitializeOnLoadMethodAttributes (125ms)
			AfterProcessingInitializeOnLoad (9ms)
			EditorAssembliesLoaded (0ms)
		ExecutionOrderSort2 (0ms)
		AwakeInstancesAfterBackupRestoration (5ms)
Launched and connected shader compiler UnityShaderCompiler.exe after 0.07 seconds
Refreshing native plugins compatible for Editor in 20.76 ms, found 4 plugins.
Preloading 0 native plugins for Editor in 0.00 ms.
Unloading 2423 Unused Serialized files (Serialized files now loaded: 0)
Unloading 77 unused Assets / (79.6 KB). Loaded Objects now: 2870.
Memory consumption went from 106.0 MB to 105.9 MB.
Total: 6.789600 ms (FindLiveObjects: 0.244800 ms CreateObjectMapping: 0.066600 ms MarkObjects: 6.332700 ms  DeleteObjects: 0.144400 ms)

AssetImportParameters requested are different than current active one (requested -> active):
  custom:video-decoder-webm-vp8: 9c59270c3fd7afecdb556c50c9e8de78 -> 
  custom:SearchIndexIgnoredProperties: e643bd26f0fe6173181afceb89e7c659 -> 
  custom:container-demuxer-ogg: 62fdf1f143b41e24485cea50d1cbac27 -> 
  custom:AudioImporter_EditorPlatform: d09bf68614088b80899f8185d706f6e7 -> 
  custom:video-decoder-ogg-theora: a1e56fd34408186e4bbccfd4996cb3dc -> 
  custom:framework-win-MediaFoundation: 216162199b28c13a410421893ffa2e32 -> 
  custom:video-encoder-webm-vp8: eb34c28f22e8b96e1ab97ce403110664 -> 
  custom:audio-decoder-ogg-vorbis: bf7c407c2cedff20999df2af8eb42d56 -> 
  custom:CustomObjectIndexerAttribute: 756ad292c208cfabdd7b50bc23989ffe -> 
  custom:container-demuxer-webm: 4f35f7cbe854078d1ac9338744f61a02 -> 
  custom:audio-encoder-webm-vorbis: bf7c407c2cedff20999df2af8eb42d56 -> 
  custom:container-muxer-webm: aa71ff27fc2769a1b78a27578f13a17b -> 
========================================================================
Received Import Request.
  Time since last request: 977811.199206 seconds.
  path: Assets/Pixel2DCastleTileset/Sprites/walls_2.asset
  artifactKey: Guid(2c442452c140f53419bc65d33f43e1f0) Importer(815301076,1909f56bfc062723c751e8b465ee728b)
Start importing Assets/Pixel2DCastleTileset/Sprites/walls_2.asset using Guid(2c442452c140f53419bc65d33f43e1f0) Importer(815301076,1909f56bfc062723c751e8b465ee728b)  -> (artifact id: '26a7fc273eb21a048a80bdb3ae716a03') in 0.107914 seconds
Number of updated asset objects reloaded before import = 0
Number of asset objects unloaded after import = 3
========================================================================
Received Import Request.
  Time since last request: 0.000033 seconds.
  path: Assets/Pixel2DCastleTileset/Sprites/walls_17.asset
  artifactKey: Guid(4337ae75838891f4b9cb5f8ab68933c8) Importer(815301076,1909f56bfc062723c751e8b465ee728b)
Start importing Assets/Pixel2DCastleTileset/Sprites/walls_17.asset using Guid(4337ae75838891f4b9cb5f8ab68933c8) Importer(815301076,1909f56bfc062723c751e8b465ee728b)  -> (artifact id: '7445c4f138e262b56eaad0db71062001') in 0.012500 seconds
Number of updated asset objects reloaded before import = 0
Number of asset objects unloaded after import = 3
========================================================================
Received Import Request.
  Time since last request: 0.000032 seconds.
  path: Assets/Pixel2DCastleTileset/Sprites/walls_6.asset
  artifactKey: Guid(d4a624c7d83c26a499e3aa2efe819ba0) Importer(815301076,1909f56bfc062723c751e8b465ee728b)
Start importing Assets/Pixel2DCastleTileset/Sprites/walls_6.asset using Guid(d4a624c7d83c26a499e3aa2efe819ba0) Importer(815301076,1909f56bfc062723c751e8b465ee728b)  -> (artifact id: '8c665a50c5d2f8cf4e8ccedd47fd68ed') in 0.040236 seconds
Number of updated asset objects reloaded before import = 0
Number of asset objects unloaded after import = 3
========================================================================
Received Import Request.
  Time since last request: 17.327744 seconds.
  path: Assets/Pixel2DCastleTileset/Sprites/walls_35.asset
  artifactKey: Guid(d38e0ea2bb477fe48b0681bd5282b5cf) Importer(815301076,1909f56bfc062723c751e8b465ee728b)
Start importing Assets/Pixel2DCastleTileset/Sprites/walls_35.asset using Guid(d38e0ea2bb477fe48b0681bd5282b5cf) Importer(815301076,1909f56bfc062723c751e8b465ee728b)  -> (artifact id: 'fb534a328d8d88ca1834d60b83e38b97') in 0.008397 seconds
Number of updated asset objects reloaded before import = 0
Number of asset objects unloaded after import = 3
========================================================================
Received Import Request.
  Time since last request: 0.000026 seconds.
  path: Assets/Pixel2DCastleTileset/Sprites/walls_40.asset
  artifactKey: Guid(d71a11aa83bf6cc4d924cc2532661f60) Importer(815301076,1909f56bfc062723c751e8b465ee728b)
Start importing Assets/Pixel2DCastleTileset/Sprites/walls_40.asset using Guid(d71a11aa83bf6cc4d924cc2532661f60) Importer(815301076,1909f56bfc062723c751e8b465ee728b)  -> (artifact id: '11c2b8eeba00134cf6f58723ef5cba9b') in 0.007271 seconds
Number of updated asset objects reloaded before import = 0
Number of asset objects unloaded after import = 3
========================================================================
Received Import Request.
  Time since last request: 8.101576 seconds.
  path: Assets/Pixel2DCastleTileset/Sprites/walls_49.asset
  artifactKey: Guid(41a99b3c1f54c304380e93a91a13ddae) Importer(815301076,1909f56bfc062723c751e8b465ee728b)
Start importing Assets/Pixel2DCastleTileset/Sprites/walls_49.asset using Guid(41a99b3c1f54c304380e93a91a13ddae) Importer(815301076,1909f56bfc062723c751e8b465ee728b)  -> (artifact id: 'f7d10c25c3d714c1d46a029c33e18597') in 0.006604 seconds
Number of updated asset objects reloaded before import = 0
Number of asset objects unloaded after import = 3
========================================================================
Received Import Request.
  Time since last request: 0.000019 seconds.
  path: Assets/Pixel2DCastleTileset/Sprites/walls_57.asset
  artifactKey: Guid(cc57869ede045df419edfd550c3fdd10) Importer(815301076,1909f56bfc062723c751e8b465ee728b)
Start importing Assets/Pixel2DCastleTileset/Sprites/walls_57.asset using Guid(cc57869ede045df419edfd550c3fdd10) Importer(815301076,1909f56bfc062723c751e8b465ee728b)  -> (artifact id: 'b3c861a18cdd804f888a1be37dbb10a2') in 0.007740 seconds
Number of updated asset objects reloaded before import = 0
Number of asset objects unloaded after import = 3
========================================================================
Received Import Request.
  Time since last request: 0.026560 seconds.
  path: Assets/Pixel2DCastleTileset/Sprites/walls_63.asset
  artifactKey: Guid(3505c565dbbb58640a89c2c2c8e53a9a) Importer(815301076,1909f56bfc062723c751e8b465ee728b)
Start importing Assets/Pixel2DCastleTileset/Sprites/walls_63.asset using Guid(3505c565dbbb58640a89c2c2c8e53a9a) Importer(815301076,1909f56bfc062723c751e8b465ee728b)  -> (artifact id: 'ac5122e6e41b126b568495eb8b0c82fa') in 0.007276 seconds
Number of updated asset objects reloaded before import = 0
Number of asset objects unloaded after import = 3
========================================================================
Received Import Request.
  Time since last request: 0.000019 seconds.
  path: Assets/Pixel2DCastleTileset/Sprites/walls_73.asset
  artifactKey: Guid(9398cbf1a1936184587e7879ee289778) Importer(815301076,1909f56bfc062723c751e8b465ee728b)
Start importing Assets/Pixel2DCastleTileset/Sprites/walls_73.asset using Guid(9398cbf1a1936184587e7879ee289778) Importer(815301076,1909f56bfc062723c751e8b465ee728b)  -> (artifact id: '996ce25d9b652ca4775e3a54188e6074') in 0.007112 seconds
Number of updated asset objects reloaded before import = 0
Number of asset objects unloaded after import = 3
========================================================================
Received Import Request.
  Time since last request: 7.129054 seconds.
  path: Assets/Pixel2DCastleTileset/Sprites/walls_77.asset
  artifactKey: Guid(d12fefdfb8ac1cc48a2affcd5b3672ee) Importer(815301076,1909f56bfc062723c751e8b465ee728b)
Start importing Assets/Pixel2DCastleTileset/Sprites/walls_77.asset using Guid(d12fefdfb8ac1cc48a2affcd5b3672ee) Importer(815301076,1909f56bfc062723c751e8b465ee728b)  -> (artifact id: '447add2b106b751e0284a7fa827cffe5') in 0.006371 seconds
Number of updated asset objects reloaded before import = 0
Number of asset objects unloaded after import = 3
========================================================================
Received Import Request.
  Time since last request: 0.000023 seconds.
  path: Assets/Pixel2DCastleTileset/Sprites/walls_84.asset
  artifactKey: Guid(0aa7d0627d8318f4094c8e15365f497e) Importer(815301076,1909f56bfc062723c751e8b465ee728b)
Start importing Assets/Pixel2DCastleTileset/Sprites/walls_84.asset using Guid(0aa7d0627d8318f4094c8e15365f497e) Importer(815301076,1909f56bfc062723c751e8b465ee728b)  -> (artifact id: 'e0da61f0447d5a6aedcea62268575ffa') in 0.006391 seconds
Number of updated asset objects reloaded before import = 0
Number of asset objects unloaded after import = 3
========================================================================
Received Import Request.
  Time since last request: 0.000019 seconds.
  path: Assets/Pixel2DCastleTileset/Sprites/walls_82.asset
  artifactKey: Guid(804df981cb16d8240a154abb6eabe428) Importer(815301076,1909f56bfc062723c751e8b465ee728b)
Start importing Assets/Pixel2DCastleTileset/Sprites/walls_82.asset using Guid(804df981cb16d8240a154abb6eabe428) Importer(815301076,1909f56bfc062723c751e8b465ee728b)  -> (artifact id: '0122a2d1376c6b934c9974c31e087cfd') in 0.005096 seconds
Number of updated asset objects reloaded before import = 0
Number of asset objects unloaded after import = 3
========================================================================
Received Import Request.
  Time since last request: 0.018398 seconds.
  path: Assets/Pixel2DCastleTileset/Sprites/walls_91.asset
  artifactKey: Guid(ac9b819f7dcd9b54e88603aefee31a60) Importer(815301076,1909f56bfc062723c751e8b465ee728b)
Start importing Assets/Pixel2DCastleTileset/Sprites/walls_91.asset using Guid(ac9b819f7dcd9b54e88603aefee31a60) Importer(815301076,1909f56bfc062723c751e8b465ee728b)  -> (artifact id: '2b7e73b179011f0a9af7f66e0db81da8') in 0.006511 seconds
Number of updated asset objects reloaded before import = 0
Number of asset objects unloaded after import = 3
========================================================================
Received Import Request.
  Time since last request: 0.000022 seconds.
  path: Assets/Pixel2DCastleTileset/Sprites/walls_96.asset
  artifactKey: Guid(6091b63ae9ef20f49856b0c66c06851a) Importer(815301076,1909f56bfc062723c751e8b465ee728b)
Start importing Assets/Pixel2DCastleTileset/Sprites/walls_96.asset using Guid(6091b63ae9ef20f49856b0c66c06851a) Importer(815301076,1909f56bfc062723c751e8b465ee728b)  -> (artifact id: 'ff8fba17ca4f91a172d2670bc47ce30d') in 0.008146 seconds
Number of updated asset objects reloaded before import = 0
Number of asset objects unloaded after import = 3
========================================================================
Received Import Request.
  Time since last request: 0.007335 seconds.
  path: Assets/Pixel2DCastleTileset/Sprites/walls_105.asset
  artifactKey: Guid(0e06d158b489f6942a2e2677bcd11cc2) Importer(815301076,1909f56bfc062723c751e8b465ee728b)
Start importing Assets/Pixel2DCastleTileset/Sprites/walls_105.asset using Guid(0e06d158b489f6942a2e2677bcd11cc2) Importer(815301076,1909f56bfc062723c751e8b465ee728b)  -> (artifact id: 'b26b16eb64456dfe2aa62f76853ecd43') in 0.006158 seconds
Number of updated asset objects reloaded before import = 0
Number of asset objects unloaded after import = 3
========================================================================
Received Import Request.
  Time since last request: 0.000020 seconds.
  path: Assets/Pixel2DCastleTileset/Sprites/walls_116.asset
  artifactKey: Guid(efe718ce3ab85064a88ae69a5b3a2812) Importer(815301076,1909f56bfc062723c751e8b465ee728b)
Start importing Assets/Pixel2DCastleTileset/Sprites/walls_116.asset using Guid(efe718ce3ab85064a88ae69a5b3a2812) Importer(815301076,1909f56bfc062723c751e8b465ee728b)  -> (artifact id: '0d802887326bdc428bb242035627b417') in 0.008039 seconds
Number of updated asset objects reloaded before import = 0
Number of asset objects unloaded after import = 3
========================================================================
Received Import Request.
  Time since last request: 0.008906 seconds.
  path: Assets/Pixel2DCastleTileset/Sprites/walls_119.asset
  artifactKey: Guid(428cac6a3052b8842ab02881007873ac) Importer(815301076,1909f56bfc062723c751e8b465ee728b)
Start importing Assets/Pixel2DCastleTileset/Sprites/walls_119.asset using Guid(428cac6a3052b8842ab02881007873ac) Importer(815301076,1909f56bfc062723c751e8b465ee728b)  -> (artifact id: '94a5a3c0f3ea451a546a03db6bae7a2c') in 0.007738 seconds
Number of updated asset objects reloaded before import = 0
Number of asset objects unloaded after import = 3
========================================================================
Received Import Request.
  Time since last request: 0.000025 seconds.
  path: Assets/Pixel2DCastleTileset/Sprites/walls_124.asset
  artifactKey: Guid(48b4112ad89790c4e8bf99cbfb503620) Importer(815301076,1909f56bfc062723c751e8b465ee728b)
Start importing Assets/Pixel2DCastleTileset/Sprites/walls_124.asset using Guid(48b4112ad89790c4e8bf99cbfb503620) Importer(815301076,1909f56bfc062723c751e8b465ee728b)  -> (artifact id: '979092c235eab6680b5f244976f3b710') in 0.007520 seconds
Number of updated asset objects reloaded before import = 0
Number of asset objects unloaded after import = 3
========================================================================
Received Import Request.
  Time since last request: 0.128996 seconds.
  path: Assets/Pixel2DCastleTileset/Sprites/walls_133.asset
  artifactKey: Guid(c7fa6371a6e63e7439e1cf23d3eb1f0f) Importer(815301076,1909f56bfc062723c751e8b465ee728b)
Start importing Assets/Pixel2DCastleTileset/Sprites/walls_133.asset using Guid(c7fa6371a6e63e7439e1cf23d3eb1f0f) Importer(815301076,1909f56bfc062723c751e8b465ee728b)  -> (artifact id: '07eea6acd69f3a3799ec671b961dae07') in 0.010544 seconds
Number of updated asset objects reloaded before import = 0
Number of asset objects unloaded after import = 3
========================================================================
Received Import Request.
  Time since last request: 0.000018 seconds.
  path: Assets/Pixel2DCastleTileset/Sprites/walls_143.asset
  artifactKey: Guid(fe5c19372398dc54ba5909fa45ee65f8) Importer(815301076,1909f56bfc062723c751e8b465ee728b)
Start importing Assets/Pixel2DCastleTileset/Sprites/walls_143.asset using Guid(fe5c19372398dc54ba5909fa45ee65f8) Importer(815301076,1909f56bfc062723c751e8b465ee728b)  -> (artifact id: '8dddd973e1310f6cd2ee2e8081dc3e42') in 0.007324 seconds
Number of updated asset objects reloaded before import = 0
Number of asset objects unloaded after import = 3
========================================================================
Received Import Request.
  Time since last request: 0.047324 seconds.
  path: Assets/Pixel2DCastleTileset/Sprites/walls_147.asset
  artifactKey: Guid(c4eb44dd38615cf4db69e64f9c03947d) Importer(815301076,1909f56bfc062723c751e8b465ee728b)
Start importing Assets/Pixel2DCastleTileset/Sprites/walls_147.asset using Guid(c4eb44dd38615cf4db69e64f9c03947d) Importer(815301076,1909f56bfc062723c751e8b465ee728b)  -> (artifact id: '86917afdac973413b40cd893c6df9c18') in 0.006900 seconds
Number of updated asset objects reloaded before import = 0
Number of asset objects unloaded after import = 3
========================================================================
Received Import Request.
  Time since last request: 0.000018 seconds.
  path: Assets/Pixel2DCastleTileset/Sprites/walls_152.asset
  artifactKey: Guid(13333185c7b7ce24ebeb6aa75f9cefd7) Importer(815301076,1909f56bfc062723c751e8b465ee728b)
Start importing Assets/Pixel2DCastleTileset/Sprites/walls_152.asset using Guid(13333185c7b7ce24ebeb6aa75f9cefd7) Importer(815301076,1909f56bfc062723c751e8b465ee728b)  -> (artifact id: '8635ab4f2cb9970f70766b2f23df1718') in 0.006616 seconds
Number of updated asset objects reloaded before import = 0
Number of asset objects unloaded after import = 3
========================================================================
Received Import Request.
  Time since last request: 0.032430 seconds.
  path: Assets/Pixel2DCastleTileset/Sprites/walls_161.asset
  artifactKey: Guid(28418289bf984f047a678ad6b9540237) Importer(815301076,1909f56bfc062723c751e8b465ee728b)
Start importing Assets/Pixel2DCastleTileset/Sprites/walls_161.asset using Guid(28418289bf984f047a678ad6b9540237) Importer(815301076,1909f56bfc062723c751e8b465ee728b)  -> (artifact id: 'c3e9665e3b3557265169458346555161') in 0.008409 seconds
Number of updated asset objects reloaded before import = 0
Number of asset objects unloaded after import = 3
========================================================================
Received Import Request.
  Time since last request: 0.000017 seconds.
  path: Assets/Pixel2DCastleTileset/Sprites/walls_165.asset
  artifactKey: Guid(bba317d65c06cf44499a60e73ef99138) Importer(815301076,1909f56bfc062723c751e8b465ee728b)
Start importing Assets/Pixel2DCastleTileset/Sprites/walls_165.asset using Guid(bba317d65c06cf44499a60e73ef99138) Importer(815301076,1909f56bfc062723c751e8b465ee728b)  -> (artifact id: '4013a63d6aaf94843a00a120825ddcd2') in 0.007520 seconds
Number of updated asset objects reloaded before import = 0
Number of asset objects unloaded after import = 3
========================================================================
Received Import Request.
  Time since last request: 0.054525 seconds.
  path: Assets/Pixel2DCastleTileset/Sprites/walls_175.asset
  artifactKey: Guid(e18da634c3502a6409f618e9ec981efe) Importer(815301076,1909f56bfc062723c751e8b465ee728b)
Start importing Assets/Pixel2DCastleTileset/Sprites/walls_175.asset using Guid(e18da634c3502a6409f618e9ec981efe) Importer(815301076,1909f56bfc062723c751e8b465ee728b)  -> (artifact id: '7cda47c3ccb2c9a25615eb2f752a926f') in 0.006915 seconds
Number of updated asset objects reloaded before import = 0
Number of asset objects unloaded after import = 3
========================================================================
Received Import Request.
  Time since last request: 0.000026 seconds.
  path: Assets/Pixel2DCastleTileset/Sprites/walls_179.asset
  artifactKey: Guid(982eeaf206b643d4a876cbed2bee6bf6) Importer(815301076,1909f56bfc062723c751e8b465ee728b)
Start importing Assets/Pixel2DCastleTileset/Sprites/walls_179.asset using Guid(982eeaf206b643d4a876cbed2bee6bf6) Importer(815301076,1909f56bfc062723c751e8b465ee728b)  -> (artifact id: '255625f6740a1208415667c491029c91') in 0.006825 seconds
Number of updated asset objects reloaded before import = 0
Number of asset objects unloaded after import = 3
========================================================================
Received Import Request.
  Time since last request: 0.153893 seconds.
  path: Assets/Pixel2DCastleTileset/Sprites/walls_189.asset
  artifactKey: Guid(8f89995e3c76d2d4da392bdfc7daa53a) Importer(815301076,1909f56bfc062723c751e8b465ee728b)
Start importing Assets/Pixel2DCastleTileset/Sprites/walls_189.asset using Guid(8f89995e3c76d2d4da392bdfc7daa53a) Importer(815301076,1909f56bfc062723c751e8b465ee728b)  -> (artifact id: '2fee0f7d2d7b9766f9bd61813b6c8f73') in 0.005842 seconds
Number of updated asset objects reloaded before import = 0
Number of asset objects unloaded after import = 3
========================================================================
Received Import Request.
  Time since last request: 0.000036 seconds.
  path: Assets/Pixel2DCastleTileset/Sprites/walls_194.asset
  artifactKey: Guid(a8997bfcd9d25bd4aa2715d8153ead73) Importer(815301076,1909f56bfc062723c751e8b465ee728b)
Start importing Assets/Pixel2DCastleTileset/Sprites/walls_194.asset using Guid(a8997bfcd9d25bd4aa2715d8153ead73) Importer(815301076,1909f56bfc062723c751e8b465ee728b)  -> (artifact id: '787a2615d6af468571b93c66fb541f33') in 0.006666 seconds
Number of updated asset objects reloaded before import = 0
Number of asset objects unloaded after import = 3
========================================================================
Received Import Request.
  Time since last request: 0.027481 seconds.
  path: Assets/Pixel2DCastleTileset/Sprites/walls_203.asset
  artifactKey: Guid(f5c57d1316ec07241ae7a38b4ade4df5) Importer(815301076,1909f56bfc062723c751e8b465ee728b)
Start importing Assets/Pixel2DCastleTileset/Sprites/walls_203.asset using Guid(f5c57d1316ec07241ae7a38b4ade4df5) Importer(815301076,1909f56bfc062723c751e8b465ee728b)  -> (artifact id: '903171bda41e5efada97bd844bbb7407') in 0.008555 seconds
Number of updated asset objects reloaded before import = 0
Number of asset objects unloaded after import = 3
========================================================================
Received Import Request.
  Time since last request: 0.000024 seconds.
  path: Assets/Pixel2DCastleTileset/Sprites/walls_207.asset
  artifactKey: Guid(65e3c2a40d51a334abd840544b59d1f2) Importer(815301076,1909f56bfc062723c751e8b465ee728b)
Start importing Assets/Pixel2DCastleTileset/Sprites/walls_207.asset using Guid(65e3c2a40d51a334abd840544b59d1f2) Importer(815301076,1909f56bfc062723c751e8b465ee728b)  -> (artifact id: '1e7cb5d1e93d9bfbeff538bec0d69563') in 0.008405 seconds
Number of updated asset objects reloaded before import = 0
Number of asset objects unloaded after import = 3
========================================================================
Received Import Request.
  Time since last request: 0.035348 seconds.
  path: Assets/Pixel2DCastleTileset/Sprites/walls_217.asset
  artifactKey: Guid(c1f9c26d342d13c4d9130826744ef2fd) Importer(815301076,1909f56bfc062723c751e8b465ee728b)
Start importing Assets/Pixel2DCastleTileset/Sprites/walls_217.asset using Guid(c1f9c26d342d13c4d9130826744ef2fd) Importer(815301076,1909f56bfc062723c751e8b465ee728b)  -> (artifact id: 'f3bf6cc10b70ee717c28384d7600f5d3') in 0.006927 seconds
Number of updated asset objects reloaded before import = 0
Number of asset objects unloaded after import = 3
========================================================================
Received Import Request.
  Time since last request: 0.000016 seconds.
  path: Assets/Pixel2DCastleTileset/Sprites/walls_228.asset
  artifactKey: Guid(1fc5c9eeb3fd3444cb983a580d66e496) Importer(815301076,1909f56bfc062723c751e8b465ee728b)
Start importing Assets/Pixel2DCastleTileset/Sprites/walls_228.asset using Guid(1fc5c9eeb3fd3444cb983a580d66e496) Importer(815301076,1909f56bfc062723c751e8b465ee728b)  -> (artifact id: '4cc29e85643f4e1140b6e740beb43dee') in 0.007719 seconds
Number of updated asset objects reloaded before import = 0
Number of asset objects unloaded after import = 3
========================================================================
Received Import Request.
  Time since last request: 0.042032 seconds.
  path: Assets/Pixel2DCastleTileset/Sprites/walls_231.asset
  artifactKey: Guid(c0e1c15a185349047bf469d22ef5297e) Importer(815301076,1909f56bfc062723c751e8b465ee728b)
Start importing Assets/Pixel2DCastleTileset/Sprites/walls_231.asset using Guid(c0e1c15a185349047bf469d22ef5297e) Importer(815301076,1909f56bfc062723c751e8b465ee728b)  -> (artifact id: 'f284917ec986c6a1c6878856201a5fb9') in 0.005781 seconds
Number of updated asset objects reloaded before import = 0
Number of asset objects unloaded after import = 3
========================================================================
Received Import Request.
  Time since last request: 0.000021 seconds.
  path: Assets/Pixel2DCastleTileset/Sprites/walls_237.asset
  artifactKey: Guid(c7666404cd62bb7458bb27a8d6d4929d) Importer(815301076,1909f56bfc062723c751e8b465ee728b)
Start importing Assets/Pixel2DCastleTileset/Sprites/walls_237.asset using Guid(c7666404cd62bb7458bb27a8d6d4929d) Importer(815301076,1909f56bfc062723c751e8b465ee728b)  -> (artifact id: '90d1fbb3f983f71806f84aae06c67b71') in 0.007374 seconds
Number of updated asset objects reloaded before import = 0
Number of asset objects unloaded after import = 3
========================================================================
Received Import Request.
  Time since last request: 0.000014 seconds.
  path: Assets/Pixel2DCastleTileset/Sprites/walls_236.asset
  artifactKey: Guid(7feb182215b53a445bcc632194f3f2f3) Importer(815301076,1909f56bfc062723c751e8b465ee728b)
Start importing Assets/Pixel2DCastleTileset/Sprites/walls_236.asset using Guid(7feb182215b53a445bcc632194f3f2f3) Importer(815301076,1909f56bfc062723c751e8b465ee728b)  -> (artifact id: 'f65bfb18406195472eb6bbf9122bef72') in 0.004565 seconds
Number of updated asset objects reloaded before import = 0
Number of asset objects unloaded after import = 3
========================================================================
Received Import Request.
  Time since last request: 0.002234 seconds.
  path: Assets/Pixel2DCastleTileset/Sprites/walls_245.asset
  artifactKey: Guid(428dd19405072d74391825dad32d8e59) Importer(815301076,1909f56bfc062723c751e8b465ee728b)
Start importing Assets/Pixel2DCastleTileset/Sprites/walls_245.asset using Guid(428dd19405072d74391825dad32d8e59) Importer(815301076,1909f56bfc062723c751e8b465ee728b)  -> (artifact id: '3ec2aacce84b1a314af9d54095401e18') in 0.006709 seconds
Number of updated asset objects reloaded before import = 0
Number of asset objects unloaded after import = 3
========================================================================
Received Import Request.
  Time since last request: 0.000019 seconds.
  path: Assets/Pixel2DCastleTileset/Sprites/walls_252.asset
  artifactKey: Guid(ecca6357661bcc048b9de8e8371c5448) Importer(815301076,1909f56bfc062723c751e8b465ee728b)
Start importing Assets/Pixel2DCastleTileset/Sprites/walls_252.asset using Guid(ecca6357661bcc048b9de8e8371c5448) Importer(815301076,1909f56bfc062723c751e8b465ee728b)  -> (artifact id: '2300c8d95ae6dda86ed23cb9e4dd82e9') in 0.006939 seconds
Number of updated asset objects reloaded before import = 0
Number of asset objects unloaded after import = 3
========================================================================
Received Import Request.
  Time since last request: 0.000021 seconds.
  path: Assets/Pixel2DCastleTileset/Sprites/walls_255.asset
  artifactKey: Guid(2680f575acc08894384644890c3d1846) Importer(815301076,1909f56bfc062723c751e8b465ee728b)
Start importing Assets/Pixel2DCastleTileset/Sprites/walls_255.asset using Guid(2680f575acc08894384644890c3d1846) Importer(815301076,1909f56bfc062723c751e8b465ee728b)  -> (artifact id: 'a104ba88ede17a79c6d3efbd9e91d37b') in 0.005130 seconds
Number of updated asset objects reloaded before import = 0
Number of asset objects unloaded after import = 3
========================================================================
Received Import Request.
  Time since last request: 0.026459 seconds.
  path: Assets/Pixel2DCastleTileset/Sprites/walls_259.asset
  artifactKey: Guid(7b979615bf7037643841167eae884e92) Importer(815301076,1909f56bfc062723c751e8b465ee728b)
Start importing Assets/Pixel2DCastleTileset/Sprites/walls_259.asset using Guid(7b979615bf7037643841167eae884e92) Importer(815301076,1909f56bfc062723c751e8b465ee728b)  -> (artifact id: 'e5467fa761c283962c66d1503566e604') in 0.006639 seconds
Number of updated asset objects reloaded before import = 0
Number of asset objects unloaded after import = 3
========================================================================
Received Import Request.
  Time since last request: 0.000019 seconds.
  path: Assets/Pixel2DCastleTileset/Sprites/walls_266.asset
  artifactKey: Guid(8f083b8ac5ca53a42bf840bc5cf0d6b3) Importer(815301076,1909f56bfc062723c751e8b465ee728b)
Start importing Assets/Pixel2DCastleTileset/Sprites/walls_266.asset using Guid(8f083b8ac5ca53a42bf840bc5cf0d6b3) Importer(815301076,1909f56bfc062723c751e8b465ee728b)  -> (artifact id: '64a0b35fb0d0e6b54e0073407a64cc74') in 0.007136 seconds
Number of updated asset objects reloaded before import = 0
Number of asset objects unloaded after import = 3
========================================================================
Received Import Request.
  Time since last request: 0.033236 seconds.
  path: Assets/Pixel2DCastleTileset/Sprites/walls_273.asset
  artifactKey: Guid(319a90aa2d54f5e46984735eb85e104b) Importer(815301076,1909f56bfc062723c751e8b465ee728b)
Start importing Assets/Pixel2DCastleTileset/Sprites/walls_273.asset using Guid(319a90aa2d54f5e46984735eb85e104b) Importer(815301076,1909f56bfc062723c751e8b465ee728b)  -> (artifact id: '6c817960e6b7628f799817a7349e5d4f') in 0.006304 seconds
Number of updated asset objects reloaded before import = 0
Number of asset objects unloaded after import = 3
========================================================================
Received Import Request.
  Time since last request: 0.000026 seconds.
  path: Assets/Pixel2DCastleTileset/Sprites/walls_284.asset
  artifactKey: Guid(6c7efceba6be4f548b346bc5817c1fe2) Importer(815301076,1909f56bfc062723c751e8b465ee728b)
Start importing Assets/Pixel2DCastleTileset/Sprites/walls_284.asset using Guid(6c7efceba6be4f548b346bc5817c1fe2) Importer(815301076,1909f56bfc062723c751e8b465ee728b)  -> (artifact id: '1cfe7fda55f052ba6a9eb6f5d746b0e6') in 0.008381 seconds
Number of updated asset objects reloaded before import = 0
Number of asset objects unloaded after import = 3
========================================================================
Received Import Request.
  Time since last request: 0.050765 seconds.
  path: Assets/Pixel2DCastleTileset/Sprites/walls_287.asset
  artifactKey: Guid(905e862312c2e2740b2f01917053d1fa) Importer(815301076,1909f56bfc062723c751e8b465ee728b)
Start importing Assets/Pixel2DCastleTileset/Sprites/walls_287.asset using Guid(905e862312c2e2740b2f01917053d1fa) Importer(815301076,1909f56bfc062723c751e8b465ee728b)  -> (artifact id: 'df2fd4f407e0bd32ce13517a0b327525') in 0.005814 seconds
Number of updated asset objects reloaded before import = 0
Number of asset objects unloaded after import = 3
========================================================================
Received Import Request.
  Time since last request: 0.000060 seconds.
  path: Assets/Pixel2DCastleTileset/Sprites/walls_293.asset
  artifactKey: Guid(9702c9ce9de8d7a4c8d982791d6cf381) Importer(815301076,1909f56bfc062723c751e8b465ee728b)
Start importing Assets/Pixel2DCastleTileset/Sprites/walls_293.asset using Guid(9702c9ce9de8d7a4c8d982791d6cf381) Importer(815301076,1909f56bfc062723c751e8b465ee728b)  -> (artifact id: '8fe2169c71cd7d89691fe4afc95096d5') in 0.007532 seconds
Number of updated asset objects reloaded before import = 0
Number of asset objects unloaded after import = 3
========================================================================
Received Import Request.
  Time since last request: 0.031217 seconds.
  path: Assets/Pixel2DCastleTileset/Sprites/walls_301.asset
  artifactKey: Guid(d829f9aa61454fc44999f92c3e5ede5e) Importer(815301076,1909f56bfc062723c751e8b465ee728b)
Start importing Assets/Pixel2DCastleTileset/Sprites/walls_301.asset using Guid(d829f9aa61454fc44999f92c3e5ede5e) Importer(815301076,1909f56bfc062723c751e8b465ee728b)  -> (artifact id: '97f521bdb64f6df1f91da012fd600029') in 0.005860 seconds
Number of updated asset objects reloaded before import = 0
Number of asset objects unloaded after import = 3
========================================================================
Received Import Request.
  Time since last request: 0.000015 seconds.
  path: Assets/Pixel2DCastleTileset/Sprites/walls_312.asset
  artifactKey: Guid(9e16dc5ee74438d4b955323c57dd01de) Importer(815301076,1909f56bfc062723c751e8b465ee728b)
Start importing Assets/Pixel2DCastleTileset/Sprites/walls_312.asset using Guid(9e16dc5ee74438d4b955323c57dd01de) Importer(815301076,1909f56bfc062723c751e8b465ee728b)  -> (artifact id: '80f1a88de82d8c0f0535447d2ddb991c') in 0.006448 seconds
Number of updated asset objects reloaded before import = 0
Number of asset objects unloaded after import = 3
========================================================================
Received Import Request.
  Time since last request: 0.064750 seconds.
  path: Assets/Pixel2DCastleTileset/Sprites/walls_315.asset
  artifactKey: Guid(abac5a4f81d5bb148a093785cd0c30f6) Importer(815301076,1909f56bfc062723c751e8b465ee728b)
Start importing Assets/Pixel2DCastleTileset/Sprites/walls_315.asset using Guid(abac5a4f81d5bb148a093785cd0c30f6) Importer(815301076,1909f56bfc062723c751e8b465ee728b)  -> (artifact id: '5923b5757ea7810d349b04ae3a2fd22e') in 0.006445 seconds
Number of updated asset objects reloaded before import = 0
Number of asset objects unloaded after import = 3
========================================================================
Received Import Request.
  Time since last request: 0.000019 seconds.
  path: Assets/Pixel2DCastleTileset/Sprites/walls_323.asset
  artifactKey: Guid(482515bb2c2e3e349910c4dc4d14031e) Importer(815301076,1909f56bfc062723c751e8b465ee728b)
Start importing Assets/Pixel2DCastleTileset/Sprites/walls_323.asset using Guid(482515bb2c2e3e349910c4dc4d14031e) Importer(815301076,1909f56bfc062723c751e8b465ee728b)  -> (artifact id: 'ef71faaf4b210dc70c82e0735d1ff9a8') in 0.006857 seconds
Number of updated asset objects reloaded before import = 0
Number of asset objects unloaded after import = 3
========================================================================
Received Import Request.
  Time since last request: 0.067829 seconds.
  path: Assets/Pixel2DCastleTileset/Sprites/walls_329.asset
  artifactKey: Guid(1052c4a2de2e94c47b6d2d76c34a203d) Importer(815301076,1909f56bfc062723c751e8b465ee728b)
Start importing Assets/Pixel2DCastleTileset/Sprites/walls_329.asset using Guid(1052c4a2de2e94c47b6d2d76c34a203d) Importer(815301076,1909f56bfc062723c751e8b465ee728b)  -> (artifact id: '84dd4cff7b19d4762655cc74b83a90b0') in 0.008805 seconds
Number of updated asset objects reloaded before import = 0
Number of asset objects unloaded after import = 3
========================================================================
Received Import Request.
  Time since last request: 0.000023 seconds.
  path: Assets/Pixel2DCastleTileset/Sprites/walls_340.asset
  artifactKey: Guid(91dd21aac01174b4fabe00f657ec30b6) Importer(815301076,1909f56bfc062723c751e8b465ee728b)
Start importing Assets/Pixel2DCastleTileset/Sprites/walls_340.asset using Guid(91dd21aac01174b4fabe00f657ec30b6) Importer(815301076,1909f56bfc062723c751e8b465ee728b)  -> (artifact id: 'c07f13895def6ad6e9c28218078468b1') in 0.021901 seconds
Number of updated asset objects reloaded before import = 0
Number of asset objects unloaded after import = 3
========================================================================
Received Import Request.
  Time since last request: 0.000031 seconds.
  path: Assets/Pixel2DCastleTileset/Sprites/walls_336.asset
  artifactKey: Guid(363fe9e29d931884cbc2c867641cf282) Importer(815301076,1909f56bfc062723c751e8b465ee728b)
Start importing Assets/Pixel2DCastleTileset/Sprites/walls_336.asset using Guid(363fe9e29d931884cbc2c867641cf282) Importer(815301076,1909f56bfc062723c751e8b465ee728b)  -> (artifact id: 'b764328bd440b57584260a233db5772d') in 0.006854 seconds
Number of updated asset objects reloaded before import = 0
Number of asset objects unloaded after import = 3
========================================================================
Received Import Request.
  Time since last request: 0.018551 seconds.
  path: Assets/Pixel2DCastleTileset/Sprites/walls_343.asset
  artifactKey: Guid(877b1c20d1cc5634a992f92b1c55dd07) Importer(815301076,1909f56bfc062723c751e8b465ee728b)
Start importing Assets/Pixel2DCastleTileset/Sprites/walls_343.asset using Guid(877b1c20d1cc5634a992f92b1c55dd07) Importer(815301076,1909f56bfc062723c751e8b465ee728b)  -> (artifact id: 'bfd6f0689c24383e0aebc0d9b9185653') in 0.006499 seconds
Number of updated asset objects reloaded before import = 0
Number of asset objects unloaded after import = 3
========================================================================
Received Import Request.
  Time since last request: 0.000021 seconds.
  path: Assets/Pixel2DCastleTileset/Sprites/walls_350.asset
  artifactKey: Guid(9dae4aadb293a204c85a1f4bf3df5c0d) Importer(815301076,1909f56bfc062723c751e8b465ee728b)
Start importing Assets/Pixel2DCastleTileset/Sprites/walls_350.asset using Guid(9dae4aadb293a204c85a1f4bf3df5c0d) Importer(815301076,1909f56bfc062723c751e8b465ee728b)  -> (artifact id: 'da2e608fcf6f94288a029103ae3567f0') in 0.006973 seconds
Number of updated asset objects reloaded before import = 0
Number of asset objects unloaded after import = 3
========================================================================
Received Import Request.
  Time since last request: 0.074063 seconds.
  path: Assets/Pixel2DCastleTileset/Sprites/walls_357.asset
  artifactKey: Guid(fbb5382d24f22414ab69873dc79d90a1) Importer(815301076,1909f56bfc062723c751e8b465ee728b)
Start importing Assets/Pixel2DCastleTileset/Sprites/walls_357.asset using Guid(fbb5382d24f22414ab69873dc79d90a1) Importer(815301076,1909f56bfc062723c751e8b465ee728b)  -> (artifact id: '10f5c24be37cc0f6efd88b11401ecd20') in 0.007484 seconds
Number of updated asset objects reloaded before import = 0
Number of asset objects unloaded after import = 3
========================================================================
Received Import Request.
  Time since last request: 0.000024 seconds.
  path: Assets/Pixel2DCastleTileset/Sprites/walls_365.asset
  artifactKey: Guid(bfe732df7a10fad47bdd46aa75b90de2) Importer(815301076,1909f56bfc062723c751e8b465ee728b)
Start importing Assets/Pixel2DCastleTileset/Sprites/walls_365.asset using Guid(bfe732df7a10fad47bdd46aa75b90de2) Importer(815301076,1909f56bfc062723c751e8b465ee728b)  -> (artifact id: '7f15ef95f66910be388f14a85ff0b09d') in 0.007065 seconds
Number of updated asset objects reloaded before import = 0
Number of asset objects unloaded after import = 3
========================================================================
Received Import Request.
  Time since last request: 0.047587 seconds.
  path: Assets/Pixel2DCastleTileset/Sprites/walls_371.asset
  artifactKey: Guid(d009b2062b27cdc4d8482eeeac84a54b) Importer(815301076,1909f56bfc062723c751e8b465ee728b)
Start importing Assets/Pixel2DCastleTileset/Sprites/walls_371.asset using Guid(d009b2062b27cdc4d8482eeeac84a54b) Importer(815301076,1909f56bfc062723c751e8b465ee728b)  -> (artifact id: '70d704076986535d7b9d966dac9ce53a') in 0.006979 seconds
Number of updated asset objects reloaded before import = 0
Number of asset objects unloaded after import = 3
========================================================================
Received Import Request.
  Time since last request: 0.000019 seconds.
  path: Assets/Pixel2DCastleTileset/Sprites/walls_377.asset
  artifactKey: Guid(ff93bc6770229364dad2c40f3cfe8774) Importer(815301076,1909f56bfc062723c751e8b465ee728b)
Start importing Assets/Pixel2DCastleTileset/Sprites/walls_377.asset using Guid(ff93bc6770229364dad2c40f3cfe8774) Importer(815301076,1909f56bfc062723c751e8b465ee728b)  -> (artifact id: '97d6a6e2327c98fb0dc2836acf590c3d') in 0.007244 seconds
Number of updated asset objects reloaded before import = 0
Number of asset objects unloaded after import = 3
========================================================================
Received Import Request.
  Time since last request: 0.000019 seconds.
  path: Assets/Pixel2DCastleTileset/Sprites/walls_380.asset
  artifactKey: Guid(0b59afc02910d734eaabeaf58cb8eb72) Importer(815301076,1909f56bfc062723c751e8b465ee728b)
Start importing Assets/Pixel2DCastleTileset/Sprites/walls_380.asset using Guid(0b59afc02910d734eaabeaf58cb8eb72) Importer(815301076,1909f56bfc062723c751e8b465ee728b)  -> (artifact id: '3039b371a2ec1533d88ad89ea070ae3b') in 0.005561 seconds
Number of updated asset objects reloaded before import = 0
Number of asset objects unloaded after import = 3
========================================================================
Received Import Request.
  Time since last request: 0.217567 seconds.
  path: Assets/Pixel2DCastleTileset/Sprites/walls_385.asset
  artifactKey: Guid(fb168349bf075ef43886788ce716f502) Importer(815301076,1909f56bfc062723c751e8b465ee728b)
Start importing Assets/Pixel2DCastleTileset/Sprites/walls_385.asset using Guid(fb168349bf075ef43886788ce716f502) Importer(815301076,1909f56bfc062723c751e8b465ee728b)  -> (artifact id: 'a5a692ff092b8262a25c4309f497c493') in 0.005760 seconds
Number of updated asset objects reloaded before import = 0
Number of asset objects unloaded after import = 3
========================================================================
Received Import Request.
  Time since last request: 0.000013 seconds.
  path: Assets/Pixel2DCastleTileset/Sprites/walls_394.asset
  artifactKey: Guid(c8ce41ce57818c643a47c23a7df3c8b3) Importer(815301076,1909f56bfc062723c751e8b465ee728b)
Start importing Assets/Pixel2DCastleTileset/Sprites/walls_394.asset using Guid(c8ce41ce57818c643a47c23a7df3c8b3) Importer(815301076,1909f56bfc062723c751e8b465ee728b)  -> (artifact id: '998a6b060362e901ba3fbd97df726da3') in 0.006464 seconds
Number of updated asset objects reloaded before import = 0
Number of asset objects unloaded after import = 3
========================================================================
Received Import Request.
  Time since last request: 0.000016 seconds.
  path: Assets/Pixel2DCastleTileset/Sprites/walls_396.asset
  artifactKey: Guid(5bd5f0e206fb774408ff6ee6f15c07f1) Importer(815301076,1909f56bfc062723c751e8b465ee728b)
Start importing Assets/Pixel2DCastleTileset/Sprites/walls_396.asset using Guid(5bd5f0e206fb774408ff6ee6f15c07f1) Importer(815301076,1909f56bfc062723c751e8b465ee728b)  -> (artifact id: '9c2eccad7c2917ad290bbe82e9d2e98c') in 0.005446 seconds
Number of updated asset objects reloaded before import = 0
Number of asset objects unloaded after import = 3
========================================================================
Received Import Request.
  Time since last request: 0.039344 seconds.
  path: Assets/Pixel2DCastleTileset/Sprites/walls_399.asset
  artifactKey: Guid(921bc156e83f60f4aa716965fa40cf49) Importer(815301076,1909f56bfc062723c751e8b465ee728b)
Start importing Assets/Pixel2DCastleTileset/Sprites/walls_399.asset using Guid(921bc156e83f60f4aa716965fa40cf49) Importer(815301076,1909f56bfc062723c751e8b465ee728b)  -> (artifact id: '80e2032bf3da1a2ec67591ed72c03d04') in 0.019666 seconds
Number of updated asset objects reloaded before import = 0
Number of asset objects unloaded after import = 3
========================================================================
Received Import Request.
  Time since last request: 0.000021 seconds.
  path: Assets/Pixel2DCastleTileset/Sprites/walls_405.asset
  artifactKey: Guid(244132a0487d9284f97d40349f6ff2cb) Importer(815301076,1909f56bfc062723c751e8b465ee728b)
Start importing Assets/Pixel2DCastleTileset/Sprites/walls_405.asset using Guid(244132a0487d9284f97d40349f6ff2cb) Importer(815301076,1909f56bfc062723c751e8b465ee728b)  -> (artifact id: 'f1435e136db013a49b42d8a8f67d8852') in 0.007105 seconds
Number of updated asset objects reloaded before import = 0
Number of asset objects unloaded after import = 3
========================================================================
Received Import Request.
  Time since last request: 0.054364 seconds.
  path: Assets/Pixel2DCastleTileset/Sprites/walls_413.asset
  artifactKey: Guid(6161f8228209f27488326ed15a2e82db) Importer(815301076,1909f56bfc062723c751e8b465ee728b)
Start importing Assets/Pixel2DCastleTileset/Sprites/walls_413.asset using Guid(6161f8228209f27488326ed15a2e82db) Importer(815301076,1909f56bfc062723c751e8b465ee728b)  -> (artifact id: '69e5f1b6ae7946c1202613a54678153a') in 0.006959 seconds
Number of updated asset objects reloaded before import = 0
Number of asset objects unloaded after import = 3
========================================================================
Received Import Request.
  Time since last request: 0.000019 seconds.
  path: Assets/Pixel2DCastleTileset/Sprites/walls_418.asset
  artifactKey: Guid(564c7be282019784c83e4b560b3fcbcc) Importer(815301076,1909f56bfc062723c751e8b465ee728b)
Start importing Assets/Pixel2DCastleTileset/Sprites/walls_418.asset using Guid(564c7be282019784c83e4b560b3fcbcc) Importer(815301076,1909f56bfc062723c751e8b465ee728b)  -> (artifact id: 'ce5610ed9c0fae2b5a8959882eb3fcd6') in 0.006830 seconds
Number of updated asset objects reloaded before import = 0
Number of asset objects unloaded after import = 3
========================================================================
Received Import Request.
  Time since last request: 0.202477 seconds.
  path: Assets/Pixel2DCastleTileset/Sprites/walls_427.asset
  artifactKey: Guid(4a5d1a3780d4ca34c8c6aecd46887458) Importer(815301076,1909f56bfc062723c751e8b465ee728b)
Start importing Assets/Pixel2DCastleTileset/Sprites/walls_427.asset using Guid(4a5d1a3780d4ca34c8c6aecd46887458) Importer(815301076,1909f56bfc062723c751e8b465ee728b)  -> (artifact id: '953479027deec045722180f95f926153') in 0.006820 seconds
Number of updated asset objects reloaded before import = 0
Number of asset objects unloaded after import = 3
========================================================================
Received Import Request.
  Time since last request: 0.000018 seconds.
  path: Assets/Pixel2DCastleTileset/Sprites/walls_431.asset
  artifactKey: Guid(c1c706529ed359c4588a243a2a5c88b5) Importer(815301076,1909f56bfc062723c751e8b465ee728b)
Start importing Assets/Pixel2DCastleTileset/Sprites/walls_431.asset using Guid(c1c706529ed359c4588a243a2a5c88b5) Importer(815301076,1909f56bfc062723c751e8b465ee728b)  -> (artifact id: 'cee15f4221e870deab916758ef30f4aa') in 0.006931 seconds
Number of updated asset objects reloaded before import = 0
Number of asset objects unloaded after import = 3
========================================================================
Received Import Request.
  Time since last request: 0.039504 seconds.
  path: Assets/Pixel2DCastleTileset/Sprites/walls_441.asset
  artifactKey: Guid(1c753b66d3406aa428232d9bdb57f26c) Importer(815301076,1909f56bfc062723c751e8b465ee728b)
Start importing Assets/Pixel2DCastleTileset/Sprites/walls_441.asset using Guid(1c753b66d3406aa428232d9bdb57f26c) Importer(815301076,1909f56bfc062723c751e8b465ee728b)  -> (artifact id: 'eb3f8286195db1c0715454fc5a06d19f') in 0.005781 seconds
Number of updated asset objects reloaded before import = 0
Number of asset objects unloaded after import = 3
========================================================================
Received Import Request.
  Time since last request: 0.000015 seconds.
  path: Assets/Pixel2DCastleTileset/Sprites/walls_446.asset
  artifactKey: Guid(30928eb2c5f8aa54caff44a55b52f468) Importer(815301076,1909f56bfc062723c751e8b465ee728b)
Start importing Assets/Pixel2DCastleTileset/Sprites/walls_446.asset using Guid(30928eb2c5f8aa54caff44a55b52f468) Importer(815301076,1909f56bfc062723c751e8b465ee728b)  -> (artifact id: '03f5e8df34b5d41d8d14472b9c19723e') in 0.007688 seconds
Number of updated asset objects reloaded before import = 0
Number of asset objects unloaded after import = 3
========================================================================
Received Import Request.
  Time since last request: 0.077776 seconds.
  path: Assets/Pixel2DCastleTileset/Sprites/walls_455.asset
  artifactKey: Guid(53f5147507a84e94c940c8e6a0d762fa) Importer(815301076,1909f56bfc062723c751e8b465ee728b)
Start importing Assets/Pixel2DCastleTileset/Sprites/walls_455.asset using Guid(53f5147507a84e94c940c8e6a0d762fa) Importer(815301076,1909f56bfc062723c751e8b465ee728b)  -> (artifact id: '0d524c68c5c47462e27c908edf14b37d') in 0.006457 seconds
Number of updated asset objects reloaded before import = 0
Number of asset objects unloaded after import = 3
========================================================================
Received Import Request.
  Time since last request: 0.000020 seconds.
  path: Assets/Pixel2DCastleTileset/Sprites/walls_459.asset
  artifactKey: Guid(babb763459a93de47b2d5e709d3be6d9) Importer(815301076,1909f56bfc062723c751e8b465ee728b)
Start importing Assets/Pixel2DCastleTileset/Sprites/walls_459.asset using Guid(babb763459a93de47b2d5e709d3be6d9) Importer(815301076,1909f56bfc062723c751e8b465ee728b)  -> (artifact id: '9adaee68c674882c22d78d01fddd8ce6') in 0.006691 seconds
Number of updated asset objects reloaded before import = 0
Number of asset objects unloaded after import = 3
========================================================================
Received Import Request.
  Time since last request: 0.000025 seconds.
  path: Assets/Pixel2DCastleTileset/Sprites/walls_464.asset
  artifactKey: Guid(5d59174f4e43e3e4b99ecab0e5adfdbf) Importer(815301076,1909f56bfc062723c751e8b465ee728b)
Start importing Assets/Pixel2DCastleTileset/Sprites/walls_464.asset using Guid(5d59174f4e43e3e4b99ecab0e5adfdbf) Importer(815301076,1909f56bfc062723c751e8b465ee728b)  -> (artifact id: '914204fbb87b51d075af64002b70d626') in 0.005576 seconds
Number of updated asset objects reloaded before import = 0
Number of asset objects unloaded after import = 3
========================================================================
Received Import Request.
  Time since last request: 0.072759 seconds.
  path: Assets/Pixel2DCastleTileset/Sprites/walls_469.asset
  artifactKey: Guid(49cd0223e0496d6429c37cd104b3b1be) Importer(815301076,1909f56bfc062723c751e8b465ee728b)
Start importing Assets/Pixel2DCastleTileset/Sprites/walls_469.asset using Guid(49cd0223e0496d6429c37cd104b3b1be) Importer(815301076,1909f56bfc062723c751e8b465ee728b)  -> (artifact id: 'd5dfbcfd143de926d6bd0f2a72446ae1') in 0.006449 seconds
Number of updated asset objects reloaded before import = 0
Number of asset objects unloaded after import = 3
========================================================================
Received Import Request.
  Time since last request: 0.000017 seconds.
  path: Assets/Pixel2DCastleTileset/Sprites/walls_477.asset
  artifactKey: Guid(eeb59f1669c68424bb91b7a2223aea85) Importer(815301076,1909f56bfc062723c751e8b465ee728b)
Start importing Assets/Pixel2DCastleTileset/Sprites/walls_477.asset using Guid(eeb59f1669c68424bb91b7a2223aea85) Importer(815301076,1909f56bfc062723c751e8b465ee728b)  -> (artifact id: 'ad1ebdacb759b62d1bb098cd08dc2059') in 0.009552 seconds
Number of updated asset objects reloaded before import = 0
Number of asset objects unloaded after import = 3
========================================================================
Received Import Request.
  Time since last request: 0.047292 seconds.
  path: Assets/Pixel2DCastleTileset/Sprites/walls_483.asset
  artifactKey: Guid(bb185bdb550922349a50d66861a8f8fa) Importer(815301076,1909f56bfc062723c751e8b465ee728b)
Start importing Assets/Pixel2DCastleTileset/Sprites/walls_483.asset using Guid(bb185bdb550922349a50d66861a8f8fa) Importer(815301076,1909f56bfc062723c751e8b465ee728b)  -> (artifact id: 'a72733af810b614b413ed2f83cda0cc4') in 0.007048 seconds
Number of updated asset objects reloaded before import = 0
Number of asset objects unloaded after import = 3
========================================================================
Received Import Request.
  Time since last request: 0.000029 seconds.
  path: Assets/Pixel2DCastleTileset/Sprites/walls_494.asset
  artifactKey: Guid(c2fc8ff8166a70648a374378b87f7fde) Importer(815301076,1909f56bfc062723c751e8b465ee728b)
Start importing Assets/Pixel2DCastleTileset/Sprites/walls_494.asset using Guid(c2fc8ff8166a70648a374378b87f7fde) Importer(815301076,1909f56bfc062723c751e8b465ee728b)  -> (artifact id: 'e662d9bf842be372cefa2817c16b05e4') in 0.006897 seconds
Number of updated asset objects reloaded before import = 0
Number of asset objects unloaded after import = 3
========================================================================
Received Import Request.
  Time since last request: 0.000021 seconds.
  path: Assets/Pixel2DCastleTileset/Sprites/walls_491.asset
  artifactKey: Guid(30a3f203dfdfde444a6618d63969ae13) Importer(815301076,1909f56bfc062723c751e8b465ee728b)
Start importing Assets/Pixel2DCastleTileset/Sprites/walls_491.asset using Guid(30a3f203dfdfde444a6618d63969ae13) Importer(815301076,1909f56bfc062723c751e8b465ee728b)  -> (artifact id: '1c64ae935d34ce4e9b3535cbfa4c4b5f') in 0.006352 seconds
Number of updated asset objects reloaded before import = 0
Number of asset objects unloaded after import = 3
========================================================================
Received Import Request.
  Time since last request: 0.111506 seconds.
  path: Assets/Pixel2DCastleTileset/Sprites/walls_497.asset
  artifactKey: Guid(20faa6fadbda5644cbed993bb7db59e4) Importer(815301076,1909f56bfc062723c751e8b465ee728b)
Start importing Assets/Pixel2DCastleTileset/Sprites/walls_497.asset using Guid(20faa6fadbda5644cbed993bb7db59e4) Importer(815301076,1909f56bfc062723c751e8b465ee728b)  -> (artifact id: '5bccd4c43b3300abed01ec7cd72611bf') in 0.006675 seconds
Number of updated asset objects reloaded before import = 0
Number of asset objects unloaded after import = 3
========================================================================
Received Import Request.
  Time since last request: 0.000020 seconds.
  path: Assets/Pixel2DCastleTileset/Sprites/walls_508.asset
  artifactKey: Guid(a401779783d24c64da3d665e143e57a9) Importer(815301076,1909f56bfc062723c751e8b465ee728b)
Start importing Assets/Pixel2DCastleTileset/Sprites/walls_508.asset using Guid(a401779783d24c64da3d665e143e57a9) Importer(815301076,1909f56bfc062723c751e8b465ee728b)  -> (artifact id: '3a5a3431a59cd230b59e9a5f0655de63') in 0.015901 seconds
Number of updated asset objects reloaded before import = 0
Number of asset objects unloaded after import = 3
========================================================================
Received Import Request.
  Time since last request: 0.000023 seconds.
  path: Assets/Pixel2DCastleTileset/Sprites/walls_505.asset
  artifactKey: Guid(75560cb11d506934f8cc9337147678d9) Importer(815301076,1909f56bfc062723c751e8b465ee728b)
Start importing Assets/Pixel2DCastleTileset/Sprites/walls_505.asset using Guid(75560cb11d506934f8cc9337147678d9) Importer(815301076,1909f56bfc062723c751e8b465ee728b)  -> (artifact id: '26e375d04a3118434ba8d08bffc5991b') in 0.007325 seconds
Number of updated asset objects reloaded before import = 0
Number of asset objects unloaded after import = 3
========================================================================
Received Import Request.
  Time since last request: 0.021401 seconds.
  path: Assets/Pixel2DCastleTileset/Sprites/walls_511.asset
  artifactKey: Guid(a03df504a417cbd4d933d888e2a9fdf2) Importer(815301076,1909f56bfc062723c751e8b465ee728b)
Start importing Assets/Pixel2DCastleTileset/Sprites/walls_511.asset using Guid(a03df504a417cbd4d933d888e2a9fdf2) Importer(815301076,1909f56bfc062723c751e8b465ee728b)  -> (artifact id: '13b964577557f9503fa9df882516464e') in 0.005736 seconds
Number of updated asset objects reloaded before import = 0
Number of asset objects unloaded after import = 3
========================================================================
Received Import Request.
  Time since last request: 0.000018 seconds.
  path: Assets/Pixel2DCastleTileset/Sprites/walls_521.asset
  artifactKey: Guid(5dd62344e0bcf904ca88769a5eb792b1) Importer(815301076,1909f56bfc062723c751e8b465ee728b)
Start importing Assets/Pixel2DCastleTileset/Sprites/walls_521.asset using Guid(5dd62344e0bcf904ca88769a5eb792b1) Importer(815301076,1909f56bfc062723c751e8b465ee728b)  -> (artifact id: 'd23b5e19ad2dfa07989657ecc84aad2d') in 0.006356 seconds
Number of updated asset objects reloaded before import = 0
Number of asset objects unloaded after import = 3
========================================================================
Received Import Request.
  Time since last request: 0.000016 seconds.
  path: Assets/Pixel2DCastleTileset/Sprites/walls_522.asset
  artifactKey: Guid(c246c0c6c5b3bf643b546eadb58dbb49) Importer(815301076,1909f56bfc062723c751e8b465ee728b)
Start importing Assets/Pixel2DCastleTileset/Sprites/walls_522.asset using Guid(c246c0c6c5b3bf643b546eadb58dbb49) Importer(815301076,1909f56bfc062723c751e8b465ee728b)  -> (artifact id: 'd2038b5fbc5c4b02d666308729f20ea3') in 0.005950 seconds
Number of updated asset objects reloaded before import = 0
Number of asset objects unloaded after import = 3
========================================================================
Received Import Request.
  Time since last request: 0.016523 seconds.
  path: Assets/Pixel2DCastleTileset/Sprites/walls_525.asset
  artifactKey: Guid(f3a75ab6417d5ea4d828ecd7d247d27d) Importer(815301076,1909f56bfc062723c751e8b465ee728b)
Start importing Assets/Pixel2DCastleTileset/Sprites/walls_525.asset using Guid(f3a75ab6417d5ea4d828ecd7d247d27d) Importer(815301076,1909f56bfc062723c751e8b465ee728b)  -> (artifact id: '24065d6aae65bb4746941d68e2b29977') in 0.005403 seconds
Number of updated asset objects reloaded before import = 0
Number of asset objects unloaded after import = 3
========================================================================
Received Import Request.
  Time since last request: 0.000022 seconds.
  path: Assets/Pixel2DCastleTileset/Sprites/walls_533.asset
  artifactKey: Guid(fbf27cb68b0274a4ba1f0f7e2e360dfa) Importer(815301076,1909f56bfc062723c751e8b465ee728b)
Start importing Assets/Pixel2DCastleTileset/Sprites/walls_533.asset using Guid(fbf27cb68b0274a4ba1f0f7e2e360dfa) Importer(815301076,1909f56bfc062723c751e8b465ee728b)  -> (artifact id: 'eb2dd844e81d358019e74003a4156ef6') in 0.007988 seconds
Number of updated asset objects reloaded before import = 0
Number of asset objects unloaded after import = 3
========================================================================
Received Import Request.
  Time since last request: 0.357464 seconds.
  path: Assets/Pixel2DCastleTileset/Sprites/walls_539.asset
  artifactKey: Guid(5483bc7b3295bc345adc94a51a52e2fe) Importer(815301076,1909f56bfc062723c751e8b465ee728b)
Start importing Assets/Pixel2DCastleTileset/Sprites/walls_539.asset using Guid(5483bc7b3295bc345adc94a51a52e2fe) Importer(815301076,1909f56bfc062723c751e8b465ee728b)  -> (artifact id: '20bc5c03202ed1444bc85cd4b1516d2b') in 0.005870 seconds
Number of updated asset objects reloaded before import = 0
Number of asset objects unloaded after import = 3
========================================================================
Received Import Request.
  Time since last request: 0.000022 seconds.
  path: Assets/Pixel2DCastleTileset/Sprites/walls_549.asset
  artifactKey: Guid(4657600773f5b994bba0612225612a0f) Importer(815301076,1909f56bfc062723c751e8b465ee728b)
Start importing Assets/Pixel2DCastleTileset/Sprites/walls_549.asset using Guid(4657600773f5b994bba0612225612a0f) Importer(815301076,1909f56bfc062723c751e8b465ee728b)  -> (artifact id: '7720e2762b68cb5783def6c7db0cc882') in 0.006848 seconds
Number of updated asset objects reloaded before import = 0
Number of asset objects unloaded after import = 3
========================================================================
Received Import Request.
  Time since last request: 0.000023 seconds.
  path: Assets/Pixel2DCastleTileset/Sprites/walls_550.asset
  artifactKey: Guid(a44c7d9c41a52bf43ae9f25fd9820529) Importer(815301076,1909f56bfc062723c751e8b465ee728b)
Start importing Assets/Pixel2DCastleTileset/Sprites/walls_550.asset using Guid(a44c7d9c41a52bf43ae9f25fd9820529) Importer(815301076,1909f56bfc062723c751e8b465ee728b)  -> (artifact id: '15de8b2f817ff4e21191c1f74e8d3d3e') in 0.005005 seconds
Number of updated asset objects reloaded before import = 0
Number of asset objects unloaded after import = 3
========================================================================
Received Import Request.
  Time since last request: 0.076559 seconds.
  path: Assets/Pixel2DCastleTileset/Sprites/walls_553.asset
  artifactKey: Guid(57d73219829d7ad488c3d2b010446990) Importer(815301076,1909f56bfc062723c751e8b465ee728b)
Start importing Assets/Pixel2DCastleTileset/Sprites/walls_553.asset using Guid(57d73219829d7ad488c3d2b010446990) Importer(815301076,1909f56bfc062723c751e8b465ee728b)  -> (artifact id: '84d6deb3cca1b8f0a075488bdc94de89') in 0.006027 seconds
Number of updated asset objects reloaded before import = 0
Number of asset objects unloaded after import = 3
========================================================================
Received Import Request.
  Time since last request: 16.320777 seconds.
  path: Assets/Pack 01 (Pixel Art)/PNG/Wall device.png
  artifactKey: Guid(2a2adaee00e11c84b8fb68af89677354) Importer(815301076,1909f56bfc062723c751e8b465ee728b)
Start importing Assets/Pack 01 (Pixel Art)/PNG/Wall device.png using Guid(2a2adaee00e11c84b8fb68af89677354) Importer(815301076,1909f56bfc062723c751e8b465ee728b)  -> (artifact id: '50a3acdde8d0cdf982688ca0eff81806') in 0.038057 seconds
Number of updated asset objects reloaded before import = 0
Number of asset objects unloaded after import = 3
========================================================================
Received Import Request.
  Time since last request: 0.016743 seconds.
  path: Assets/Pack 01 (Pixel Art)/PNG/Semi-wall 2.png
  artifactKey: Guid(1b4579f1901e4f64c941a81a32e59d78) Importer(815301076,1909f56bfc062723c751e8b465ee728b)
Start importing Assets/Pack 01 (Pixel Art)/PNG/Semi-wall 2.png using Guid(1b4579f1901e4f64c941a81a32e59d78) Importer(815301076,1909f56bfc062723c751e8b465ee728b)  -> (artifact id: '5df2969ca4486034bb48106af702ebd9') in 0.022251 seconds
Number of updated asset objects reloaded before import = 0
Number of asset objects unloaded after import = 3
========================================================================
Received Import Request.
  Time since last request: 0.005927 seconds.
  path: Assets/Pack 01 (Pixel Art)/PNG/Wall 3.png
  artifactKey: Guid(0222c73701782564bbafc90dc320756d) Importer(815301076,1909f56bfc062723c751e8b465ee728b)
Start importing Assets/Pack 01 (Pixel Art)/PNG/Wall 3.png using Guid(0222c73701782564bbafc90dc320756d) Importer(815301076,1909f56bfc062723c751e8b465ee728b)  -> (artifact id: '75f0a078d663d72ad21585049b9fae69') in 0.022417 seconds
Number of updated asset objects reloaded before import = 0
Number of asset objects unloaded after import = 3
========================================================================
Received Import Request.
  Time since last request: 0.002656 seconds.
  path: Assets/Pack 01 (Pixel Art)/PNG/Wall 7.png
  artifactKey: Guid(208fe2108fb9c4247b33044fdac99fa4) Importer(815301076,1909f56bfc062723c751e8b465ee728b)
Start importing Assets/Pack 01 (Pixel Art)/PNG/Wall 7.png using Guid(208fe2108fb9c4247b33044fdac99fa4) Importer(815301076,1909f56bfc062723c751e8b465ee728b)  -> (artifact id: 'd9b096ffbffebd10698a1512e5672e57') in 0.023966 seconds
Number of updated asset objects reloaded before import = 0
Number of asset objects unloaded after import = 3
Editor requested this worker to shutdown with reason: Scaling down because of idle timeout
TcpMessagingSession - receive error: operation aborted. errorcode: 995, details: A operao de E/S foi anulada devido a uma sada de thread ou a uma requisio de aplicativo.
AssetImportWorker is now disconnected from the server
Process exiting
Exiting without the bug reporter. Application will terminate with return code 0