Using pre-set license
Built from '2022.3/staging' branch; Version is '2022.3.6f1 (b9e6e7e9fa2d) revision 12183271'; Using compiler version '192829333'; Build Type 'Release'
OS: 'Windows 10  (10.0.19045) 64bit Professional' Language: 'pt' Physical Memory: 16295 MB
BatchMode: 1, IsHumanControllingUs: 0, StartBugReporterOnCrash: 0, Is64bit: 1, IsPro: 1

COMMAND LINE ARGUMENTS:
C:\Program Files\Unity\Hub\Editor\2022.3.6f1\Editor\Unity.exe
-adb2
-batchMode
-noUpm
-name
AssetImportWorker18
-projectPath
C:/Users/Jorge Santos/Desktop/MEGAMAN/MegamanRemix
-logFile
Logs/AssetImportWorker18.log
-srvPort
55435
Successfully changed project path to: C:/Users/Jorge Santos/Desktop/MEGAMAN/MegamanRemix
C:/Users/Jorge Santos/Desktop/MEGAMAN/MegamanRemix
[UnityMemory] Configuration Parameters - Can be set up in boot.config
    "memorysetup-bucket-allocator-granularity=16"
    "memorysetup-bucket-allocator-bucket-count=8"
    "memorysetup-bucket-allocator-block-size=33554432"
    "memorysetup-bucket-allocator-block-count=8"
    "memorysetup-main-allocator-block-size=16777216"
    "memorysetup-thread-allocator-block-size=16777216"
    "memorysetup-gfx-main-allocator-block-size=16777216"
    "memorysetup-gfx-thread-allocator-block-size=16777216"
    "memorysetup-cache-allocator-block-size=4194304"
    "memorysetup-typetree-allocator-block-size=2097152"
    "memorysetup-profiler-bucket-allocator-granularity=16"
    "memorysetup-profiler-bucket-allocator-bucket-count=8"
    "memorysetup-profiler-bucket-allocator-block-size=33554432"
    "memorysetup-profiler-bucket-allocator-block-count=8"
    "memorysetup-profiler-allocator-block-size=16777216"
    "memorysetup-profiler-editor-allocator-block-size=1048576"
    "memorysetup-temp-allocator-size-main=16777216"
    "memorysetup-job-temp-allocator-block-size=2097152"
    "memorysetup-job-temp-allocator-block-size-background=1048576"
    "memorysetup-job-temp-allocator-reduction-small-platforms=262144"
    "memorysetup-allocator-temp-initial-block-size-main=262144"
    "memorysetup-allocator-temp-initial-block-size-worker=262144"
    "memorysetup-temp-allocator-size-background-worker=32768"
    "memorysetup-temp-allocator-size-job-worker=262144"
    "memorysetup-temp-allocator-size-preload-manager=33554432"
    "memorysetup-temp-allocator-size-nav-mesh-worker=65536"
    "memorysetup-temp-allocator-size-audio-worker=65536"
    "memorysetup-temp-allocator-size-cloud-worker=32768"
    "memorysetup-temp-allocator-size-gi-baking-worker=262144"
    "memorysetup-temp-allocator-size-gfx=262144"
Player connection [42140] Host "[IP] 192.168.15.114 [Port] 0 [Flags] 2 [Guid] 2051111478 [EditorId] 2051111478 [Version] 1048832 [Id] WindowsEditor(7,DESKTOP-7BIHLFE) [Debug] 1 [PackageName] WindowsEditor [ProjectName] Editor" joined multi-casting on [225.0.0.222:54997]...

Player connection [42140] Host "[IP] 192.168.15.114 [Port] 0 [Flags] 2 [Guid] 2051111478 [EditorId] 2051111478 [Version] 1048832 [Id] WindowsEditor(7,DESKTOP-7BIHLFE) [Debug] 1 [PackageName] WindowsEditor [ProjectName] Editor" joined alternative multi-casting on [225.0.0.222:34997]...

Refreshing native plugins compatible for Editor in 24.44 ms, found 4 plugins.
Preloading 0 native plugins for Editor in 0.00 ms.
Initialize engine version: 2022.3.6f1 (b9e6e7e9fa2d)
[Subsystems] Discovering subsystems at path C:/Program Files/Unity/Hub/Editor/2022.3.6f1/Editor/Data/Resources/UnitySubsystems
[Subsystems] Discovering subsystems at path C:/Users/Jorge Santos/Desktop/MEGAMAN/MegamanRemix/Assets
GfxDevice: creating device client; threaded=0; jobified=0
Direct3D:
    Version:  Direct3D 11.0 [level 11.1]
    Renderer: NVIDIA GeForce GTX 1650 (ID=0x1f82)
    Vendor:   NVIDIA
    VRAM:     3949 MB
    Driver:   31.0.15.3623
Initialize mono
Mono path[0] = 'C:/Program Files/Unity/Hub/Editor/2022.3.6f1/Editor/Data/Managed'
Mono path[1] = 'C:/Program Files/Unity/Hub/Editor/2022.3.6f1/Editor/Data/MonoBleedingEdge/lib/mono/unityjit-win32'
Mono config path = 'C:/Program Files/Unity/Hub/Editor/2022.3.6f1/Editor/Data/MonoBleedingEdge/etc'
Using monoOptions --debugger-agent=transport=dt_socket,embedding=1,server=y,suspend=n,address=127.0.0.1:56896
Begin MonoManager ReloadAssembly
Registering precompiled unity dll's ...
Register platform support module: C:/Program Files/Unity/Hub/Editor/2022.3.6f1/Editor/Data/PlaybackEngines/WebGLSupport/UnityEditor.WebGL.Extensions.dll
Register platform support module: C:/Program Files/Unity/Hub/Editor/2022.3.6f1/Editor/Data/PlaybackEngines/WindowsStandaloneSupport/UnityEditor.WindowsStandalone.Extensions.dll
Registered in 0.013710 seconds.
- Loaded All Assemblies, in  0.414 seconds
Native extension for WindowsStandalone target not found
Native extension for WebGL target not found
Mono: successfully reloaded assembly
- Finished resetting the current domain, in  0.255 seconds
Domain Reload Profiling: 667ms
	BeginReloadAssembly (101ms)
		ExecutionOrderSort (0ms)
		DisableScriptedObjects (0ms)
		BackupInstance (0ms)
		ReleaseScriptingObjects (0ms)
		CreateAndSetChildDomain (1ms)
	RebuildCommonClasses (38ms)
	RebuildNativeTypeToScriptingClass (13ms)
	initialDomainReloadingComplete (75ms)
	LoadAllAssembliesAndSetupDomain (185ms)
		LoadAssemblies (98ms)
		RebuildTransferFunctionScriptingTraits (0ms)
		AnalyzeDomain (178ms)
			TypeCache.Refresh (177ms)
				TypeCache.ScanAssembly (166ms)
			ScanForSourceGeneratedMonoScriptInfo (0ms)
			ResolveRequiredComponents (0ms)
	FinalizeReload (255ms)
		ReleaseScriptCaches (0ms)
		RebuildScriptCaches (0ms)
		SetupLoadedEditorAssemblies (197ms)
			LogAssemblyErrors (0ms)
			InitializePlatformSupportModulesInManaged (12ms)
			SetLoadedEditorAssemblies (4ms)
			RefreshPlugins (0ms)
			BeforeProcessingInitializeOnLoad (2ms)
			ProcessInitializeOnLoadAttributes (128ms)
			ProcessInitializeOnLoadMethodAttributes (52ms)
			AfterProcessingInitializeOnLoad (0ms)
			EditorAssembliesLoaded (0ms)
		ExecutionOrderSort2 (0ms)
		AwakeInstancesAfterBackupRestoration (0ms)
========================================================================
Worker process is ready to serve import requests
Begin MonoManager ReloadAssembly
Symbol file LoadedFromMemory is not a mono symbol file
- Loaded All Assemblies, in  0.754 seconds
Refreshing native plugins compatible for Editor in 12.05 ms, found 4 plugins.
Native extension for WindowsStandalone target not found
Native extension for WebGL target not found
Mono: successfully reloaded assembly
- Finished resetting the current domain, in  0.546 seconds
Domain Reload Profiling: 1295ms
	BeginReloadAssembly (141ms)
		ExecutionOrderSort (0ms)
		DisableScriptedObjects (5ms)
		BackupInstance (0ms)
		ReleaseScriptingObjects (0ms)
		CreateAndSetChildDomain (20ms)
	RebuildCommonClasses (39ms)
	RebuildNativeTypeToScriptingClass (12ms)
	initialDomainReloadingComplete (49ms)
	LoadAllAssembliesAndSetupDomain (508ms)
		LoadAssemblies (314ms)
		RebuildTransferFunctionScriptingTraits (0ms)
		AnalyzeDomain (255ms)
			TypeCache.Refresh (236ms)
				TypeCache.ScanAssembly (223ms)
			ScanForSourceGeneratedMonoScriptInfo (16ms)
			ResolveRequiredComponents (3ms)
	FinalizeReload (547ms)
		ReleaseScriptCaches (0ms)
		RebuildScriptCaches (0ms)
		SetupLoadedEditorAssemblies (424ms)
			LogAssemblyErrors (0ms)
			InitializePlatformSupportModulesInManaged (7ms)
			SetLoadedEditorAssemblies (3ms)
			RefreshPlugins (0ms)
			BeforeProcessingInitializeOnLoad (66ms)
			ProcessInitializeOnLoadAttributes (208ms)
			ProcessInitializeOnLoadMethodAttributes (131ms)
			AfterProcessingInitializeOnLoad (9ms)
			EditorAssembliesLoaded (0ms)
		ExecutionOrderSort2 (0ms)
		AwakeInstancesAfterBackupRestoration (5ms)
Launched and connected shader compiler UnityShaderCompiler.exe after 0.07 seconds
Refreshing native plugins compatible for Editor in 19.30 ms, found 4 plugins.
Preloading 0 native plugins for Editor in 0.00 ms.
Unloading 2423 Unused Serialized files (Serialized files now loaded: 0)
Unloading 77 unused Assets / (79.6 KB). Loaded Objects now: 2870.
Memory consumption went from 106.0 MB to 105.9 MB.
Total: 7.330300 ms (FindLiveObjects: 0.239100 ms CreateObjectMapping: 0.068100 ms MarkObjects: 6.865300 ms  DeleteObjects: 0.156900 ms)

AssetImportParameters requested are different than current active one (requested -> active):
  custom:video-decoder-webm-vp8: 9c59270c3fd7afecdb556c50c9e8de78 -> 
  custom:SearchIndexIgnoredProperties: e643bd26f0fe6173181afceb89e7c659 -> 
  custom:container-demuxer-ogg: 62fdf1f143b41e24485cea50d1cbac27 -> 
  custom:AudioImporter_EditorPlatform: d09bf68614088b80899f8185d706f6e7 -> 
  custom:video-decoder-ogg-theora: a1e56fd34408186e4bbccfd4996cb3dc -> 
  custom:framework-win-MediaFoundation: 216162199b28c13a410421893ffa2e32 -> 
  custom:video-encoder-webm-vp8: eb34c28f22e8b96e1ab97ce403110664 -> 
  custom:audio-decoder-ogg-vorbis: bf7c407c2cedff20999df2af8eb42d56 -> 
  custom:CustomObjectIndexerAttribute: 756ad292c208cfabdd7b50bc23989ffe -> 
  custom:container-demuxer-webm: 4f35f7cbe854078d1ac9338744f61a02 -> 
  custom:audio-encoder-webm-vorbis: bf7c407c2cedff20999df2af8eb42d56 -> 
  custom:container-muxer-webm: aa71ff27fc2769a1b78a27578f13a17b -> 
========================================================================
Received Import Request.
  Time since last request: 977811.200083 seconds.
  path: Assets/Pixel2DCastleTileset/Sprites/walls_4.asset
  artifactKey: Guid(aee41736c01686946ab0255c24ba5be3) Importer(815301076,1909f56bfc062723c751e8b465ee728b)
Start importing Assets/Pixel2DCastleTileset/Sprites/walls_4.asset using Guid(aee41736c01686946ab0255c24ba5be3) Importer(815301076,1909f56bfc062723c751e8b465ee728b)  -> (artifact id: 'e1b6420e02773b406845ad5f96960430') in 0.152229 seconds
Number of updated asset objects reloaded before import = 0
Number of asset objects unloaded after import = 3
========================================================================
Received Import Request.
  Time since last request: 17.338149 seconds.
  path: Assets/Pixel2DCastleTileset/Sprites/walls_37.asset
  artifactKey: Guid(5ed2720a8b3eeb242820066c93a5bc1e) Importer(815301076,1909f56bfc062723c751e8b465ee728b)
Start importing Assets/Pixel2DCastleTileset/Sprites/walls_37.asset using Guid(5ed2720a8b3eeb242820066c93a5bc1e) Importer(815301076,1909f56bfc062723c751e8b465ee728b)  -> (artifact id: '12eec20f79add33f5fbacf30bea16bf2') in 0.008978 seconds
Number of updated asset objects reloaded before import = 0
Number of asset objects unloaded after import = 3
========================================================================
Received Import Request.
  Time since last request: 0.000014 seconds.
  path: Assets/Pixel2DCastleTileset/Sprites/walls_46.asset
  artifactKey: Guid(ca9d7e26cb7c0c1499961eab55340563) Importer(815301076,1909f56bfc062723c751e8b465ee728b)
Start importing Assets/Pixel2DCastleTileset/Sprites/walls_46.asset using Guid(ca9d7e26cb7c0c1499961eab55340563) Importer(815301076,1909f56bfc062723c751e8b465ee728b)  -> (artifact id: 'f7c128d14fa47fb6f57c4d822e17eb33') in 0.008702 seconds
Number of updated asset objects reloaded before import = 0
Number of asset objects unloaded after import = 3
========================================================================
Received Import Request.
  Time since last request: 8.099850 seconds.
  path: Assets/Pixel2DCastleTileset/Sprites/walls_51.asset
  artifactKey: Guid(23e8ca7e858ca7343be8e972b711b209) Importer(815301076,1909f56bfc062723c751e8b465ee728b)
Start importing Assets/Pixel2DCastleTileset/Sprites/walls_51.asset using Guid(23e8ca7e858ca7343be8e972b711b209) Importer(815301076,1909f56bfc062723c751e8b465ee728b)  -> (artifact id: 'ba13b72daad1dc8414cfb7486db7d667') in 0.007810 seconds
Number of updated asset objects reloaded before import = 0
Number of asset objects unloaded after import = 3
========================================================================
Received Import Request.
  Time since last request: 0.000020 seconds.
  path: Assets/Pixel2DCastleTileset/Sprites/walls_55.asset
  artifactKey: Guid(793122e51b7a2474b95d41ad828047e2) Importer(815301076,1909f56bfc062723c751e8b465ee728b)
Start importing Assets/Pixel2DCastleTileset/Sprites/walls_55.asset using Guid(793122e51b7a2474b95d41ad828047e2) Importer(815301076,1909f56bfc062723c751e8b465ee728b)  -> (artifact id: 'd0e946d356c93beb252431b746c3a41a') in 0.007346 seconds
Number of updated asset objects reloaded before import = 0
Number of asset objects unloaded after import = 3
========================================================================
Received Import Request.
  Time since last request: 0.025625 seconds.
  path: Assets/Pixel2DCastleTileset/Sprites/walls_65.asset
  artifactKey: Guid(967318def22b531408302f10169e0a1c) Importer(815301076,1909f56bfc062723c751e8b465ee728b)
Start importing Assets/Pixel2DCastleTileset/Sprites/walls_65.asset using Guid(967318def22b531408302f10169e0a1c) Importer(815301076,1909f56bfc062723c751e8b465ee728b)  -> (artifact id: 'e33ddacfaed8589e7cc2969ec3687f3c') in 0.008135 seconds
Number of updated asset objects reloaded before import = 0
Number of asset objects unloaded after import = 3
========================================================================
Received Import Request.
  Time since last request: 0.000019 seconds.
  path: Assets/Pixel2DCastleTileset/Sprites/walls_72.asset
  artifactKey: Guid(d18263b7cdd7ae3468a0373eaf2a41a4) Importer(815301076,1909f56bfc062723c751e8b465ee728b)
Start importing Assets/Pixel2DCastleTileset/Sprites/walls_72.asset using Guid(d18263b7cdd7ae3468a0373eaf2a41a4) Importer(815301076,1909f56bfc062723c751e8b465ee728b)  -> (artifact id: '6253a03db6000b4850a2015ca6d98ee3') in 0.009648 seconds
Number of updated asset objects reloaded before import = 0
Number of asset objects unloaded after import = 3
========================================================================
Received Import Request.
  Time since last request: 7.126041 seconds.
  path: Assets/Pixel2DCastleTileset/Sprites/walls_79.asset
  artifactKey: Guid(b0d4d6e929c60314bab80858670cfcb4) Importer(815301076,1909f56bfc062723c751e8b465ee728b)
Start importing Assets/Pixel2DCastleTileset/Sprites/walls_79.asset using Guid(b0d4d6e929c60314bab80858670cfcb4) Importer(815301076,1909f56bfc062723c751e8b465ee728b)  -> (artifact id: '0b32d8bda8131d847307c50f8d480a26') in 0.008095 seconds
Number of updated asset objects reloaded before import = 0
Number of asset objects unloaded after import = 3
========================================================================
Received Import Request.
  Time since last request: 0.000029 seconds.
  path: Assets/Pixel2DCastleTileset/Sprites/walls_85.asset
  artifactKey: Guid(121b0ad1f462a8240b6ff9a53cdcd404) Importer(815301076,1909f56bfc062723c751e8b465ee728b)
Start importing Assets/Pixel2DCastleTileset/Sprites/walls_85.asset using Guid(121b0ad1f462a8240b6ff9a53cdcd404) Importer(815301076,1909f56bfc062723c751e8b465ee728b)  -> (artifact id: '5a45b187389c86e342b7f12a13a8c54e') in 0.005894 seconds
Number of updated asset objects reloaded before import = 0
Number of asset objects unloaded after import = 3
========================================================================
Received Import Request.
  Time since last request: 0.022715 seconds.
  path: Assets/Pixel2DCastleTileset/Sprites/walls_93.asset
  artifactKey: Guid(8cbe94ccd5379ac499f10e8346f9f968) Importer(815301076,1909f56bfc062723c751e8b465ee728b)
Start importing Assets/Pixel2DCastleTileset/Sprites/walls_93.asset using Guid(8cbe94ccd5379ac499f10e8346f9f968) Importer(815301076,1909f56bfc062723c751e8b465ee728b)  -> (artifact id: '9c54ee2cc18c3e5d7cf5778ea1f15c4d') in 0.006860 seconds
Number of updated asset objects reloaded before import = 0
Number of asset objects unloaded after import = 3
========================================================================
Received Import Request.
  Time since last request: 0.000017 seconds.
  path: Assets/Pixel2DCastleTileset/Sprites/walls_97.asset
  artifactKey: Guid(e067f3caf37281344a08e0424b995b8d) Importer(815301076,1909f56bfc062723c751e8b465ee728b)
Start importing Assets/Pixel2DCastleTileset/Sprites/walls_97.asset using Guid(e067f3caf37281344a08e0424b995b8d) Importer(815301076,1909f56bfc062723c751e8b465ee728b)  -> (artifact id: '6720754f59e052da0438cb9f12d4b11a') in 0.006936 seconds
Number of updated asset objects reloaded before import = 0
Number of asset objects unloaded after import = 3
========================================================================
Received Import Request.
  Time since last request: 0.008374 seconds.
  path: Assets/Pixel2DCastleTileset/Sprites/walls_107.asset
  artifactKey: Guid(5eaba6baf1cd6094294194adea4954dd) Importer(815301076,1909f56bfc062723c751e8b465ee728b)
Start importing Assets/Pixel2DCastleTileset/Sprites/walls_107.asset using Guid(5eaba6baf1cd6094294194adea4954dd) Importer(815301076,1909f56bfc062723c751e8b465ee728b)  -> (artifact id: '82a40bba13eb2d7a5e8a762f66a26f46') in 0.007068 seconds
Number of updated asset objects reloaded before import = 0
Number of asset objects unloaded after import = 3
========================================================================
Received Import Request.
  Time since last request: 0.000015 seconds.
  path: Assets/Pixel2DCastleTileset/Sprites/walls_113.asset
  artifactKey: Guid(e11beadbbab172946a24d431d0b537bf) Importer(815301076,1909f56bfc062723c751e8b465ee728b)
Start importing Assets/Pixel2DCastleTileset/Sprites/walls_113.asset using Guid(e11beadbbab172946a24d431d0b537bf) Importer(815301076,1909f56bfc062723c751e8b465ee728b)  -> (artifact id: 'c42cb2801cade6f8c062bb0823c0e640') in 0.007109 seconds
Number of updated asset objects reloaded before import = 0
Number of asset objects unloaded after import = 3
========================================================================
Received Import Request.
  Time since last request: 0.009198 seconds.
  path: Assets/Pixel2DCastleTileset/Sprites/walls_121.asset
  artifactKey: Guid(bbab3a678123edc4f8e7eb5a6d1138a7) Importer(815301076,1909f56bfc062723c751e8b465ee728b)
Start importing Assets/Pixel2DCastleTileset/Sprites/walls_121.asset using Guid(bbab3a678123edc4f8e7eb5a6d1138a7) Importer(815301076,1909f56bfc062723c751e8b465ee728b)  -> (artifact id: 'c69b7d9aff6b418b9e5cba211c352c11') in 0.008053 seconds
Number of updated asset objects reloaded before import = 0
Number of asset objects unloaded after import = 3
========================================================================
Received Import Request.
  Time since last request: 0.000021 seconds.
  path: Assets/Pixel2DCastleTileset/Sprites/walls_123.asset
  artifactKey: Guid(6048df50cb2804d48b1f3e3c17056b8d) Importer(815301076,1909f56bfc062723c751e8b465ee728b)
Start importing Assets/Pixel2DCastleTileset/Sprites/walls_123.asset using Guid(6048df50cb2804d48b1f3e3c17056b8d) Importer(815301076,1909f56bfc062723c751e8b465ee728b)  -> (artifact id: '45a5c0c977f809040ca748853b6786ba') in 0.007177 seconds
Number of updated asset objects reloaded before import = 0
Number of asset objects unloaded after import = 3
========================================================================
Received Import Request.
  Time since last request: 0.129523 seconds.
  path: Assets/Pixel2DCastleTileset/Sprites/walls_135.asset
  artifactKey: Guid(204aaef0de73a8d4899f1abc9313f614) Importer(815301076,1909f56bfc062723c751e8b465ee728b)
Start importing Assets/Pixel2DCastleTileset/Sprites/walls_135.asset using Guid(204aaef0de73a8d4899f1abc9313f614) Importer(815301076,1909f56bfc062723c751e8b465ee728b)  -> (artifact id: 'b0182eb1108fb510bcaaf8b99949703b') in 0.008065 seconds
Number of updated asset objects reloaded before import = 0
Number of asset objects unloaded after import = 3
========================================================================
Received Import Request.
  Time since last request: 0.000017 seconds.
  path: Assets/Pixel2DCastleTileset/Sprites/walls_144.asset
  artifactKey: Guid(7d8deb3f04b418c4bb545b70ba327bcb) Importer(815301076,1909f56bfc062723c751e8b465ee728b)
Start importing Assets/Pixel2DCastleTileset/Sprites/walls_144.asset using Guid(7d8deb3f04b418c4bb545b70ba327bcb) Importer(815301076,1909f56bfc062723c751e8b465ee728b)  -> (artifact id: 'a43a92b764ae3aa41bf727f295720dbb') in 0.007638 seconds
Number of updated asset objects reloaded before import = 0
Number of asset objects unloaded after import = 3
========================================================================
Received Import Request.
  Time since last request: 0.048403 seconds.
  path: Assets/Pixel2DCastleTileset/Sprites/walls_149.asset
  artifactKey: Guid(335c14ac77e29e04ba13bf634102a9ad) Importer(815301076,1909f56bfc062723c751e8b465ee728b)
Start importing Assets/Pixel2DCastleTileset/Sprites/walls_149.asset using Guid(335c14ac77e29e04ba13bf634102a9ad) Importer(815301076,1909f56bfc062723c751e8b465ee728b)  -> (artifact id: 'cc6c1b6aa67080e563a4d47024ed76d4') in 0.008141 seconds
Number of updated asset objects reloaded before import = 0
Number of asset objects unloaded after import = 3
========================================================================
Received Import Request.
  Time since last request: 0.000016 seconds.
  path: Assets/Pixel2DCastleTileset/Sprites/walls_151.asset
  artifactKey: Guid(c05a71da3ed60fe4fa5385ada852c548) Importer(815301076,1909f56bfc062723c751e8b465ee728b)
Start importing Assets/Pixel2DCastleTileset/Sprites/walls_151.asset using Guid(c05a71da3ed60fe4fa5385ada852c548) Importer(815301076,1909f56bfc062723c751e8b465ee728b)  -> (artifact id: '3bd4b177ea5f8ad18ee375a98a661e43') in 0.006106 seconds
Number of updated asset objects reloaded before import = 0
Number of asset objects unloaded after import = 3
========================================================================
Received Import Request.
  Time since last request: 0.031988 seconds.
  path: Assets/Pixel2DCastleTileset/Sprites/walls_163.asset
  artifactKey: Guid(9a19551e20b34a847b89cf5ded38b529) Importer(815301076,1909f56bfc062723c751e8b465ee728b)
Start importing Assets/Pixel2DCastleTileset/Sprites/walls_163.asset using Guid(9a19551e20b34a847b89cf5ded38b529) Importer(815301076,1909f56bfc062723c751e8b465ee728b)  -> (artifact id: '65f6811e40a3a2b1589b609c5a7f2223') in 0.007732 seconds
Number of updated asset objects reloaded before import = 0
Number of asset objects unloaded after import = 3
========================================================================
Received Import Request.
  Time since last request: 0.000022 seconds.
  path: Assets/Pixel2DCastleTileset/Sprites/walls_167.asset
  artifactKey: Guid(ecb9144b60218b948a19fd980d6a8ce3) Importer(815301076,1909f56bfc062723c751e8b465ee728b)
Start importing Assets/Pixel2DCastleTileset/Sprites/walls_167.asset using Guid(ecb9144b60218b948a19fd980d6a8ce3) Importer(815301076,1909f56bfc062723c751e8b465ee728b)  -> (artifact id: '70de1eca89b5910194d47eb96bd19cf2') in 0.007072 seconds
Number of updated asset objects reloaded before import = 0
Number of asset objects unloaded after import = 3
========================================================================
Received Import Request.
  Time since last request: 0.055443 seconds.
  path: Assets/Pixel2DCastleTileset/Sprites/walls_177.asset
  artifactKey: Guid(abbdb25b9f204c24aa496992e177ffbf) Importer(815301076,1909f56bfc062723c751e8b465ee728b)
Start importing Assets/Pixel2DCastleTileset/Sprites/walls_177.asset using Guid(abbdb25b9f204c24aa496992e177ffbf) Importer(815301076,1909f56bfc062723c751e8b465ee728b)  -> (artifact id: '8ba7488a6dc2b9bfd8d939c5c3f4923d') in 0.007262 seconds
Number of updated asset objects reloaded before import = 0
Number of asset objects unloaded after import = 3
========================================================================
Received Import Request.
  Time since last request: 0.000018 seconds.
  path: Assets/Pixel2DCastleTileset/Sprites/walls_182.asset
  artifactKey: Guid(ddb260db919bc304a91e3d854fd91592) Importer(815301076,1909f56bfc062723c751e8b465ee728b)
Start importing Assets/Pixel2DCastleTileset/Sprites/walls_182.asset using Guid(ddb260db919bc304a91e3d854fd91592) Importer(815301076,1909f56bfc062723c751e8b465ee728b)  -> (artifact id: 'bffceafea8962f58b45ee380775c57b2') in 0.006821 seconds
Number of updated asset objects reloaded before import = 0
Number of asset objects unloaded after import = 3
========================================================================
Received Import Request.
  Time since last request: 0.153850 seconds.
  path: Assets/Pixel2DCastleTileset/Sprites/walls_191.asset
  artifactKey: Guid(5977e30d7f2658046ba10a77d1c060ab) Importer(815301076,1909f56bfc062723c751e8b465ee728b)
Start importing Assets/Pixel2DCastleTileset/Sprites/walls_191.asset using Guid(5977e30d7f2658046ba10a77d1c060ab) Importer(815301076,1909f56bfc062723c751e8b465ee728b)  -> (artifact id: '4e03fe08e0f640dc0930de1694affdd3') in 0.006984 seconds
Number of updated asset objects reloaded before import = 0
Number of asset objects unloaded after import = 3
========================================================================
Received Import Request.
  Time since last request: 0.000015 seconds.
  path: Assets/Pixel2DCastleTileset/Sprites/walls_200.asset
  artifactKey: Guid(4fffef61932cdba4fb6d5eaa2c6cf63c) Importer(815301076,1909f56bfc062723c751e8b465ee728b)
Start importing Assets/Pixel2DCastleTileset/Sprites/walls_200.asset using Guid(4fffef61932cdba4fb6d5eaa2c6cf63c) Importer(815301076,1909f56bfc062723c751e8b465ee728b)  -> (artifact id: 'f364544f114d3a84ec7e095c7e1a0f53') in 0.006586 seconds
Number of updated asset objects reloaded before import = 0
Number of asset objects unloaded after import = 3
========================================================================
Received Import Request.
  Time since last request: 0.027086 seconds.
  path: Assets/Pixel2DCastleTileset/Sprites/walls_205.asset
  artifactKey: Guid(9aa66c81dfa3f8a4b8e3ca28d9c1e703) Importer(815301076,1909f56bfc062723c751e8b465ee728b)
Start importing Assets/Pixel2DCastleTileset/Sprites/walls_205.asset using Guid(9aa66c81dfa3f8a4b8e3ca28d9c1e703) Importer(815301076,1909f56bfc062723c751e8b465ee728b)  -> (artifact id: 'c23eaec57ca3894bc2ab850e52ae3d93') in 0.007919 seconds
Number of updated asset objects reloaded before import = 0
Number of asset objects unloaded after import = 3
========================================================================
Received Import Request.
  Time since last request: 0.000021 seconds.
  path: Assets/Pixel2DCastleTileset/Sprites/walls_214.asset
  artifactKey: Guid(332059e114e367347bf4acd2399b6942) Importer(815301076,1909f56bfc062723c751e8b465ee728b)
Start importing Assets/Pixel2DCastleTileset/Sprites/walls_214.asset using Guid(332059e114e367347bf4acd2399b6942) Importer(815301076,1909f56bfc062723c751e8b465ee728b)  -> (artifact id: 'b6c29108692c78402ddf347ced503c14') in 0.010033 seconds
Number of updated asset objects reloaded before import = 0
Number of asset objects unloaded after import = 3
========================================================================
Received Import Request.
  Time since last request: 0.033929 seconds.
  path: Assets/Pixel2DCastleTileset/Sprites/walls_219.asset
  artifactKey: Guid(a0dd740b304da2345bd9f071246e85f5) Importer(815301076,1909f56bfc062723c751e8b465ee728b)
Start importing Assets/Pixel2DCastleTileset/Sprites/walls_219.asset using Guid(a0dd740b304da2345bd9f071246e85f5) Importer(815301076,1909f56bfc062723c751e8b465ee728b)  -> (artifact id: '928daeed2c92b16173f92c1e2f901c25') in 0.007429 seconds
Number of updated asset objects reloaded before import = 0
Number of asset objects unloaded after import = 3
========================================================================
Received Import Request.
  Time since last request: 0.000020 seconds.
  path: Assets/Pixel2DCastleTileset/Sprites/walls_222.asset
  artifactKey: Guid(f901c9c560f882b4bbc374b2b064b3af) Importer(815301076,1909f56bfc062723c751e8b465ee728b)
Start importing Assets/Pixel2DCastleTileset/Sprites/walls_222.asset using Guid(f901c9c560f882b4bbc374b2b064b3af) Importer(815301076,1909f56bfc062723c751e8b465ee728b)  -> (artifact id: '12dd39fe3e6979d871786869ff443d9b') in 0.007123 seconds
Number of updated asset objects reloaded before import = 0
Number of asset objects unloaded after import = 3
========================================================================
Received Import Request.
  Time since last request: 0.040928 seconds.
  path: Assets/Pixel2DCastleTileset/Sprites/walls_233.asset
  artifactKey: Guid(f83edacf7736cd347ab2930f7f8dfebd) Importer(815301076,1909f56bfc062723c751e8b465ee728b)
Start importing Assets/Pixel2DCastleTileset/Sprites/walls_233.asset using Guid(f83edacf7736cd347ab2930f7f8dfebd) Importer(815301076,1909f56bfc062723c751e8b465ee728b)  -> (artifact id: 'e22243f446dfda21ef464dbdafdf00ec') in 0.006621 seconds
Number of updated asset objects reloaded before import = 0
Number of asset objects unloaded after import = 3
========================================================================
Received Import Request.
  Time since last request: 0.000014 seconds.
  path: Assets/Pixel2DCastleTileset/Sprites/walls_235.asset
  artifactKey: Guid(4bacf38994b5e2146ab616e2b2f03d4d) Importer(815301076,1909f56bfc062723c751e8b465ee728b)
Start importing Assets/Pixel2DCastleTileset/Sprites/walls_235.asset using Guid(4bacf38994b5e2146ab616e2b2f03d4d) Importer(815301076,1909f56bfc062723c751e8b465ee728b)  -> (artifact id: '521415f406ce5bbbb82b03151e603fd0') in 0.006197 seconds
Number of updated asset objects reloaded before import = 0
Number of asset objects unloaded after import = 3
========================================================================
Received Import Request.
  Time since last request: 0.007664 seconds.
  path: Assets/Pixel2DCastleTileset/Sprites/walls_247.asset
  artifactKey: Guid(8431903c8bd6bd24ca4b1ae93e721ec0) Importer(815301076,1909f56bfc062723c751e8b465ee728b)
Start importing Assets/Pixel2DCastleTileset/Sprites/walls_247.asset using Guid(8431903c8bd6bd24ca4b1ae93e721ec0) Importer(815301076,1909f56bfc062723c751e8b465ee728b)  -> (artifact id: 'a8e75e3ad2c7dd5f4704d48e79b123cd') in 0.006910 seconds
Number of updated asset objects reloaded before import = 0
Number of asset objects unloaded after import = 3
========================================================================
Received Import Request.
  Time since last request: 0.000023 seconds.
  path: Assets/Pixel2DCastleTileset/Sprites/walls_253.asset
  artifactKey: Guid(48bfda7aeb2bc4d4d9c75a906921b79f) Importer(815301076,1909f56bfc062723c751e8b465ee728b)
Start importing Assets/Pixel2DCastleTileset/Sprites/walls_253.asset using Guid(48bfda7aeb2bc4d4d9c75a906921b79f) Importer(815301076,1909f56bfc062723c751e8b465ee728b)  -> (artifact id: 'b53a6d3e27f3dd4d96591d5406950f87') in 0.006191 seconds
Number of updated asset objects reloaded before import = 0
Number of asset objects unloaded after import = 3
========================================================================
Received Import Request.
  Time since last request: 0.032235 seconds.
  path: Assets/Pixel2DCastleTileset/Sprites/walls_261.asset
  artifactKey: Guid(601d6338ee2f6d9488bb0b3082b9357d) Importer(815301076,1909f56bfc062723c751e8b465ee728b)
Start importing Assets/Pixel2DCastleTileset/Sprites/walls_261.asset using Guid(601d6338ee2f6d9488bb0b3082b9357d) Importer(815301076,1909f56bfc062723c751e8b465ee728b)  -> (artifact id: 'd8de50bbe6d544cb77dbf5ce2c071d82') in 0.006625 seconds
Number of updated asset objects reloaded before import = 0
Number of asset objects unloaded after import = 3
========================================================================
Received Import Request.
  Time since last request: 0.000016 seconds.
  path: Assets/Pixel2DCastleTileset/Sprites/walls_263.asset
  artifactKey: Guid(fe160098be7ff0f4ea5438db7426f7f9) Importer(815301076,1909f56bfc062723c751e8b465ee728b)
Start importing Assets/Pixel2DCastleTileset/Sprites/walls_263.asset using Guid(fe160098be7ff0f4ea5438db7426f7f9) Importer(815301076,1909f56bfc062723c751e8b465ee728b)  -> (artifact id: 'cd985728725e8129522c9f9aa5ec583f') in 0.006192 seconds
Number of updated asset objects reloaded before import = 0
Number of asset objects unloaded after import = 3
========================================================================
Received Import Request.
  Time since last request: 0.034421 seconds.
  path: Assets/Pixel2DCastleTileset/Sprites/walls_275.asset
  artifactKey: Guid(bb436e77d7e11e341b4a1a4c46f606bd) Importer(815301076,1909f56bfc062723c751e8b465ee728b)
Start importing Assets/Pixel2DCastleTileset/Sprites/walls_275.asset using Guid(bb436e77d7e11e341b4a1a4c46f606bd) Importer(815301076,1909f56bfc062723c751e8b465ee728b)  -> (artifact id: 'ebab439bc7c25d75856ed77e87efb6e5') in 0.007112 seconds
Number of updated asset objects reloaded before import = 0
Number of asset objects unloaded after import = 3
========================================================================
Received Import Request.
  Time since last request: 0.000018 seconds.
  path: Assets/Pixel2DCastleTileset/Sprites/walls_280.asset
  artifactKey: Guid(336cfcf3bd2a2784f880e3f2fea1382a) Importer(815301076,1909f56bfc062723c751e8b465ee728b)
Start importing Assets/Pixel2DCastleTileset/Sprites/walls_280.asset using Guid(336cfcf3bd2a2784f880e3f2fea1382a) Importer(815301076,1909f56bfc062723c751e8b465ee728b)  -> (artifact id: 'bee7f107a65e27559dbc2bcc6dbbda0c') in 0.009019 seconds
Number of updated asset objects reloaded before import = 0
Number of asset objects unloaded after import = 3
========================================================================
Received Import Request.
  Time since last request: 0.049872 seconds.
  path: Assets/Pixel2DCastleTileset/Sprites/walls_289.asset
  artifactKey: Guid(27ac85f93787dee499e7a311adb08328) Importer(815301076,1909f56bfc062723c751e8b465ee728b)
Start importing Assets/Pixel2DCastleTileset/Sprites/walls_289.asset using Guid(27ac85f93787dee499e7a311adb08328) Importer(815301076,1909f56bfc062723c751e8b465ee728b)  -> (artifact id: '772752a7da230889d6ae23d4134e94c6') in 0.005359 seconds
Number of updated asset objects reloaded before import = 0
Number of asset objects unloaded after import = 3
========================================================================
Received Import Request.
  Time since last request: 0.000017 seconds.
  path: Assets/Pixel2DCastleTileset/Sprites/walls_298.asset
  artifactKey: Guid(ffe9522534d7e7c4eb6a20fc4962f8f5) Importer(815301076,1909f56bfc062723c751e8b465ee728b)
Start importing Assets/Pixel2DCastleTileset/Sprites/walls_298.asset using Guid(ffe9522534d7e7c4eb6a20fc4962f8f5) Importer(815301076,1909f56bfc062723c751e8b465ee728b)  -> (artifact id: '1bdda4b0405fb35d4f8f79ed0be6f393') in 0.007014 seconds
Number of updated asset objects reloaded before import = 0
Number of asset objects unloaded after import = 3
========================================================================
Received Import Request.
  Time since last request: 0.000023 seconds.
  path: Assets/Pixel2DCastleTileset/Sprites/walls_296.asset
  artifactKey: Guid(ad0faf7986c63d44499a8e37f24fbe4b) Importer(815301076,1909f56bfc062723c751e8b465ee728b)
Start importing Assets/Pixel2DCastleTileset/Sprites/walls_296.asset using Guid(ad0faf7986c63d44499a8e37f24fbe4b) Importer(815301076,1909f56bfc062723c751e8b465ee728b)  -> (artifact id: 'a6633b460e550338e14e70fd2778466c') in 0.005318 seconds
Number of updated asset objects reloaded before import = 0
Number of asset objects unloaded after import = 3
========================================================================
Received Import Request.
  Time since last request: 0.026501 seconds.
  path: Assets/Pixel2DCastleTileset/Sprites/walls_303.asset
  artifactKey: Guid(d9a587135b9353244a000c14200cf229) Importer(815301076,1909f56bfc062723c751e8b465ee728b)
Start importing Assets/Pixel2DCastleTileset/Sprites/walls_303.asset using Guid(d9a587135b9353244a000c14200cf229) Importer(815301076,1909f56bfc062723c751e8b465ee728b)  -> (artifact id: '47f46ad90be4aaf2625e1ddf28cc49f0') in 0.006573 seconds
Number of updated asset objects reloaded before import = 0
Number of asset objects unloaded after import = 3
========================================================================
Received Import Request.
  Time since last request: 0.000014 seconds.
  path: Assets/Pixel2DCastleTileset/Sprites/walls_307.asset
  artifactKey: Guid(cb71d0461dbd73745a1288af3d97c728) Importer(815301076,1909f56bfc062723c751e8b465ee728b)
Start importing Assets/Pixel2DCastleTileset/Sprites/walls_307.asset using Guid(cb71d0461dbd73745a1288af3d97c728) Importer(815301076,1909f56bfc062723c751e8b465ee728b)  -> (artifact id: '345158c4536ba639df242a217f3ad658') in 0.006202 seconds
Number of updated asset objects reloaded before import = 0
Number of asset objects unloaded after import = 3
========================================================================
Received Import Request.
  Time since last request: 0.064756 seconds.
  path: Assets/Pixel2DCastleTileset/Sprites/walls_317.asset
  artifactKey: Guid(84b00051be7725a4c9d600c242312790) Importer(815301076,1909f56bfc062723c751e8b465ee728b)
Start importing Assets/Pixel2DCastleTileset/Sprites/walls_317.asset using Guid(84b00051be7725a4c9d600c242312790) Importer(815301076,1909f56bfc062723c751e8b465ee728b)  -> (artifact id: '8e77021c59f2d11214cd50384a1626bc') in 0.006052 seconds
Number of updated asset objects reloaded before import = 0
Number of asset objects unloaded after import = 3
========================================================================
Received Import Request.
  Time since last request: 0.000017 seconds.
  path: Assets/Pixel2DCastleTileset/Sprites/walls_325.asset
  artifactKey: Guid(60a0f37a0a61b984da60e82e297f05d5) Importer(815301076,1909f56bfc062723c751e8b465ee728b)
Start importing Assets/Pixel2DCastleTileset/Sprites/walls_325.asset using Guid(60a0f37a0a61b984da60e82e297f05d5) Importer(815301076,1909f56bfc062723c751e8b465ee728b)  -> (artifact id: 'f638146e743a70825c067f9dad838157') in 0.006522 seconds
Number of updated asset objects reloaded before import = 0
Number of asset objects unloaded after import = 3
========================================================================
Received Import Request.
  Time since last request: 0.068713 seconds.
  path: Assets/Pixel2DCastleTileset/Sprites/walls_331.asset
  artifactKey: Guid(64b2de8509b30534ab48a69c04f776b9) Importer(815301076,1909f56bfc062723c751e8b465ee728b)
Start importing Assets/Pixel2DCastleTileset/Sprites/walls_331.asset using Guid(64b2de8509b30534ab48a69c04f776b9) Importer(815301076,1909f56bfc062723c751e8b465ee728b)  -> (artifact id: '5b3c1964d7a463bfc3add98c70da1269') in 0.024761 seconds
Number of updated asset objects reloaded before import = 0
Number of asset objects unloaded after import = 3
========================================================================
Received Import Request.
  Time since last request: 0.000053 seconds.
  path: Assets/Pixel2DCastleTileset/Sprites/walls_335.asset
  artifactKey: Guid(3606c09022ea4ff45b1e85397bbf6ca4) Importer(815301076,1909f56bfc062723c751e8b465ee728b)
Start importing Assets/Pixel2DCastleTileset/Sprites/walls_335.asset using Guid(3606c09022ea4ff45b1e85397bbf6ca4) Importer(815301076,1909f56bfc062723c751e8b465ee728b)  -> (artifact id: '99e02544d20b5dd38d2dc8d859e9707f') in 0.008459 seconds
Number of updated asset objects reloaded before import = 0
Number of asset objects unloaded after import = 3
========================================================================
Received Import Request.
  Time since last request: 0.023182 seconds.
  path: Assets/Pixel2DCastleTileset/Sprites/walls_345.asset
  artifactKey: Guid(66f83748deef4d0469f82b3fb93855b2) Importer(815301076,1909f56bfc062723c751e8b465ee728b)
Start importing Assets/Pixel2DCastleTileset/Sprites/walls_345.asset using Guid(66f83748deef4d0469f82b3fb93855b2) Importer(815301076,1909f56bfc062723c751e8b465ee728b)  -> (artifact id: '8d3c0c5b32882e08fb20a533787de77f') in 0.008117 seconds
Number of updated asset objects reloaded before import = 0
Number of asset objects unloaded after import = 3
========================================================================
Received Import Request.
  Time since last request: 0.000023 seconds.
  path: Assets/Pixel2DCastleTileset/Sprites/walls_348.asset
  artifactKey: Guid(80eb379e945891f44b17520d7d2b5551) Importer(815301076,1909f56bfc062723c751e8b465ee728b)
Start importing Assets/Pixel2DCastleTileset/Sprites/walls_348.asset using Guid(80eb379e945891f44b17520d7d2b5551) Importer(815301076,1909f56bfc062723c751e8b465ee728b)  -> (artifact id: '773e74ecd65f5f03d5675ca4176252ff') in 0.007561 seconds
Number of updated asset objects reloaded before import = 0
Number of asset objects unloaded after import = 3
========================================================================
Received Import Request.
  Time since last request: 0.072116 seconds.
  path: Assets/Pixel2DCastleTileset/Sprites/walls_359.asset
  artifactKey: Guid(19a8a7393575f3c4091a343ffb3b66e7) Importer(815301076,1909f56bfc062723c751e8b465ee728b)
Start importing Assets/Pixel2DCastleTileset/Sprites/walls_359.asset using Guid(19a8a7393575f3c4091a343ffb3b66e7) Importer(815301076,1909f56bfc062723c751e8b465ee728b)  -> (artifact id: 'cac7f211e74e73b53957001035369637') in 0.007561 seconds
Number of updated asset objects reloaded before import = 0
Number of asset objects unloaded after import = 3
========================================================================
Received Import Request.
  Time since last request: 0.000017 seconds.
  path: Assets/Pixel2DCastleTileset/Sprites/walls_362.asset
  artifactKey: Guid(420e7292716e4324a9977d90961cb21c) Importer(815301076,1909f56bfc062723c751e8b465ee728b)
Start importing Assets/Pixel2DCastleTileset/Sprites/walls_362.asset using Guid(420e7292716e4324a9977d90961cb21c) Importer(815301076,1909f56bfc062723c751e8b465ee728b)  -> (artifact id: '2bba7727dbb5572d2533fbe0591609b7') in 0.007230 seconds
Number of updated asset objects reloaded before import = 0
Number of asset objects unloaded after import = 3
========================================================================
Received Import Request.
  Time since last request: 0.047405 seconds.
  path: Assets/Pixel2DCastleTileset/Sprites/walls_373.asset
  artifactKey: Guid(3ba5e3fb947688140ac5cff2ac7e30d3) Importer(815301076,1909f56bfc062723c751e8b465ee728b)
Start importing Assets/Pixel2DCastleTileset/Sprites/walls_373.asset using Guid(3ba5e3fb947688140ac5cff2ac7e30d3) Importer(815301076,1909f56bfc062723c751e8b465ee728b)  -> (artifact id: '6851235df30ae876e4f2678e0b774d65') in 0.008105 seconds
Number of updated asset objects reloaded before import = 0
Number of asset objects unloaded after import = 3
========================================================================
Received Import Request.
  Time since last request: 0.000019 seconds.
  path: Assets/Pixel2DCastleTileset/Sprites/walls_376.asset
  artifactKey: Guid(a282086154bc4b94183b34c03b7d9098) Importer(815301076,1909f56bfc062723c751e8b465ee728b)
Start importing Assets/Pixel2DCastleTileset/Sprites/walls_376.asset using Guid(a282086154bc4b94183b34c03b7d9098) Importer(815301076,1909f56bfc062723c751e8b465ee728b)  -> (artifact id: 'bd5d944f5d42d8daac37ae4083dcfb4b') in 0.006175 seconds
Number of updated asset objects reloaded before import = 0
Number of asset objects unloaded after import = 3
========================================================================
Received Import Request.
  Time since last request: 0.223819 seconds.
  path: Assets/Pixel2DCastleTileset/Sprites/walls_387.asset
  artifactKey: Guid(ce37311ae066f8f428b8e33d045203e7) Importer(815301076,1909f56bfc062723c751e8b465ee728b)
Start importing Assets/Pixel2DCastleTileset/Sprites/walls_387.asset using Guid(ce37311ae066f8f428b8e33d045203e7) Importer(815301076,1909f56bfc062723c751e8b465ee728b)  -> (artifact id: 'eac3e16b3e86d408009be2f68d8b0727') in 0.009974 seconds
Number of updated asset objects reloaded before import = 0
Number of asset objects unloaded after import = 3
========================================================================
Received Import Request.
  Time since last request: 0.000025 seconds.
  path: Assets/Pixel2DCastleTileset/Sprites/walls_391.asset
  artifactKey: Guid(860ac57d47b15c1419fa8097fb11fc9b) Importer(815301076,1909f56bfc062723c751e8b465ee728b)
Start importing Assets/Pixel2DCastleTileset/Sprites/walls_391.asset using Guid(860ac57d47b15c1419fa8097fb11fc9b) Importer(815301076,1909f56bfc062723c751e8b465ee728b)  -> (artifact id: 'c95b16d7b071f4814da8bfdc17a18161') in 0.005831 seconds
Number of updated asset objects reloaded before import = 0
Number of asset objects unloaded after import = 3
========================================================================
Received Import Request.
  Time since last request: 0.043164 seconds.
  path: Assets/Pixel2DCastleTileset/Sprites/walls_401.asset
  artifactKey: Guid(d2bf18896db6ddc429a1dbf032d4f111) Importer(815301076,1909f56bfc062723c751e8b465ee728b)
Start importing Assets/Pixel2DCastleTileset/Sprites/walls_401.asset using Guid(d2bf18896db6ddc429a1dbf032d4f111) Importer(815301076,1909f56bfc062723c751e8b465ee728b)  -> (artifact id: '24e2a32d3f910aaa74010c7d0a76cbd3') in 0.012891 seconds
Number of updated asset objects reloaded before import = 0
Number of asset objects unloaded after import = 3
========================================================================
Received Import Request.
  Time since last request: 0.000027 seconds.
  path: Assets/Pixel2DCastleTileset/Sprites/walls_408.asset
  artifactKey: Guid(4018b037c13ee634ea83310f5ea36946) Importer(815301076,1909f56bfc062723c751e8b465ee728b)
Start importing Assets/Pixel2DCastleTileset/Sprites/walls_408.asset using Guid(4018b037c13ee634ea83310f5ea36946) Importer(815301076,1909f56bfc062723c751e8b465ee728b)  -> (artifact id: 'b6d2d3d36abd473814b690e2528fd09b') in 0.005788 seconds
Number of updated asset objects reloaded before import = 0
Number of asset objects unloaded after import = 3
========================================================================
Received Import Request.
  Time since last request: 0.000025 seconds.
  path: Assets/Pixel2DCastleTileset/Sprites/walls_404.asset
  artifactKey: Guid(c918fc191ce806245b9ee627e8005b5d) Importer(815301076,1909f56bfc062723c751e8b465ee728b)
Start importing Assets/Pixel2DCastleTileset/Sprites/walls_404.asset using Guid(c918fc191ce806245b9ee627e8005b5d) Importer(815301076,1909f56bfc062723c751e8b465ee728b)  -> (artifact id: 'ae9ae9bfc982a1497848976e3fd3b863') in 0.008129 seconds
Number of updated asset objects reloaded before import = 0
Number of asset objects unloaded after import = 3
========================================================================
Received Import Request.
  Time since last request: 0.051940 seconds.
  path: Assets/Pixel2DCastleTileset/Sprites/walls_415.asset
  artifactKey: Guid(4ee275b2c782dfb469eb9aeeeb04c2a7) Importer(815301076,1909f56bfc062723c751e8b465ee728b)
Start importing Assets/Pixel2DCastleTileset/Sprites/walls_415.asset using Guid(4ee275b2c782dfb469eb9aeeeb04c2a7) Importer(815301076,1909f56bfc062723c751e8b465ee728b)  -> (artifact id: '5a6d4b92add5daf245acf015a973cfb7') in 0.008309 seconds
Number of updated asset objects reloaded before import = 0
Number of asset objects unloaded after import = 3
========================================================================
Received Import Request.
  Time since last request: 0.000018 seconds.
  path: Assets/Pixel2DCastleTileset/Sprites/walls_423.asset
  artifactKey: Guid(03c0bbdaf5c4ef24fbbafc1707cbae40) Importer(815301076,1909f56bfc062723c751e8b465ee728b)
Start importing Assets/Pixel2DCastleTileset/Sprites/walls_423.asset using Guid(03c0bbdaf5c4ef24fbbafc1707cbae40) Importer(815301076,1909f56bfc062723c751e8b465ee728b)  -> (artifact id: '6e434c60e111cd562e7c903128be2ece') in 0.007301 seconds
Number of updated asset objects reloaded before import = 0
Number of asset objects unloaded after import = 3
========================================================================
Received Import Request.
  Time since last request: 0.201230 seconds.
  path: Assets/Pixel2DCastleTileset/Sprites/walls_429.asset
  artifactKey: Guid(7c90584b52456884cb86fb8d8e3a003a) Importer(815301076,1909f56bfc062723c751e8b465ee728b)
Start importing Assets/Pixel2DCastleTileset/Sprites/walls_429.asset using Guid(7c90584b52456884cb86fb8d8e3a003a) Importer(815301076,1909f56bfc062723c751e8b465ee728b)  -> (artifact id: '5a7027797f031dad35f2d1fe29927d7b') in 0.012390 seconds
Number of updated asset objects reloaded before import = 0
Number of asset objects unloaded after import = 3
========================================================================
Received Import Request.
  Time since last request: 0.000018 seconds.
  path: Assets/Pixel2DCastleTileset/Sprites/walls_434.asset
  artifactKey: Guid(71809c901aa9e504aa7fe9d5cf96feff) Importer(815301076,1909f56bfc062723c751e8b465ee728b)
Start importing Assets/Pixel2DCastleTileset/Sprites/walls_434.asset using Guid(71809c901aa9e504aa7fe9d5cf96feff) Importer(815301076,1909f56bfc062723c751e8b465ee728b)  -> (artifact id: 'e72b2cec3ed2c2bc10c42763eb797d9c') in 0.006158 seconds
Number of updated asset objects reloaded before import = 0
Number of asset objects unloaded after import = 3
========================================================================
Received Import Request.
  Time since last request: 0.034188 seconds.
  path: Assets/Pixel2DCastleTileset/Sprites/walls_443.asset
  artifactKey: Guid(f495bff9bc44d1541abe3854d18c1ada) Importer(815301076,1909f56bfc062723c751e8b465ee728b)
Start importing Assets/Pixel2DCastleTileset/Sprites/walls_443.asset using Guid(f495bff9bc44d1541abe3854d18c1ada) Importer(815301076,1909f56bfc062723c751e8b465ee728b)  -> (artifact id: '6c15cd194293ee69ad217e83e0a363fe') in 0.005659 seconds
Number of updated asset objects reloaded before import = 0
Number of asset objects unloaded after import = 3
========================================================================
Received Import Request.
  Time since last request: 0.000020 seconds.
  path: Assets/Pixel2DCastleTileset/Sprites/walls_447.asset
  artifactKey: Guid(0e62c9d68299ed149aac779c5965d95c) Importer(815301076,1909f56bfc062723c751e8b465ee728b)
Start importing Assets/Pixel2DCastleTileset/Sprites/walls_447.asset using Guid(0e62c9d68299ed149aac779c5965d95c) Importer(815301076,1909f56bfc062723c751e8b465ee728b)  -> (artifact id: 'f8c74684f1e11a8681cd94ed31ea04bb') in 0.006395 seconds
Number of updated asset objects reloaded before import = 0
Number of asset objects unloaded after import = 3
========================================================================
Received Import Request.
  Time since last request: 0.079178 seconds.
  path: Assets/Pixel2DCastleTileset/Sprites/walls_457.asset
  artifactKey: Guid(97de6c656f0c1864ba8f2b6e26e04c80) Importer(815301076,1909f56bfc062723c751e8b465ee728b)
Start importing Assets/Pixel2DCastleTileset/Sprites/walls_457.asset using Guid(97de6c656f0c1864ba8f2b6e26e04c80) Importer(815301076,1909f56bfc062723c751e8b465ee728b)  -> (artifact id: '0317382aeb802e6bdffffc1c3e4671f9') in 0.008284 seconds
Number of updated asset objects reloaded before import = 0
Number of asset objects unloaded after import = 3
========================================================================
Received Import Request.
  Time since last request: 0.000018 seconds.
  path: Assets/Pixel2DCastleTileset/Sprites/walls_463.asset
  artifactKey: Guid(e1504f57e28a5874f900e52b14d5c7c1) Importer(815301076,1909f56bfc062723c751e8b465ee728b)
Start importing Assets/Pixel2DCastleTileset/Sprites/walls_463.asset using Guid(e1504f57e28a5874f900e52b14d5c7c1) Importer(815301076,1909f56bfc062723c751e8b465ee728b)  -> (artifact id: '64435b283f0703d68de1e8f212f89417') in 0.007109 seconds
Number of updated asset objects reloaded before import = 0
Number of asset objects unloaded after import = 3
========================================================================
Received Import Request.
  Time since last request: 0.077176 seconds.
  path: Assets/Pixel2DCastleTileset/Sprites/walls_471.asset
  artifactKey: Guid(601e94f94289b9d448845113515b2b4b) Importer(815301076,1909f56bfc062723c751e8b465ee728b)
Start importing Assets/Pixel2DCastleTileset/Sprites/walls_471.asset using Guid(601e94f94289b9d448845113515b2b4b) Importer(815301076,1909f56bfc062723c751e8b465ee728b)  -> (artifact id: '13815538dcf6477f541b71ec29942e3d') in 0.006762 seconds
Number of updated asset objects reloaded before import = 0
Number of asset objects unloaded after import = 3
========================================================================
Received Import Request.
  Time since last request: 0.000014 seconds.
  path: Assets/Pixel2DCastleTileset/Sprites/walls_480.asset
  artifactKey: Guid(81eeee0440d29f448b158d9a26597e81) Importer(815301076,1909f56bfc062723c751e8b465ee728b)
Start importing Assets/Pixel2DCastleTileset/Sprites/walls_480.asset using Guid(81eeee0440d29f448b158d9a26597e81) Importer(815301076,1909f56bfc062723c751e8b465ee728b)  -> (artifact id: 'd18fb310ff858a22ec93213396dafd8b') in 0.008237 seconds
Number of updated asset objects reloaded before import = 0
Number of asset objects unloaded after import = 3
========================================================================
Received Import Request.
  Time since last request: 0.000022 seconds.
  path: Assets/Pixel2DCastleTileset/Sprites/walls_479.asset
  artifactKey: Guid(0c6a457f7bfcba247ba556d35d25dc61) Importer(815301076,1909f56bfc062723c751e8b465ee728b)
Start importing Assets/Pixel2DCastleTileset/Sprites/walls_479.asset using Guid(0c6a457f7bfcba247ba556d35d25dc61) Importer(815301076,1909f56bfc062723c751e8b465ee728b)  -> (artifact id: 'abff89034a6302d9a0e6d10482017752') in 0.006136 seconds
Number of updated asset objects reloaded before import = 0
Number of asset objects unloaded after import = 3
========================================================================
Received Import Request.
  Time since last request: 0.041528 seconds.
  path: Assets/Pixel2DCastleTileset/Sprites/walls_485.asset
  artifactKey: Guid(01fdb7e35c4342644aaabbbef7ae08e2) Importer(815301076,1909f56bfc062723c751e8b465ee728b)
Start importing Assets/Pixel2DCastleTileset/Sprites/walls_485.asset using Guid(01fdb7e35c4342644aaabbbef7ae08e2) Importer(815301076,1909f56bfc062723c751e8b465ee728b)  -> (artifact id: 'b42d6c0e8b828a7b04cde001af6ddd87') in 0.007504 seconds
Number of updated asset objects reloaded before import = 0
Number of asset objects unloaded after import = 3
========================================================================
Received Import Request.
  Time since last request: 0.000021 seconds.
  path: Assets/Pixel2DCastleTileset/Sprites/walls_489.asset
  artifactKey: Guid(c8df7f8e75251174c8b1cc3ac9a7347e) Importer(815301076,1909f56bfc062723c751e8b465ee728b)
Start importing Assets/Pixel2DCastleTileset/Sprites/walls_489.asset using Guid(c8df7f8e75251174c8b1cc3ac9a7347e) Importer(815301076,1909f56bfc062723c751e8b465ee728b)  -> (artifact id: 'ec31efb23da8b33b13343598f7d512d4') in 0.007001 seconds
Number of updated asset objects reloaded before import = 0
Number of asset objects unloaded after import = 3
========================================================================
Received Import Request.
  Time since last request: 0.118111 seconds.
  path: Assets/Pixel2DCastleTileset/Sprites/walls_499.asset
  artifactKey: Guid(78e0806a0beb9074abf4d16309bbe185) Importer(815301076,1909f56bfc062723c751e8b465ee728b)
Start importing Assets/Pixel2DCastleTileset/Sprites/walls_499.asset using Guid(78e0806a0beb9074abf4d16309bbe185) Importer(815301076,1909f56bfc062723c751e8b465ee728b)  -> (artifact id: 'e7ff6d2b346aad30a8cef4c076f482b2') in 0.007427 seconds
Number of updated asset objects reloaded before import = 0
Number of asset objects unloaded after import = 3
========================================================================
Received Import Request.
  Time since last request: 0.000016 seconds.
  path: Assets/Pixel2DCastleTileset/Sprites/walls_507.asset
  artifactKey: Guid(5a770ae890c896c4f88ebef1e093b8c7) Importer(815301076,1909f56bfc062723c751e8b465ee728b)
Start importing Assets/Pixel2DCastleTileset/Sprites/walls_507.asset using Guid(5a770ae890c896c4f88ebef1e093b8c7) Importer(815301076,1909f56bfc062723c751e8b465ee728b)  -> (artifact id: '1ff315552ed017e4002fdeb0d4a8d30f') in 0.021302 seconds
Number of updated asset objects reloaded before import = 0
Number of asset objects unloaded after import = 3
========================================================================
Received Import Request.
  Time since last request: 0.023179 seconds.
  path: Assets/Pixel2DCastleTileset/Sprites/walls_513.asset
  artifactKey: Guid(969b926819afa58409d567fba9f1270b) Importer(815301076,1909f56bfc062723c751e8b465ee728b)
Start importing Assets/Pixel2DCastleTileset/Sprites/walls_513.asset using Guid(969b926819afa58409d567fba9f1270b) Importer(815301076,1909f56bfc062723c751e8b465ee728b)  -> (artifact id: '025d6ad785fad569fd68c31f1331f8b9') in 0.006970 seconds
Number of updated asset objects reloaded before import = 0
Number of asset objects unloaded after import = 3
========================================================================
Received Import Request.
  Time since last request: 0.000018 seconds.
  path: Assets/Pixel2DCastleTileset/Sprites/walls_518.asset
  artifactKey: Guid(8cd2e08752b8a1a4d856deed74522f23) Importer(815301076,1909f56bfc062723c751e8b465ee728b)
Start importing Assets/Pixel2DCastleTileset/Sprites/walls_518.asset using Guid(8cd2e08752b8a1a4d856deed74522f23) Importer(815301076,1909f56bfc062723c751e8b465ee728b)  -> (artifact id: 'b0b8a4c371b3d484ebf5a5916cc09215') in 0.007793 seconds
Number of updated asset objects reloaded before import = 0
Number of asset objects unloaded after import = 3
========================================================================
Received Import Request.
  Time since last request: 0.020878 seconds.
  path: Assets/Pixel2DCastleTileset/Sprites/walls_527.asset
  artifactKey: Guid(ab86299f4d8b353499bc623bab84adb7) Importer(815301076,1909f56bfc062723c751e8b465ee728b)
Start importing Assets/Pixel2DCastleTileset/Sprites/walls_527.asset using Guid(ab86299f4d8b353499bc623bab84adb7) Importer(815301076,1909f56bfc062723c751e8b465ee728b)  -> (artifact id: '159198df738bfea9dd69405fd74348c9') in 0.006892 seconds
Number of updated asset objects reloaded before import = 0
Number of asset objects unloaded after import = 3
========================================================================
Received Import Request.
  Time since last request: 0.000023 seconds.
  path: Assets/Pixel2DCastleTileset/Sprites/walls_536.asset
  artifactKey: Guid(077e15e8e57e8c148b7884fe8a7cc12b) Importer(815301076,1909f56bfc062723c751e8b465ee728b)
Start importing Assets/Pixel2DCastleTileset/Sprites/walls_536.asset using Guid(077e15e8e57e8c148b7884fe8a7cc12b) Importer(815301076,1909f56bfc062723c751e8b465ee728b)  -> (artifact id: 'cd03edcbb544cb7a81e9c5bd7926fd16') in 0.006438 seconds
Number of updated asset objects reloaded before import = 0
Number of asset objects unloaded after import = 3
========================================================================
Received Import Request.
  Time since last request: 0.357390 seconds.
  path: Assets/Pixel2DCastleTileset/Sprites/walls_541.asset
  artifactKey: Guid(2a3a0b52b9af97c45af777bf5780edf3) Importer(815301076,1909f56bfc062723c751e8b465ee728b)
Start importing Assets/Pixel2DCastleTileset/Sprites/walls_541.asset using Guid(2a3a0b52b9af97c45af777bf5780edf3) Importer(815301076,1909f56bfc062723c751e8b465ee728b)  -> (artifact id: 'f281e74e0599f4fd6b38f21d90ba6bea') in 0.005997 seconds
Number of updated asset objects reloaded before import = 0
Number of asset objects unloaded after import = 3
========================================================================
Received Import Request.
  Time since last request: 0.000018 seconds.
  path: Assets/Pixel2DCastleTileset/Sprites/walls_546.asset
  artifactKey: Guid(ebe0ad709b70224408cb44d811439d91) Importer(815301076,1909f56bfc062723c751e8b465ee728b)
Start importing Assets/Pixel2DCastleTileset/Sprites/walls_546.asset using Guid(ebe0ad709b70224408cb44d811439d91) Importer(815301076,1909f56bfc062723c751e8b465ee728b)  -> (artifact id: '59eb220b2f5d12b695e86e1fdd6d0f74') in 0.007258 seconds
Number of updated asset objects reloaded before import = 0
Number of asset objects unloaded after import = 3
========================================================================
Received Import Request.
  Time since last request: 0.081850 seconds.
  path: Assets/Pixel2DCastleTileset/Sprites/walls_555.asset
  artifactKey: Guid(ff4f9aa3420e58b47a5a1fd899ae5991) Importer(815301076,1909f56bfc062723c751e8b465ee728b)
Start importing Assets/Pixel2DCastleTileset/Sprites/walls_555.asset using Guid(ff4f9aa3420e58b47a5a1fd899ae5991) Importer(815301076,1909f56bfc062723c751e8b465ee728b)  -> (artifact id: 'cafdbd3b8cd4dd5b32f30f0be0e2d95a') in 0.006152 seconds
Number of updated asset objects reloaded before import = 0
Number of asset objects unloaded after import = 3
========================================================================
Received Import Request.
  Time since last request: 16.327820 seconds.
  path: Assets/Pack 01 (Pixel Art)/PNG/Wall pipes.png
  artifactKey: Guid(398d3e8db54796d41954b21d1e177690) Importer(815301076,1909f56bfc062723c751e8b465ee728b)
Start importing Assets/Pack 01 (Pixel Art)/PNG/Wall pipes.png using Guid(398d3e8db54796d41954b21d1e177690) Importer(815301076,1909f56bfc062723c751e8b465ee728b)  -> (artifact id: '2d9c505261e09c84e235fc08102bb852') in 0.039739 seconds
Number of updated asset objects reloaded before import = 0
Number of asset objects unloaded after import = 3
========================================================================
Received Import Request.
  Time since last request: 0.023950 seconds.
  path: Assets/Pack 01 (Pixel Art)/PNG/Wall 1.png
  artifactKey: Guid(71c827a27a3af0949835cc42d8db8661) Importer(815301076,1909f56bfc062723c751e8b465ee728b)
Start importing Assets/Pack 01 (Pixel Art)/PNG/Wall 1.png using Guid(71c827a27a3af0949835cc42d8db8661) Importer(815301076,1909f56bfc062723c751e8b465ee728b)  -> (artifact id: '239a12a94db7f92d9e11fcd33ee704aa') in 0.023737 seconds
Number of updated asset objects reloaded before import = 0
Number of asset objects unloaded after import = 3
========================================================================
Received Import Request.
  Time since last request: 0.003447 seconds.
  path: Assets/Pack 01 (Pixel Art)/PNG/Wall 5.png
  artifactKey: Guid(a9c0d40d5013823409cc8657ccd50861) Importer(815301076,1909f56bfc062723c751e8b465ee728b)
Start importing Assets/Pack 01 (Pixel Art)/PNG/Wall 5.png using Guid(a9c0d40d5013823409cc8657ccd50861) Importer(815301076,1909f56bfc062723c751e8b465ee728b)  -> (artifact id: 'd275d901387ad10332ba374dabd0e44e') in 0.022219 seconds
Number of updated asset objects reloaded before import = 0
Number of asset objects unloaded after import = 3
========================================================================
Received Import Request.
  Time since last request: 0.001400 seconds.
  path: Assets/Pack 01 (Pixel Art)/PNG/Wall cover.png
  artifactKey: Guid(e72e1dd666f86444aa468b20e7c26092) Importer(815301076,1909f56bfc062723c751e8b465ee728b)
Start importing Assets/Pack 01 (Pixel Art)/PNG/Wall cover.png using Guid(e72e1dd666f86444aa468b20e7c26092) Importer(815301076,1909f56bfc062723c751e8b465ee728b)  -> (artifact id: '7d670b9b05e258da2d29f5b5bf7e9780') in 0.025171 seconds
Number of updated asset objects reloaded before import = 0
Number of asset objects unloaded after import = 3
========================================================================
Received Import Request.
  Time since last request: 74.694222 seconds.
  path: Assets/Pixel2DCastleTileset/Sprites/walls_far_1.asset
  artifactKey: Guid(b265c0523508d914cb257a622a5c4382) Importer(815301076,1909f56bfc062723c751e8b465ee728b)
Start importing Assets/Pixel2DCastleTileset/Sprites/walls_far_1.asset using Guid(b265c0523508d914cb257a622a5c4382) Importer(815301076,1909f56bfc062723c751e8b465ee728b)  -> (artifact id: 'd1ce9063a24594a4f273f8957a074a74') in 0.006612 seconds
Number of updated asset objects reloaded before import = 0
Number of asset objects unloaded after import = 3
========================================================================
Received Import Request.
  Time since last request: 0.016238 seconds.
  path: Assets/Pixel2DCastleTileset/Sprites/walls_far_4.asset
  artifactKey: Guid(d05c21854a7be45468bd91575e15a3d5) Importer(815301076,1909f56bfc062723c751e8b465ee728b)
Start importing Assets/Pixel2DCastleTileset/Sprites/walls_far_4.asset using Guid(d05c21854a7be45468bd91575e15a3d5) Importer(815301076,1909f56bfc062723c751e8b465ee728b)  -> (artifact id: 'c5925e8f091df27bc58171ac7250b577') in 0.009530 seconds
Number of updated asset objects reloaded before import = 0
Number of asset objects unloaded after import = 3
========================================================================
Received Import Request.
  Time since last request: 0.000020 seconds.
  path: Assets/Pixel2DCastleTileset/Sprites/walls_far_7.asset
  artifactKey: Guid(87c8d43159c048f4f89c3c41079bf7a7) Importer(815301076,1909f56bfc062723c751e8b465ee728b)
Start importing Assets/Pixel2DCastleTileset/Sprites/walls_far_7.asset using Guid(87c8d43159c048f4f89c3c41079bf7a7) Importer(815301076,1909f56bfc062723c751e8b465ee728b)  -> (artifact id: '83aa8d55b6c43b2a583c111c9b699a7c') in 0.006996 seconds
Number of updated asset objects reloaded before import = 0
Number of asset objects unloaded after import = 3
Editor requested this worker to shutdown with reason: Scaling down because of idle timeout
TcpMessagingSession - receive error: operation aborted. errorcode: 995, details: A operao de E/S foi anulada devido a uma sada de thread ou a uma requisio de aplicativo.
AssetImportWorker is now disconnected from the server
Process exiting
Exiting without the bug reporter. Application will terminate with return code 0